[2025-08-23T16:53:14.681+0000] {local_task_job_runner.py:123} INFO - ::group::Pre task execution logs
[2025-08-23T16:53:14.687+0000] {taskinstance.py:2612} INFO - Dependencies all met for dep_context=non-requeueable deps ti=<TaskInstance: espn_news_pipeline.dbt_run manual__2025-08-23T16:52:58.123938+00:00 [queued]>
[2025-08-23T16:53:14.690+0000] {taskinstance.py:2612} INFO - Dependencies all met for dep_context=requeueable deps ti=<TaskInstance: espn_news_pipeline.dbt_run manual__2025-08-23T16:52:58.123938+00:00 [queued]>
[2025-08-23T16:53:14.690+0000] {taskinstance.py:2865} INFO - Starting attempt 1 of 1
[2025-08-23T16:53:14.694+0000] {taskinstance.py:2888} INFO - Executing <Task(BashOperator): dbt_run> on 2025-08-23 16:52:58.123938+00:00
[2025-08-23T16:53:14.696+0000] {standard_task_runner.py:72} INFO - Started process 1990 to run task
[2025-08-23T16:53:14.698+0000] {standard_task_runner.py:104} INFO - Running: ['***', 'tasks', 'run', 'espn_news_pipeline', 'dbt_run', 'manual__2025-08-23T16:52:58.123938+00:00', '--job-id', '43', '--raw', '--subdir', 'DAGS_FOLDER/news_pipeline.py', '--cfg-path', '/tmp/tmpbtv44eos']
[2025-08-23T16:53:14.699+0000] {standard_task_runner.py:105} INFO - Job 43: Subtask dbt_run
[2025-08-23T16:53:14.721+0000] {task_command.py:467} INFO - Running <TaskInstance: espn_news_pipeline.dbt_run manual__2025-08-23T16:52:58.123938+00:00 [running]> on host 9594dc760a36
[2025-08-23T16:53:14.763+0000] {taskinstance.py:3131} INFO - Exporting env vars: AIRFLOW_CTX_DAG_OWNER='***' AIRFLOW_CTX_DAG_ID='espn_news_pipeline' AIRFLOW_CTX_TASK_ID='dbt_run' AIRFLOW_CTX_EXECUTION_DATE='2025-08-23T16:52:58.123938+00:00' AIRFLOW_CTX_TRY_NUMBER='1' AIRFLOW_CTX_DAG_RUN_ID='manual__2025-08-23T16:52:58.123938+00:00'
[2025-08-23T16:53:14.763+0000] {taskinstance.py:731} INFO - ::endgroup::
[2025-08-23T16:53:14.768+0000] {subprocess.py:63} INFO - Tmp dir root location: /tmp
[2025-08-23T16:53:14.768+0000] {subprocess.py:75} INFO - Running command: ['/usr/bin/bash', '-c', 'cd $DBT_PROJECT_DIR && /home/***/.local/bin/dbt run']
[2025-08-23T16:53:14.771+0000] {subprocess.py:86} INFO - Output:
[2025-08-23T16:53:15.637+0000] {subprocess.py:93} INFO - [0m16:53:15  Running with dbt=1.8.6
[2025-08-23T16:53:16.077+0000] {subprocess.py:93} INFO - [0m16:53:16  Registered adapter: snowflake=1.8.3
[2025-08-23T16:53:16.192+0000] {subprocess.py:93} INFO - [0m16:53:16  [[33mWARNING[0m]: Configuration paths exist in your dbt_project.yml file which do not apply to any resources.
[2025-08-23T16:53:16.192+0000] {subprocess.py:93} INFO - There are 1 unused configuration paths:
[2025-08-23T16:53:16.192+0000] {subprocess.py:93} INFO - - models.espn_project.example
[2025-08-23T16:53:16.247+0000] {subprocess.py:93} INFO - [0m16:53:16  Found 7 models, 459 macros
[2025-08-23T16:53:16.249+0000] {subprocess.py:93} INFO - [0m16:53:16
[2025-08-23T16:53:18.440+0000] {subprocess.py:93} INFO - [0m16:53:18  Concurrency: 4 threads (target='dev')
[2025-08-23T16:53:18.441+0000] {subprocess.py:93} INFO - [0m16:53:18
[2025-08-23T16:53:18.456+0000] {subprocess.py:93} INFO - [0m16:53:18  1 of 7 START sql view model MODELS.stg_news_raw ................................ [RUN]
[2025-08-23T16:53:19.317+0000] {subprocess.py:93} INFO - [0m16:53:19  1 of 7 OK created sql view model MODELS.stg_news_raw ........................... [[32mSUCCESS 1[0m in 0.86s]
[2025-08-23T16:53:19.320+0000] {subprocess.py:93} INFO - [0m16:53:19  2 of 7 START sql view model MODELS.articles_raw ................................ [RUN]
[2025-08-23T16:53:20.100+0000] {subprocess.py:93} INFO - [0m16:53:20  2 of 7 OK created sql view model MODELS.articles_raw ........................... [[32mSUCCESS 1[0m in 0.78s]
[2025-08-23T16:53:20.102+0000] {subprocess.py:93} INFO - [0m16:53:20  3 of 7 START sql table model MODELS.articles ................................... [RUN]
[2025-08-23T16:53:20.103+0000] {subprocess.py:93} INFO - [0m16:53:20  4 of 7 START sql view model MODELS.categories_raw .............................. [RUN]
[2025-08-23T16:53:20.103+0000] {subprocess.py:93} INFO - [0m16:53:20  5 of 7 START sql table model MODELS.images ..................................... [RUN]
[2025-08-23T16:53:20.103+0000] {subprocess.py:93} INFO - [0m16:53:20  6 of 7 START sql table model MODELS.links ...................................... [RUN]
[2025-08-23T16:53:20.878+0000] {subprocess.py:93} INFO - [0m16:53:20  4 of 7 OK created sql view model MODELS.categories_raw ......................... [[32mSUCCESS 1[0m in 0.77s]
[2025-08-23T16:53:20.881+0000] {subprocess.py:93} INFO - [0m16:53:20  7 of 7 START sql table model MODELS.categories ................................. [RUN]
[2025-08-23T16:53:22.281+0000] {subprocess.py:93} INFO - [0m16:53:22  6 of 7 OK created sql table model MODELS.links ................................. [[32mSUCCESS 1[0m in 2.17s]
[2025-08-23T16:53:22.425+0000] {subprocess.py:93} INFO - [0m16:53:22  5 of 7 OK created sql table model MODELS.images ................................ [[32mSUCCESS 1[0m in 2.31s]
[2025-08-23T16:53:22.523+0000] {subprocess.py:93} INFO - [0m16:53:22  7 of 7 OK created sql table model MODELS.categories ............................ [[32mSUCCESS 1[0m in 1.64s]
[2025-08-23T16:53:22.696+0000] {subprocess.py:93} INFO - [0m16:53:22  3 of 7 OK created sql table model MODELS.articles .............................. [[32mSUCCESS 1[0m in 2.59s]
[2025-08-23T16:53:22.703+0000] {subprocess.py:93} INFO - [0m16:53:22
[2025-08-23T16:53:22.703+0000] {subprocess.py:93} INFO - [0m16:53:22  Finished running 3 view models, 4 table models in 0 hours 0 minutes and 6.45 seconds (6.45s).
[2025-08-23T16:53:22.739+0000] {subprocess.py:93} INFO - [0m16:53:22
[2025-08-23T16:53:22.739+0000] {subprocess.py:93} INFO - [0m16:53:22  [32mCompleted successfully[0m
[2025-08-23T16:53:22.740+0000] {subprocess.py:93} INFO - [0m16:53:22
[2025-08-23T16:53:22.740+0000] {subprocess.py:93} INFO - [0m16:53:22  Done. PASS=7 WARN=0 ERROR=0 SKIP=0 TOTAL=7
[2025-08-23T16:53:23.460+0000] {subprocess.py:97} INFO - Command exited with return code 0
[2025-08-23T16:53:23.475+0000] {taskinstance.py:340} INFO - ::group::Post task execution logs
[2025-08-23T16:53:23.475+0000] {taskinstance.py:352} INFO - Marking task as SUCCESS. dag_id=espn_news_pipeline, task_id=dbt_run, run_id=manual__2025-08-23T16:52:58.123938+00:00, execution_date=20250823T165258, start_date=20250823T165314, end_date=20250823T165323
[2025-08-23T16:53:23.491+0000] {local_task_job_runner.py:266} INFO - Task exited with return code 0
[2025-08-23T16:53:23.500+0000] {taskinstance.py:3900} INFO - 1 downstream tasks scheduled from follow-on schedule check
[2025-08-23T16:53:23.501+0000] {local_task_job_runner.py:245} INFO - ::endgroup::
