[2025-08-22T17:17:48.152+0000] {local_task_job_runner.py:123} INFO - ::group::Pre task execution logs
[2025-08-22T17:17:48.158+0000] {taskinstance.py:2612} INFO - Dependencies all met for dep_context=non-requeueable deps ti=<TaskInstance: espn_news_pipeline.dbt_setup manual__2025-08-22T17:17:39.761959+00:00 [queued]>
[2025-08-22T17:17:48.161+0000] {taskinstance.py:2612} INFO - Dependencies all met for dep_context=requeueable deps ti=<TaskInstance: espn_news_pipeline.dbt_setup manual__2025-08-22T17:17:39.761959+00:00 [queued]>
[2025-08-22T17:17:48.161+0000] {taskinstance.py:2865} INFO - Starting attempt 1 of 1
[2025-08-22T17:17:48.165+0000] {taskinstance.py:2888} INFO - Executing <Task(BashOperator): dbt_setup> on 2025-08-22 17:17:39.761959+00:00
[2025-08-22T17:17:48.167+0000] {standard_task_runner.py:72} INFO - Started process 146 to run task
[2025-08-22T17:17:48.169+0000] {standard_task_runner.py:104} INFO - Running: ['***', 'tasks', 'run', 'espn_news_pipeline', 'dbt_setup', 'manual__2025-08-22T17:17:39.761959+00:00', '--job-id', '22', '--raw', '--subdir', 'DAGS_FOLDER/news_pipeline.py', '--cfg-path', '/tmp/tmp5gknnmad']
[2025-08-22T17:17:48.170+0000] {standard_task_runner.py:105} INFO - Job 22: Subtask dbt_setup
[2025-08-22T17:17:48.189+0000] {task_command.py:467} INFO - Running <TaskInstance: espn_news_pipeline.dbt_setup manual__2025-08-22T17:17:39.761959+00:00 [running]> on host 9594dc760a36
[2025-08-22T17:17:48.217+0000] {taskinstance.py:3131} INFO - Exporting env vars: AIRFLOW_CTX_DAG_OWNER='***' AIRFLOW_CTX_DAG_ID='espn_news_pipeline' AIRFLOW_CTX_TASK_ID='dbt_setup' AIRFLOW_CTX_EXECUTION_DATE='2025-08-22T17:17:39.761959+00:00' AIRFLOW_CTX_TRY_NUMBER='1' AIRFLOW_CTX_DAG_RUN_ID='manual__2025-08-22T17:17:39.761959+00:00'
[2025-08-22T17:17:48.217+0000] {taskinstance.py:731} INFO - ::endgroup::
[2025-08-22T17:17:48.222+0000] {subprocess.py:63} INFO - Tmp dir root location: /tmp
[2025-08-22T17:17:48.222+0000] {subprocess.py:75} INFO - Running command: ['/usr/bin/bash', '-c', 'cd $DBT_PROJECT_DIR && /home/***/.local/bin/dbt deps']
[2025-08-22T17:17:48.225+0000] {subprocess.py:86} INFO - Output:
[2025-08-22T17:17:49.065+0000] {subprocess.py:93} INFO - [0m17:17:49  Running with dbt=1.8.6
[2025-08-22T17:17:49.113+0000] {subprocess.py:93} INFO - [0m17:17:49  Warning: No packages were found in packages.yml
[2025-08-22T17:17:49.114+0000] {subprocess.py:93} INFO - [0m17:17:49  Warning: No packages were found in packages.yml
[2025-08-22T17:17:49.574+0000] {subprocess.py:97} INFO - Command exited with return code 0
[2025-08-22T17:17:49.587+0000] {taskinstance.py:340} INFO - ::group::Post task execution logs
[2025-08-22T17:17:49.587+0000] {taskinstance.py:352} INFO - Marking task as SUCCESS. dag_id=espn_news_pipeline, task_id=dbt_setup, run_id=manual__2025-08-22T17:17:39.761959+00:00, execution_date=20250822T171739, start_date=20250822T171748, end_date=20250822T171749
[2025-08-22T17:17:49.620+0000] {local_task_job_runner.py:266} INFO - Task exited with return code 0
[2025-08-22T17:17:49.631+0000] {taskinstance.py:3900} INFO - 1 downstream tasks scheduled from follow-on schedule check
[2025-08-22T17:17:49.632+0000] {local_task_job_runner.py:245} INFO - ::endgroup::
