[2025-08-22T17:37:50.460+0000] {local_task_job_runner.py:123} INFO - ::group::Pre task execution logs
[2025-08-22T17:37:50.467+0000] {taskinstance.py:2612} INFO - Dependencies all met for dep_context=non-requeueable deps ti=<TaskInstance: espn_news_pipeline.dbt_run manual__2025-08-22T17:37:37.672595+00:00 [queued]>
[2025-08-22T17:37:50.470+0000] {taskinstance.py:2612} INFO - Dependencies all met for dep_context=requeueable deps ti=<TaskInstance: espn_news_pipeline.dbt_run manual__2025-08-22T17:37:37.672595+00:00 [queued]>
[2025-08-22T17:37:50.470+0000] {taskinstance.py:2865} INFO - Starting attempt 1 of 1
[2025-08-22T17:37:50.474+0000] {taskinstance.py:2888} INFO - Executing <Task(BashOperator): dbt_run> on 2025-08-22 17:37:37.672595+00:00
[2025-08-22T17:37:50.477+0000] {standard_task_runner.py:72} INFO - Started process 467 to run task
[2025-08-22T17:37:50.478+0000] {standard_task_runner.py:104} INFO - Running: ['***', 'tasks', 'run', 'espn_news_pipeline', 'dbt_run', 'manual__2025-08-22T17:37:37.672595+00:00', '--job-id', '31', '--raw', '--subdir', 'DAGS_FOLDER/news_pipeline.py', '--cfg-path', '/tmp/tmpdc53htj5']
[2025-08-22T17:37:50.479+0000] {standard_task_runner.py:105} INFO - Job 31: Subtask dbt_run
[2025-08-22T17:37:50.500+0000] {task_command.py:467} INFO - Running <TaskInstance: espn_news_pipeline.dbt_run manual__2025-08-22T17:37:37.672595+00:00 [running]> on host 9594dc760a36
[2025-08-22T17:37:50.533+0000] {taskinstance.py:3131} INFO - Exporting env vars: AIRFLOW_CTX_DAG_OWNER='***' AIRFLOW_CTX_DAG_ID='espn_news_pipeline' AIRFLOW_CTX_TASK_ID='dbt_run' AIRFLOW_CTX_EXECUTION_DATE='2025-08-22T17:37:37.672595+00:00' AIRFLOW_CTX_TRY_NUMBER='1' AIRFLOW_CTX_DAG_RUN_ID='manual__2025-08-22T17:37:37.672595+00:00'
[2025-08-22T17:37:50.533+0000] {taskinstance.py:731} INFO - ::endgroup::
[2025-08-22T17:37:50.538+0000] {subprocess.py:63} INFO - Tmp dir root location: /tmp
[2025-08-22T17:37:50.538+0000] {subprocess.py:75} INFO - Running command: ['/usr/bin/bash', '-c', 'cd $DBT_PROJECT_DIR && /home/***/.local/bin/dbt run']
[2025-08-22T17:37:50.542+0000] {subprocess.py:86} INFO - Output:
[2025-08-22T17:37:51.499+0000] {subprocess.py:93} INFO - [0m17:37:51  Running with dbt=1.8.6
[2025-08-22T17:37:51.918+0000] {subprocess.py:93} INFO - [0m17:37:51  Registered adapter: snowflake=1.8.3
[2025-08-22T17:37:52.006+0000] {subprocess.py:93} INFO - [0m17:37:52  [[33mWARNING[0m]: Configuration paths exist in your dbt_project.yml file which do not apply to any resources.
[2025-08-22T17:37:52.007+0000] {subprocess.py:93} INFO - There are 1 unused configuration paths:
[2025-08-22T17:37:52.007+0000] {subprocess.py:93} INFO - - models.espn_project.example
[2025-08-22T17:37:52.054+0000] {subprocess.py:93} INFO - [0m17:37:52  Found 7 models, 459 macros
[2025-08-22T17:37:52.055+0000] {subprocess.py:93} INFO - [0m17:37:52
[2025-08-22T17:37:53.211+0000] {subprocess.py:93} INFO - [0m17:37:53  Concurrency: 4 threads (target='dev')
[2025-08-22T17:37:53.212+0000] {subprocess.py:93} INFO - [0m17:37:53
[2025-08-22T17:37:53.223+0000] {subprocess.py:93} INFO - [0m17:37:53  1 of 7 START sql view model PUBLIC.stg_news_raw ................................ [RUN]
[2025-08-22T17:37:54.280+0000] {subprocess.py:93} INFO - [0m17:37:54  1 of 7 OK created sql view model PUBLIC.stg_news_raw ........................... [[32mSUCCESS 1[0m in 1.05s]
[2025-08-22T17:37:54.282+0000] {subprocess.py:93} INFO - [0m17:37:54  2 of 7 START sql view model PUBLIC.articles_raw ................................ [RUN]
[2025-08-22T17:37:55.663+0000] {subprocess.py:93} INFO - [0m17:37:55  2 of 7 OK created sql view model PUBLIC.articles_raw ........................... [[32mSUCCESS 1[0m in 1.38s]
[2025-08-22T17:37:55.667+0000] {subprocess.py:93} INFO - [0m17:37:55  3 of 7 START sql table model PUBLIC.articles ................................... [RUN]
[2025-08-22T17:37:55.668+0000] {subprocess.py:93} INFO - [0m17:37:55  4 of 7 START sql view model PUBLIC.categories_raw .............................. [RUN]
[2025-08-22T17:37:55.669+0000] {subprocess.py:93} INFO - [0m17:37:55  5 of 7 START sql table model PUBLIC.images ..................................... [RUN]
[2025-08-22T17:37:55.671+0000] {subprocess.py:93} INFO - [0m17:37:55  6 of 7 START sql table model PUBLIC.links ...................................... [RUN]
[2025-08-22T17:37:56.539+0000] {subprocess.py:93} INFO - [0m17:37:56  4 of 7 OK created sql view model PUBLIC.categories_raw ......................... [[32mSUCCESS 1[0m in 0.86s]
[2025-08-22T17:37:56.540+0000] {subprocess.py:93} INFO - [0m17:37:56  7 of 7 START sql table model PUBLIC.categories ................................. [RUN]
[2025-08-22T17:37:57.195+0000] {subprocess.py:93} INFO - [0m17:37:57  3 of 7 OK created sql table model PUBLIC.articles .............................. [[32mSUCCESS 1[0m in 1.52s]
[2025-08-22T17:37:57.330+0000] {subprocess.py:93} INFO - [0m17:37:57  6 of 7 OK created sql table model PUBLIC.links ................................. [[32mSUCCESS 1[0m in 1.65s]
[2025-08-22T17:37:57.338+0000] {subprocess.py:93} INFO - [0m17:37:57  5 of 7 OK created sql table model PUBLIC.images ................................ [[32mSUCCESS 1[0m in 1.66s]
[2025-08-22T17:37:58.442+0000] {subprocess.py:93} INFO - [0m17:37:58  7 of 7 OK created sql table model PUBLIC.categories ............................ [[32mSUCCESS 1[0m in 1.90s]
[2025-08-22T17:37:58.451+0000] {subprocess.py:93} INFO - [0m17:37:58
[2025-08-22T17:37:58.452+0000] {subprocess.py:93} INFO - [0m17:37:58  Finished running 3 view models, 4 table models in 0 hours 0 minutes and 6.40 seconds (6.40s).
[2025-08-22T17:37:58.487+0000] {subprocess.py:93} INFO - [0m17:37:58
[2025-08-22T17:37:58.487+0000] {subprocess.py:93} INFO - [0m17:37:58  [32mCompleted successfully[0m
[2025-08-22T17:37:58.488+0000] {subprocess.py:93} INFO - [0m17:37:58
[2025-08-22T17:37:58.488+0000] {subprocess.py:93} INFO - [0m17:37:58  Done. PASS=7 WARN=0 ERROR=0 SKIP=0 TOTAL=7
[2025-08-22T17:37:59.072+0000] {subprocess.py:97} INFO - Command exited with return code 0
[2025-08-22T17:37:59.088+0000] {taskinstance.py:340} INFO - ::group::Post task execution logs
[2025-08-22T17:37:59.088+0000] {taskinstance.py:352} INFO - Marking task as SUCCESS. dag_id=espn_news_pipeline, task_id=dbt_run, run_id=manual__2025-08-22T17:37:37.672595+00:00, execution_date=20250822T173737, start_date=20250822T173750, end_date=20250822T173759
[2025-08-22T17:37:59.113+0000] {local_task_job_runner.py:266} INFO - Task exited with return code 0
[2025-08-22T17:37:59.123+0000] {taskinstance.py:3900} INFO - 1 downstream tasks scheduled from follow-on schedule check
[2025-08-22T17:37:59.124+0000] {local_task_job_runner.py:245} INFO - ::endgroup::
