[2025-09-20T23:07:58.027+0000] {local_task_job_runner.py:120} INFO - ::group::Pre task execution logs
[2025-09-20T23:07:58.036+0000] {taskinstance.py:2076} INFO - Dependencies all met for dep_context=non-requeueable deps ti=<TaskInstance: espn_news_pipeline.dbt_setup manual__2025-09-20T23:07:46.340585+00:00 [queued]>
[2025-09-20T23:07:58.038+0000] {taskinstance.py:2076} INFO - Dependencies all met for dep_context=requeueable deps ti=<TaskInstance: espn_news_pipeline.dbt_setup manual__2025-09-20T23:07:46.340585+00:00 [queued]>
[2025-09-20T23:07:58.038+0000] {taskinstance.py:2306} INFO - Starting attempt 1 of 1
[2025-09-20T23:07:58.042+0000] {taskinstance.py:2330} INFO - Executing <Task(BashOperator): dbt_setup> on 2025-09-20 23:07:46.340585+00:00
[2025-09-20T23:07:58.043+0000] {standard_task_runner.py:64} INFO - Started process 91 to run task
[2025-09-20T23:07:58.045+0000] {standard_task_runner.py:90} INFO - Running: ['airflow', 'tasks', 'run', 'espn_news_pipeline', 'dbt_setup', 'manual__2025-09-20T23:07:46.340585+00:00', '--job-id', '8', '--raw', '--subdir', 'DAGS_FOLDER/news_pipeline.py', '--cfg-path', '/tmp/tmphjuleo0a']
[2025-09-20T23:07:58.046+0000] {standard_task_runner.py:91} INFO - Job 8: Subtask dbt_setup
[2025-09-20T23:07:58.058+0000] {task_command.py:426} INFO - Running <TaskInstance: espn_news_pipeline.dbt_setup manual__2025-09-20T23:07:46.340585+00:00 [running]> on host 6146678ba62d
[2025-09-20T23:07:58.078+0000] {taskinstance.py:2648} INFO - Exporting env vars: AIRFLOW_CTX_DAG_OWNER='airflow' AIRFLOW_CTX_DAG_ID='espn_news_pipeline' AIRFLOW_CTX_TASK_ID='dbt_setup' AIRFLOW_CTX_EXECUTION_DATE='2025-09-20T23:07:46.340585+00:00' AIRFLOW_CTX_TRY_NUMBER='1' AIRFLOW_CTX_DAG_RUN_ID='manual__2025-09-20T23:07:46.340585+00:00'
[2025-09-20T23:07:58.078+0000] {taskinstance.py:430} INFO - ::endgroup::
[2025-09-20T23:07:58.082+0000] {subprocess.py:63} INFO - Tmp dir root location: /tmp
[2025-09-20T23:07:58.082+0000] {subprocess.py:75} INFO - Running command: ['/usr/bin/bash', '-c', 'cd $DBT_PROJECT_DIR && /home/airflow/.local/bin/dbt deps']
[2025-09-20T23:07:58.085+0000] {subprocess.py:86} INFO - Output:
[2025-09-20T23:07:58.944+0000] {subprocess.py:93} INFO - [0m23:07:58  Running with dbt=1.8.9
[2025-09-20T23:07:59.012+0000] {subprocess.py:93} INFO - [0m23:07:59  Warning: No packages were found in packages.yml
[2025-09-20T23:07:59.012+0000] {subprocess.py:93} INFO - [0m23:07:59  Warning: No packages were found in packages.yml
[2025-09-20T23:07:59.622+0000] {subprocess.py:97} INFO - Command exited with return code 0
[2025-09-20T23:07:59.623+0000] {taskinstance.py:441} INFO - ::group::Post task execution logs
[2025-09-20T23:07:59.631+0000] {taskinstance.py:1206} INFO - Marking task as SUCCESS. dag_id=espn_news_pipeline, task_id=dbt_setup, run_id=manual__2025-09-20T23:07:46.340585+00:00, execution_date=20250920T230746, start_date=20250920T230758, end_date=20250920T230759
[2025-09-20T23:07:59.661+0000] {local_task_job_runner.py:243} INFO - Task exited with return code 0
[2025-09-20T23:07:59.670+0000] {taskinstance.py:3503} INFO - 1 downstream tasks scheduled from follow-on schedule check
[2025-09-20T23:07:59.672+0000] {local_task_job_runner.py:222} INFO - ::endgroup::
