[2025-09-21T07:39:17.065+0000] {local_task_job_runner.py:120} INFO - ::group::Pre task execution logs
[2025-09-21T07:39:17.074+0000] {taskinstance.py:2076} INFO - Dependencies all met for dep_context=non-requeueable deps ti=<TaskInstance: espn_news_pipeline.dbt_run manual__2025-09-21T07:39:06.864550+00:00 [queued]>
[2025-09-21T07:39:17.076+0000] {taskinstance.py:2076} INFO - Dependencies all met for dep_context=requeueable deps ti=<TaskInstance: espn_news_pipeline.dbt_run manual__2025-09-21T07:39:06.864550+00:00 [queued]>
[2025-09-21T07:39:17.076+0000] {taskinstance.py:2306} INFO - Starting attempt 1 of 1
[2025-09-21T07:39:17.080+0000] {taskinstance.py:2330} INFO - Executing <Task(BashOperator): dbt_run> on 2025-09-21 07:39:06.864550+00:00
[2025-09-21T07:39:17.082+0000] {standard_task_runner.py:64} INFO - Started process 251 to run task
[2025-09-21T07:39:17.083+0000] {standard_task_runner.py:90} INFO - Running: ['airflow', 'tasks', 'run', 'espn_news_pipeline', 'dbt_run', 'manual__2025-09-21T07:39:06.864550+00:00', '--job-id', '31', '--raw', '--subdir', 'DAGS_FOLDER/news_pipeline.py', '--cfg-path', '/tmp/tmpnj_zv_n0']
[2025-09-21T07:39:17.084+0000] {standard_task_runner.py:91} INFO - Job 31: Subtask dbt_run
[2025-09-21T07:39:17.096+0000] {task_command.py:426} INFO - Running <TaskInstance: espn_news_pipeline.dbt_run manual__2025-09-21T07:39:06.864550+00:00 [running]> on host 11a2a2c2ea7e
[2025-09-21T07:39:17.117+0000] {taskinstance.py:2648} INFO - Exporting env vars: AIRFLOW_CTX_DAG_OWNER='airflow' AIRFLOW_CTX_DAG_ID='espn_news_pipeline' AIRFLOW_CTX_TASK_ID='dbt_run' AIRFLOW_CTX_EXECUTION_DATE='2025-09-21T07:39:06.864550+00:00' AIRFLOW_CTX_TRY_NUMBER='1' AIRFLOW_CTX_DAG_RUN_ID='manual__2025-09-21T07:39:06.864550+00:00'
[2025-09-21T07:39:17.118+0000] {taskinstance.py:430} INFO - ::endgroup::
[2025-09-21T07:39:17.122+0000] {subprocess.py:63} INFO - Tmp dir root location: /tmp
[2025-09-21T07:39:17.122+0000] {subprocess.py:75} INFO - Running command: ['/usr/bin/bash', '-c', 'cd $DBT_PROJECT_DIR && /home/airflow/.local/bin/dbt run']
[2025-09-21T07:39:17.125+0000] {subprocess.py:86} INFO - Output:
[2025-09-21T07:39:17.961+0000] {subprocess.py:93} INFO - [0m07:39:17  Running with dbt=1.8.9
[2025-09-21T07:39:18.356+0000] {subprocess.py:93} INFO - [0m07:39:18  Registered adapter: snowflake=1.8.4
[2025-09-21T07:39:18.426+0000] {subprocess.py:93} INFO - [0m07:39:18  Unable to do partial parsing because profile has changed
[2025-09-21T07:39:18.835+0000] {subprocess.py:93} INFO - [0m07:39:18  [[33mWARNING[0m]: Configuration paths exist in your dbt_project.yml file which do not apply to any resources.
[2025-09-21T07:39:18.835+0000] {subprocess.py:93} INFO - There are 1 unused configuration paths:
[2025-09-21T07:39:18.835+0000] {subprocess.py:93} INFO - - models.espn_project.example
[2025-09-21T07:39:18.873+0000] {subprocess.py:93} INFO - [0m07:39:18  Found 7 models, 464 macros
[2025-09-21T07:39:18.875+0000] {subprocess.py:93} INFO - [0m07:39:18
[2025-09-21T07:39:20.028+0000] {subprocess.py:93} INFO - [0m07:39:20  Concurrency: 4 threads (target='dev')
[2025-09-21T07:39:20.030+0000] {subprocess.py:93} INFO - [0m07:39:20
[2025-09-21T07:39:20.043+0000] {subprocess.py:93} INFO - [0m07:39:20  1 of 7 START sql view model MODELS.stg_news_raw ................................ [RUN]
[2025-09-21T07:39:21.202+0000] {subprocess.py:93} INFO - [0m07:39:21  1 of 7 OK created sql view model MODELS.stg_news_raw ........................... [[32mSUCCESS 1[0m in 1.15s]
[2025-09-21T07:39:21.206+0000] {subprocess.py:93} INFO - [0m07:39:21  2 of 7 START sql view model MODELS.articles_raw ................................ [RUN]
[2025-09-21T07:39:22.087+0000] {subprocess.py:93} INFO - [0m07:39:22  2 of 7 OK created sql view model MODELS.articles_raw ........................... [[32mSUCCESS 1[0m in 0.88s]
[2025-09-21T07:39:22.093+0000] {subprocess.py:93} INFO - [0m07:39:22  3 of 7 START sql table model MODELS.articles ................................... [RUN]
[2025-09-21T07:39:22.094+0000] {subprocess.py:93} INFO - [0m07:39:22  4 of 7 START sql view model MODELS.categories_raw .............................. [RUN]
[2025-09-21T07:39:22.095+0000] {subprocess.py:93} INFO - [0m07:39:22  5 of 7 START sql table model MODELS.images ..................................... [RUN]
[2025-09-21T07:39:22.096+0000] {subprocess.py:93} INFO - [0m07:39:22  6 of 7 START sql table model MODELS.links ...................................... [RUN]
[2025-09-21T07:39:22.857+0000] {subprocess.py:93} INFO - [0m07:39:22  4 of 7 OK created sql view model MODELS.categories_raw ......................... [[32mSUCCESS 1[0m in 0.75s]
[2025-09-21T07:39:22.860+0000] {subprocess.py:93} INFO - [0m07:39:22  7 of 7 START sql table model MODELS.categories ................................. [RUN]
[2025-09-21T07:39:23.731+0000] {subprocess.py:93} INFO - [0m07:39:23  5 of 7 OK created sql table model MODELS.images ................................ [[32mSUCCESS 1[0m in 1.63s]
[2025-09-21T07:39:23.733+0000] {subprocess.py:93} INFO - [0m07:39:23  6 of 7 OK created sql table model MODELS.links ................................. [[32mSUCCESS 1[0m in 1.63s]
[2025-09-21T07:39:23.955+0000] {subprocess.py:93} INFO - [0m07:39:23  3 of 7 OK created sql table model MODELS.articles .............................. [[32mSUCCESS 1[0m in 1.85s]
[2025-09-21T07:39:24.440+0000] {subprocess.py:93} INFO - [0m07:39:24  7 of 7 OK created sql table model MODELS.categories ............................ [[32mSUCCESS 1[0m in 1.58s]
[2025-09-21T07:39:24.447+0000] {subprocess.py:93} INFO - [0m07:39:24
[2025-09-21T07:39:24.447+0000] {subprocess.py:93} INFO - [0m07:39:24  Finished running 3 view models, 4 table models in 0 hours 0 minutes and 5.57 seconds (5.57s).
[2025-09-21T07:39:24.482+0000] {subprocess.py:93} INFO - [0m07:39:24
[2025-09-21T07:39:24.483+0000] {subprocess.py:93} INFO - [0m07:39:24  [32mCompleted successfully[0m
[2025-09-21T07:39:24.483+0000] {subprocess.py:93} INFO - [0m07:39:24
[2025-09-21T07:39:24.483+0000] {subprocess.py:93} INFO - [0m07:39:24  Done. PASS=7 WARN=0 ERROR=0 SKIP=0 TOTAL=7
[2025-09-21T07:39:25.136+0000] {subprocess.py:97} INFO - Command exited with return code 0
[2025-09-21T07:39:25.136+0000] {taskinstance.py:441} INFO - ::group::Post task execution logs
[2025-09-21T07:39:25.144+0000] {taskinstance.py:1206} INFO - Marking task as SUCCESS. dag_id=espn_news_pipeline, task_id=dbt_run, run_id=manual__2025-09-21T07:39:06.864550+00:00, execution_date=20250921T073906, start_date=20250921T073917, end_date=20250921T073925
[2025-09-21T07:39:25.192+0000] {local_task_job_runner.py:243} INFO - Task exited with return code 0
[2025-09-21T07:39:25.197+0000] {taskinstance.py:3503} INFO - 1 downstream tasks scheduled from follow-on schedule check
[2025-09-21T07:39:25.199+0000] {local_task_job_runner.py:222} INFO - ::endgroup::
