[2025-09-21T07:27:36.909+0000] {local_task_job_runner.py:120} INFO - ::group::Pre task execution logs
[2025-09-21T07:27:36.918+0000] {taskinstance.py:2076} INFO - Dependencies all met for dep_context=non-requeueable deps ti=<TaskInstance: espn_news_pipeline.dbt_setup manual__2025-09-21T07:27:25.524023+00:00 [queued]>
[2025-09-21T07:27:36.920+0000] {taskinstance.py:2076} INFO - Dependencies all met for dep_context=requeueable deps ti=<TaskInstance: espn_news_pipeline.dbt_setup manual__2025-09-21T07:27:25.524023+00:00 [queued]>
[2025-09-21T07:27:36.920+0000] {taskinstance.py:2306} INFO - Starting attempt 1 of 1
[2025-09-21T07:27:36.925+0000] {taskinstance.py:2330} INFO - Executing <Task(BashOperator): dbt_setup> on 2025-09-21 07:27:25.524023+00:00
[2025-09-21T07:27:36.927+0000] {standard_task_runner.py:64} INFO - Started process 78 to run task
[2025-09-21T07:27:36.928+0000] {standard_task_runner.py:90} INFO - Running: ['airflow', 'tasks', 'run', 'espn_news_pipeline', 'dbt_setup', 'manual__2025-09-21T07:27:25.524023+00:00', '--job-id', '23', '--raw', '--subdir', 'DAGS_FOLDER/news_pipeline.py', '--cfg-path', '/tmp/tmpuh_cjkvq']
[2025-09-21T07:27:36.929+0000] {standard_task_runner.py:91} INFO - Job 23: Subtask dbt_setup
[2025-09-21T07:27:36.942+0000] {task_command.py:426} INFO - Running <TaskInstance: espn_news_pipeline.dbt_setup manual__2025-09-21T07:27:25.524023+00:00 [running]> on host 11a2a2c2ea7e
[2025-09-21T07:27:36.961+0000] {taskinstance.py:2648} INFO - Exporting env vars: AIRFLOW_CTX_DAG_OWNER='airflow' AIRFLOW_CTX_DAG_ID='espn_news_pipeline' AIRFLOW_CTX_TASK_ID='dbt_setup' AIRFLOW_CTX_EXECUTION_DATE='2025-09-21T07:27:25.524023+00:00' AIRFLOW_CTX_TRY_NUMBER='1' AIRFLOW_CTX_DAG_RUN_ID='manual__2025-09-21T07:27:25.524023+00:00'
[2025-09-21T07:27:36.962+0000] {taskinstance.py:430} INFO - ::endgroup::
[2025-09-21T07:27:36.966+0000] {subprocess.py:63} INFO - Tmp dir root location: /tmp
[2025-09-21T07:27:36.966+0000] {subprocess.py:75} INFO - Running command: ['/usr/bin/bash', '-c', 'cd $DBT_PROJECT_DIR && /home/airflow/.local/bin/dbt deps']
[2025-09-21T07:27:36.969+0000] {subprocess.py:86} INFO - Output:
[2025-09-21T07:27:37.898+0000] {subprocess.py:93} INFO - [0m07:27:37  Running with dbt=1.8.9
[2025-09-21T07:27:37.952+0000] {subprocess.py:93} INFO - [0m07:27:37  Warning: No packages were found in packages.yml
[2025-09-21T07:27:37.954+0000] {subprocess.py:93} INFO - [0m07:27:37  Warning: No packages were found in packages.yml
[2025-09-21T07:27:38.440+0000] {subprocess.py:97} INFO - Command exited with return code 0
[2025-09-21T07:27:38.441+0000] {taskinstance.py:441} INFO - ::group::Post task execution logs
[2025-09-21T07:27:38.449+0000] {taskinstance.py:1206} INFO - Marking task as SUCCESS. dag_id=espn_news_pipeline, task_id=dbt_setup, run_id=manual__2025-09-21T07:27:25.524023+00:00, execution_date=20250921T072725, start_date=20250921T072736, end_date=20250921T072738
[2025-09-21T07:27:38.491+0000] {local_task_job_runner.py:243} INFO - Task exited with return code 0
[2025-09-21T07:27:38.499+0000] {taskinstance.py:3503} INFO - 1 downstream tasks scheduled from follow-on schedule check
[2025-09-21T07:27:38.500+0000] {local_task_job_runner.py:222} INFO - ::endgroup::
