[2025-09-21T07:32:01.120+0000] {local_task_job_runner.py:120} INFO - ::group::Pre task execution logs
[2025-09-21T07:32:01.129+0000] {taskinstance.py:2076} INFO - Dependencies all met for dep_context=non-requeueable deps ti=<TaskInstance: espn_news_pipeline.dbt_run manual__2025-09-21T07:31:50.389205+00:00 [queued]>
[2025-09-21T07:32:01.131+0000] {taskinstance.py:2076} INFO - Dependencies all met for dep_context=requeueable deps ti=<TaskInstance: espn_news_pipeline.dbt_run manual__2025-09-21T07:31:50.389205+00:00 [queued]>
[2025-09-21T07:32:01.132+0000] {taskinstance.py:2306} INFO - Starting attempt 1 of 1
[2025-09-21T07:32:01.136+0000] {taskinstance.py:2330} INFO - Executing <Task(BashOperator): dbt_run> on 2025-09-21 07:31:50.389205+00:00
[2025-09-21T07:32:01.138+0000] {standard_task_runner.py:64} INFO - Started process 149 to run task
[2025-09-21T07:32:01.139+0000] {standard_task_runner.py:90} INFO - Running: ['airflow', 'tasks', 'run', 'espn_news_pipeline', 'dbt_run', 'manual__2025-09-21T07:31:50.389205+00:00', '--job-id', '27', '--raw', '--subdir', 'DAGS_FOLDER/news_pipeline.py', '--cfg-path', '/tmp/tmpezz3cb4x']
[2025-09-21T07:32:01.140+0000] {standard_task_runner.py:91} INFO - Job 27: Subtask dbt_run
[2025-09-21T07:32:01.152+0000] {task_command.py:426} INFO - Running <TaskInstance: espn_news_pipeline.dbt_run manual__2025-09-21T07:31:50.389205+00:00 [running]> on host 11a2a2c2ea7e
[2025-09-21T07:32:01.173+0000] {taskinstance.py:2648} INFO - Exporting env vars: AIRFLOW_CTX_DAG_OWNER='airflow' AIRFLOW_CTX_DAG_ID='espn_news_pipeline' AIRFLOW_CTX_TASK_ID='dbt_run' AIRFLOW_CTX_EXECUTION_DATE='2025-09-21T07:31:50.389205+00:00' AIRFLOW_CTX_TRY_NUMBER='1' AIRFLOW_CTX_DAG_RUN_ID='manual__2025-09-21T07:31:50.389205+00:00'
[2025-09-21T07:32:01.173+0000] {taskinstance.py:430} INFO - ::endgroup::
[2025-09-21T07:32:01.177+0000] {subprocess.py:63} INFO - Tmp dir root location: /tmp
[2025-09-21T07:32:01.177+0000] {subprocess.py:75} INFO - Running command: ['/usr/bin/bash', '-c', 'cd $DBT_PROJECT_DIR && /home/airflow/.local/bin/dbt run']
[2025-09-21T07:32:01.180+0000] {subprocess.py:86} INFO - Output:
[2025-09-21T07:32:02.013+0000] {subprocess.py:93} INFO - [0m07:32:02  Running with dbt=1.8.9
[2025-09-21T07:32:02.397+0000] {subprocess.py:93} INFO - [0m07:32:02  Registered adapter: snowflake=1.8.4
[2025-09-21T07:32:02.484+0000] {subprocess.py:93} INFO - [0m07:32:02  [[33mWARNING[0m]: Configuration paths exist in your dbt_project.yml file which do not apply to any resources.
[2025-09-21T07:32:02.485+0000] {subprocess.py:93} INFO - There are 1 unused configuration paths:
[2025-09-21T07:32:02.485+0000] {subprocess.py:93} INFO - - models.espn_project.example
[2025-09-21T07:32:02.534+0000] {subprocess.py:93} INFO - [0m07:32:02  Found 7 models, 464 macros
[2025-09-21T07:32:02.536+0000] {subprocess.py:93} INFO - [0m07:32:02
[2025-09-21T07:32:03.655+0000] {subprocess.py:93} INFO - [0m07:32:03  Concurrency: 4 threads (target='dev')
[2025-09-21T07:32:03.656+0000] {subprocess.py:93} INFO - [0m07:32:03
[2025-09-21T07:32:03.671+0000] {subprocess.py:93} INFO - [0m07:32:03  1 of 7 START sql view model MODELS.stg_news_raw ................................ [RUN]
[2025-09-21T07:32:04.451+0000] {subprocess.py:93} INFO - [0m07:32:04  1 of 7 OK created sql view model MODELS.stg_news_raw ........................... [[32mSUCCESS 1[0m in 0.78s]
[2025-09-21T07:32:04.455+0000] {subprocess.py:93} INFO - [0m07:32:04  2 of 7 START sql view model MODELS.articles_raw ................................ [RUN]
[2025-09-21T07:32:05.253+0000] {subprocess.py:93} INFO - [0m07:32:05  2 of 7 OK created sql view model MODELS.articles_raw ........................... [[32mSUCCESS 1[0m in 0.79s]
[2025-09-21T07:32:05.259+0000] {subprocess.py:93} INFO - [0m07:32:05  3 of 7 START sql table model MODELS.articles ................................... [RUN]
[2025-09-21T07:32:05.260+0000] {subprocess.py:93} INFO - [0m07:32:05  4 of 7 START sql view model MODELS.categories_raw .............................. [RUN]
[2025-09-21T07:32:05.261+0000] {subprocess.py:93} INFO - [0m07:32:05  5 of 7 START sql table model MODELS.images ..................................... [RUN]
[2025-09-21T07:32:05.262+0000] {subprocess.py:93} INFO - [0m07:32:05  6 of 7 START sql table model MODELS.links ...................................... [RUN]
[2025-09-21T07:32:06.185+0000] {subprocess.py:93} INFO - [0m07:32:06  4 of 7 OK created sql view model MODELS.categories_raw ......................... [[32mSUCCESS 1[0m in 0.91s]
[2025-09-21T07:32:06.188+0000] {subprocess.py:93} INFO - [0m07:32:06  7 of 7 START sql table model MODELS.categories ................................. [RUN]
[2025-09-21T07:32:07.367+0000] {subprocess.py:93} INFO - [0m07:32:07  6 of 7 OK created sql table model MODELS.links ................................. [[32mSUCCESS 1[0m in 2.10s]
[2025-09-21T07:32:07.462+0000] {subprocess.py:93} INFO - [0m07:32:07  5 of 7 OK created sql table model MODELS.images ................................ [[32mSUCCESS 1[0m in 2.19s]
[2025-09-21T07:32:07.716+0000] {subprocess.py:93} INFO - [0m07:32:07  3 of 7 OK created sql table model MODELS.articles .............................. [[32mSUCCESS 1[0m in 2.45s]
[2025-09-21T07:32:08.034+0000] {subprocess.py:93} INFO - [0m07:32:08  7 of 7 OK created sql table model MODELS.categories ............................ [[32mSUCCESS 1[0m in 1.84s]
[2025-09-21T07:32:08.042+0000] {subprocess.py:93} INFO - [0m07:32:08
[2025-09-21T07:32:08.043+0000] {subprocess.py:93} INFO - [0m07:32:08  Finished running 3 view models, 4 table models in 0 hours 0 minutes and 5.51 seconds (5.51s).
[2025-09-21T07:32:08.081+0000] {subprocess.py:93} INFO - [0m07:32:08
[2025-09-21T07:32:08.082+0000] {subprocess.py:93} INFO - [0m07:32:08  [32mCompleted successfully[0m
[2025-09-21T07:32:08.082+0000] {subprocess.py:93} INFO - [0m07:32:08
[2025-09-21T07:32:08.082+0000] {subprocess.py:93} INFO - [0m07:32:08  Done. PASS=7 WARN=0 ERROR=0 SKIP=0 TOTAL=7
[2025-09-21T07:32:08.739+0000] {subprocess.py:97} INFO - Command exited with return code 0
[2025-09-21T07:32:08.740+0000] {taskinstance.py:441} INFO - ::group::Post task execution logs
[2025-09-21T07:32:08.748+0000] {taskinstance.py:1206} INFO - Marking task as SUCCESS. dag_id=espn_news_pipeline, task_id=dbt_run, run_id=manual__2025-09-21T07:31:50.389205+00:00, execution_date=20250921T073150, start_date=20250921T073201, end_date=20250921T073208
[2025-09-21T07:32:08.760+0000] {local_task_job_runner.py:243} INFO - Task exited with return code 0
[2025-09-21T07:32:08.766+0000] {taskinstance.py:3503} INFO - 1 downstream tasks scheduled from follow-on schedule check
[2025-09-21T07:32:08.767+0000] {local_task_job_runner.py:222} INFO - ::endgroup::
