[2025-08-22T17:17:50.966+0000] {local_task_job_runner.py:123} INFO - ::group::Pre task execution logs
[2025-08-22T17:17:50.972+0000] {taskinstance.py:2612} INFO - Dependencies all met for dep_context=non-requeueable deps ti=<TaskInstance: espn_news_pipeline.dbt_run manual__2025-08-22T17:17:39.761959+00:00 [queued]>
[2025-08-22T17:17:50.975+0000] {taskinstance.py:2612} INFO - Dependencies all met for dep_context=requeueable deps ti=<TaskInstance: espn_news_pipeline.dbt_run manual__2025-08-22T17:17:39.761959+00:00 [queued]>
[2025-08-22T17:17:50.975+0000] {taskinstance.py:2865} INFO - Starting attempt 1 of 1
[2025-08-22T17:17:50.980+0000] {taskinstance.py:2888} INFO - Executing <Task(BashOperator): dbt_run> on 2025-08-22 17:17:39.761959+00:00
[2025-08-22T17:17:50.982+0000] {standard_task_runner.py:72} INFO - Started process 158 to run task
[2025-08-22T17:17:50.984+0000] {standard_task_runner.py:104} INFO - Running: ['***', 'tasks', 'run', 'espn_news_pipeline', 'dbt_run', 'manual__2025-08-22T17:17:39.761959+00:00', '--job-id', '23', '--raw', '--subdir', 'DAGS_FOLDER/news_pipeline.py', '--cfg-path', '/tmp/tmp2oodudam']
[2025-08-22T17:17:50.985+0000] {standard_task_runner.py:105} INFO - Job 23: Subtask dbt_run
[2025-08-22T17:17:51.004+0000] {task_command.py:467} INFO - Running <TaskInstance: espn_news_pipeline.dbt_run manual__2025-08-22T17:17:39.761959+00:00 [running]> on host 9594dc760a36
[2025-08-22T17:17:51.032+0000] {taskinstance.py:3131} INFO - Exporting env vars: AIRFLOW_CTX_DAG_OWNER='***' AIRFLOW_CTX_DAG_ID='espn_news_pipeline' AIRFLOW_CTX_TASK_ID='dbt_run' AIRFLOW_CTX_EXECUTION_DATE='2025-08-22T17:17:39.761959+00:00' AIRFLOW_CTX_TRY_NUMBER='1' AIRFLOW_CTX_DAG_RUN_ID='manual__2025-08-22T17:17:39.761959+00:00'
[2025-08-22T17:17:51.032+0000] {taskinstance.py:731} INFO - ::endgroup::
[2025-08-22T17:17:51.037+0000] {subprocess.py:63} INFO - Tmp dir root location: /tmp
[2025-08-22T17:17:51.037+0000] {subprocess.py:75} INFO - Running command: ['/usr/bin/bash', '-c', 'cd $DBT_PROJECT_DIR && /home/***/.local/bin/dbt run']
[2025-08-22T17:17:51.040+0000] {subprocess.py:86} INFO - Output:
[2025-08-22T17:17:51.872+0000] {subprocess.py:93} INFO - [0m17:17:51  Running with dbt=1.8.6
[2025-08-22T17:17:52.277+0000] {subprocess.py:93} INFO - [0m17:17:52  Registered adapter: snowflake=1.8.3
[2025-08-22T17:17:52.358+0000] {subprocess.py:93} INFO - [0m17:17:52  Unable to do partial parsing because profile has changed
[2025-08-22T17:17:52.766+0000] {subprocess.py:93} INFO - [0m17:17:52  [[33mWARNING[0m]: Configuration paths exist in your dbt_project.yml file which do not apply to any resources.
[2025-08-22T17:17:52.767+0000] {subprocess.py:93} INFO - There are 1 unused configuration paths:
[2025-08-22T17:17:52.767+0000] {subprocess.py:93} INFO - - models.espn_project.example
[2025-08-22T17:17:52.806+0000] {subprocess.py:93} INFO - [0m17:17:52  Found 7 models, 459 macros
[2025-08-22T17:17:52.807+0000] {subprocess.py:93} INFO - [0m17:17:52
[2025-08-22T17:17:54.438+0000] {subprocess.py:93} INFO - [0m17:17:54  Concurrency: 4 threads (target='dev')
[2025-08-22T17:17:54.439+0000] {subprocess.py:93} INFO - [0m17:17:54
[2025-08-22T17:17:54.444+0000] {subprocess.py:93} INFO - [0m17:17:54  1 of 7 START sql view model PUBLIC.stg_news_raw ................................ [RUN]
[2025-08-22T17:17:55.380+0000] {subprocess.py:93} INFO - [0m17:17:55  1 of 7 OK created sql view model PUBLIC.stg_news_raw ........................... [[32mSUCCESS 1[0m in 0.93s]
[2025-08-22T17:17:55.382+0000] {subprocess.py:93} INFO - [0m17:17:55  2 of 7 START sql view model PUBLIC.articles_raw ................................ [RUN]
[2025-08-22T17:17:56.172+0000] {subprocess.py:93} INFO - [0m17:17:56  2 of 7 OK created sql view model PUBLIC.articles_raw ........................... [[32mSUCCESS 1[0m in 0.79s]
[2025-08-22T17:17:56.178+0000] {subprocess.py:93} INFO - [0m17:17:56  3 of 7 START sql table model PUBLIC.articles ................................... [RUN]
[2025-08-22T17:17:56.179+0000] {subprocess.py:93} INFO - [0m17:17:56  4 of 7 START sql view model PUBLIC.categories_raw .............................. [RUN]
[2025-08-22T17:17:56.180+0000] {subprocess.py:93} INFO - [0m17:17:56  5 of 7 START sql table model PUBLIC.images ..................................... [RUN]
[2025-08-22T17:17:56.180+0000] {subprocess.py:93} INFO - [0m17:17:56  6 of 7 START sql table model PUBLIC.links ...................................... [RUN]
[2025-08-22T17:17:57.400+0000] {subprocess.py:93} INFO - [0m17:17:57  4 of 7 OK created sql view model PUBLIC.categories_raw ......................... [[32mSUCCESS 1[0m in 1.21s]
[2025-08-22T17:17:57.403+0000] {subprocess.py:93} INFO - [0m17:17:57  7 of 7 START sql table model PUBLIC.categories ................................. [RUN]
[2025-08-22T17:17:57.995+0000] {subprocess.py:93} INFO - [0m17:17:57  5 of 7 OK created sql table model PUBLIC.images ................................ [[32mSUCCESS 1[0m in 1.81s]
[2025-08-22T17:17:57.996+0000] {subprocess.py:93} INFO - [0m17:17:57  6 of 7 OK created sql table model PUBLIC.links ................................. [[32mSUCCESS 1[0m in 1.81s]
[2025-08-22T17:17:58.001+0000] {subprocess.py:93} INFO - [0m17:17:58  3 of 7 OK created sql table model PUBLIC.articles .............................. [[32mSUCCESS 1[0m in 1.82s]
[2025-08-22T17:17:59.036+0000] {subprocess.py:93} INFO - [0m17:17:59  7 of 7 OK created sql table model PUBLIC.categories ............................ [[32mSUCCESS 1[0m in 1.63s]
[2025-08-22T17:17:59.044+0000] {subprocess.py:93} INFO - [0m17:17:59
[2025-08-22T17:17:59.044+0000] {subprocess.py:93} INFO - [0m17:17:59  Finished running 3 view models, 4 table models in 0 hours 0 minutes and 6.24 seconds (6.24s).
[2025-08-22T17:17:59.081+0000] {subprocess.py:93} INFO - [0m17:17:59
[2025-08-22T17:17:59.081+0000] {subprocess.py:93} INFO - [0m17:17:59  [32mCompleted successfully[0m
[2025-08-22T17:17:59.082+0000] {subprocess.py:93} INFO - [0m17:17:59
[2025-08-22T17:17:59.082+0000] {subprocess.py:93} INFO - [0m17:17:59  Done. PASS=7 WARN=0 ERROR=0 SKIP=0 TOTAL=7
[2025-08-22T17:17:59.693+0000] {subprocess.py:97} INFO - Command exited with return code 0
[2025-08-22T17:17:59.706+0000] {taskinstance.py:340} INFO - ::group::Post task execution logs
[2025-08-22T17:17:59.706+0000] {taskinstance.py:352} INFO - Marking task as SUCCESS. dag_id=espn_news_pipeline, task_id=dbt_run, run_id=manual__2025-08-22T17:17:39.761959+00:00, execution_date=20250822T171739, start_date=20250822T171750, end_date=20250822T171759
[2025-08-22T17:17:59.716+0000] {local_task_job_runner.py:266} INFO - Task exited with return code 0
[2025-08-22T17:17:59.726+0000] {taskinstance.py:3900} INFO - 1 downstream tasks scheduled from follow-on schedule check
[2025-08-22T17:17:59.726+0000] {local_task_job_runner.py:245} INFO - ::endgroup::
