[2025-08-22T17:26:15.281+0000] {local_task_job_runner.py:123} INFO - ::group::Pre task execution logs
[2025-08-22T17:26:15.287+0000] {taskinstance.py:2612} INFO - Dependencies all met for dep_context=non-requeueable deps ti=<TaskInstance: espn_news_pipeline.dbt_setup manual__2025-08-22T17:26:04.620259+00:00 [queued]>
[2025-08-22T17:26:15.289+0000] {taskinstance.py:2612} INFO - Dependencies all met for dep_context=requeueable deps ti=<TaskInstance: espn_news_pipeline.dbt_setup manual__2025-08-22T17:26:04.620259+00:00 [queued]>
[2025-08-22T17:26:15.289+0000] {taskinstance.py:2865} INFO - Starting attempt 1 of 1
[2025-08-22T17:26:15.293+0000] {taskinstance.py:2888} INFO - Executing <Task(BashOperator): dbt_setup> on 2025-08-22 17:26:04.620259+00:00
[2025-08-22T17:26:15.296+0000] {standard_task_runner.py:72} INFO - Started process 259 to run task
[2025-08-22T17:26:15.297+0000] {standard_task_runner.py:104} INFO - Running: ['***', 'tasks', 'run', 'espn_news_pipeline', 'dbt_setup', 'manual__2025-08-22T17:26:04.620259+00:00', '--job-id', '26', '--raw', '--subdir', 'DAGS_FOLDER/news_pipeline.py', '--cfg-path', '/tmp/tmp3nnitq0h']
[2025-08-22T17:26:15.299+0000] {standard_task_runner.py:105} INFO - Job 26: Subtask dbt_setup
[2025-08-22T17:26:15.324+0000] {task_command.py:467} INFO - Running <TaskInstance: espn_news_pipeline.dbt_setup manual__2025-08-22T17:26:04.620259+00:00 [running]> on host 9594dc760a36
[2025-08-22T17:26:15.362+0000] {taskinstance.py:3131} INFO - Exporting env vars: AIRFLOW_CTX_DAG_OWNER='***' AIRFLOW_CTX_DAG_ID='espn_news_pipeline' AIRFLOW_CTX_TASK_ID='dbt_setup' AIRFLOW_CTX_EXECUTION_DATE='2025-08-22T17:26:04.620259+00:00' AIRFLOW_CTX_TRY_NUMBER='1' AIRFLOW_CTX_DAG_RUN_ID='manual__2025-08-22T17:26:04.620259+00:00'
[2025-08-22T17:26:15.363+0000] {taskinstance.py:731} INFO - ::endgroup::
[2025-08-22T17:26:15.368+0000] {subprocess.py:63} INFO - Tmp dir root location: /tmp
[2025-08-22T17:26:15.369+0000] {subprocess.py:75} INFO - Running command: ['/usr/bin/bash', '-c', 'cd $DBT_PROJECT_DIR && /home/***/.local/bin/dbt deps']
[2025-08-22T17:26:15.373+0000] {subprocess.py:86} INFO - Output:
[2025-08-22T17:26:16.233+0000] {subprocess.py:93} INFO - [0m17:26:16  Running with dbt=1.8.6
[2025-08-22T17:26:16.281+0000] {subprocess.py:93} INFO - [0m17:26:16  Warning: No packages were found in packages.yml
[2025-08-22T17:26:16.283+0000] {subprocess.py:93} INFO - [0m17:26:16  Warning: No packages were found in packages.yml
[2025-08-22T17:26:16.717+0000] {subprocess.py:97} INFO - Command exited with return code 0
[2025-08-22T17:26:16.730+0000] {taskinstance.py:340} INFO - ::group::Post task execution logs
[2025-08-22T17:26:16.730+0000] {taskinstance.py:352} INFO - Marking task as SUCCESS. dag_id=espn_news_pipeline, task_id=dbt_setup, run_id=manual__2025-08-22T17:26:04.620259+00:00, execution_date=20250822T172604, start_date=20250822T172615, end_date=20250822T172616
[2025-08-22T17:26:16.772+0000] {local_task_job_runner.py:266} INFO - Task exited with return code 0
[2025-08-22T17:26:16.783+0000] {taskinstance.py:3900} INFO - 1 downstream tasks scheduled from follow-on schedule check
[2025-08-22T17:26:16.784+0000] {local_task_job_runner.py:245} INFO - ::endgroup::
