[2025-09-21T07:39:14.270+0000] {local_task_job_runner.py:120} INFO - ::group::Pre task execution logs
[2025-09-21T07:39:14.278+0000] {taskinstance.py:2076} INFO - Dependencies all met for dep_context=non-requeueable deps ti=<TaskInstance: espn_news_pipeline.dbt_setup manual__2025-09-21T07:39:06.864550+00:00 [queued]>
[2025-09-21T07:39:14.280+0000] {taskinstance.py:2076} INFO - Dependencies all met for dep_context=requeueable deps ti=<TaskInstance: espn_news_pipeline.dbt_setup manual__2025-09-21T07:39:06.864550+00:00 [queued]>
[2025-09-21T07:39:14.280+0000] {taskinstance.py:2306} INFO - Starting attempt 1 of 1
[2025-09-21T07:39:14.285+0000] {taskinstance.py:2330} INFO - Executing <Task(BashOperator): dbt_setup> on 2025-09-21 07:39:06.864550+00:00
[2025-09-21T07:39:14.286+0000] {standard_task_runner.py:64} INFO - Started process 240 to run task
[2025-09-21T07:39:14.288+0000] {standard_task_runner.py:90} INFO - Running: ['airflow', 'tasks', 'run', 'espn_news_pipeline', 'dbt_setup', 'manual__2025-09-21T07:39:06.864550+00:00', '--job-id', '30', '--raw', '--subdir', 'DAGS_FOLDER/news_pipeline.py', '--cfg-path', '/tmp/tmprvsgwgl0']
[2025-09-21T07:39:14.289+0000] {standard_task_runner.py:91} INFO - Job 30: Subtask dbt_setup
[2025-09-21T07:39:14.300+0000] {task_command.py:426} INFO - Running <TaskInstance: espn_news_pipeline.dbt_setup manual__2025-09-21T07:39:06.864550+00:00 [running]> on host 11a2a2c2ea7e
[2025-09-21T07:39:14.322+0000] {taskinstance.py:2648} INFO - Exporting env vars: AIRFLOW_CTX_DAG_OWNER='airflow' AIRFLOW_CTX_DAG_ID='espn_news_pipeline' AIRFLOW_CTX_TASK_ID='dbt_setup' AIRFLOW_CTX_EXECUTION_DATE='2025-09-21T07:39:06.864550+00:00' AIRFLOW_CTX_TRY_NUMBER='1' AIRFLOW_CTX_DAG_RUN_ID='manual__2025-09-21T07:39:06.864550+00:00'
[2025-09-21T07:39:14.323+0000] {taskinstance.py:430} INFO - ::endgroup::
[2025-09-21T07:39:14.326+0000] {subprocess.py:63} INFO - Tmp dir root location: /tmp
[2025-09-21T07:39:14.327+0000] {subprocess.py:75} INFO - Running command: ['/usr/bin/bash', '-c', 'cd $DBT_PROJECT_DIR && /home/airflow/.local/bin/dbt deps']
[2025-09-21T07:39:14.330+0000] {subprocess.py:86} INFO - Output:
[2025-09-21T07:39:15.204+0000] {subprocess.py:93} INFO - [0m07:39:15  Running with dbt=1.8.9
[2025-09-21T07:39:15.256+0000] {subprocess.py:93} INFO - [0m07:39:15  Warning: No packages were found in packages.yml
[2025-09-21T07:39:15.259+0000] {subprocess.py:93} INFO - [0m07:39:15  Warning: No packages were found in packages.yml
[2025-09-21T07:39:15.777+0000] {subprocess.py:97} INFO - Command exited with return code 0
[2025-09-21T07:39:15.778+0000] {taskinstance.py:441} INFO - ::group::Post task execution logs
[2025-09-21T07:39:15.786+0000] {taskinstance.py:1206} INFO - Marking task as SUCCESS. dag_id=espn_news_pipeline, task_id=dbt_setup, run_id=manual__2025-09-21T07:39:06.864550+00:00, execution_date=20250921T073906, start_date=20250921T073914, end_date=20250921T073915
[2025-09-21T07:39:15.808+0000] {local_task_job_runner.py:243} INFO - Task exited with return code 0
[2025-09-21T07:39:15.815+0000] {taskinstance.py:3503} INFO - 1 downstream tasks scheduled from follow-on schedule check
[2025-09-21T07:39:15.817+0000] {local_task_job_runner.py:222} INFO - ::endgroup::
