[2025-08-22T17:26:18.195+0000] {local_task_job_runner.py:123} INFO - ::group::Pre task execution logs
[2025-08-22T17:26:18.201+0000] {taskinstance.py:2612} INFO - Dependencies all met for dep_context=non-requeueable deps ti=<TaskInstance: espn_news_pipeline.dbt_run manual__2025-08-22T17:26:04.620259+00:00 [queued]>
[2025-08-22T17:26:18.204+0000] {taskinstance.py:2612} INFO - Dependencies all met for dep_context=requeueable deps ti=<TaskInstance: espn_news_pipeline.dbt_run manual__2025-08-22T17:26:04.620259+00:00 [queued]>
[2025-08-22T17:26:18.204+0000] {taskinstance.py:2865} INFO - Starting attempt 1 of 1
[2025-08-22T17:26:18.208+0000] {taskinstance.py:2888} INFO - Executing <Task(BashOperator): dbt_run> on 2025-08-22 17:26:04.620259+00:00
[2025-08-22T17:26:18.210+0000] {standard_task_runner.py:72} INFO - Started process 271 to run task
[2025-08-22T17:26:18.212+0000] {standard_task_runner.py:104} INFO - Running: ['***', 'tasks', 'run', 'espn_news_pipeline', 'dbt_run', 'manual__2025-08-22T17:26:04.620259+00:00', '--job-id', '27', '--raw', '--subdir', 'DAGS_FOLDER/news_pipeline.py', '--cfg-path', '/tmp/tmprct1m__x']
[2025-08-22T17:26:18.213+0000] {standard_task_runner.py:105} INFO - Job 27: Subtask dbt_run
[2025-08-22T17:26:18.232+0000] {task_command.py:467} INFO - Running <TaskInstance: espn_news_pipeline.dbt_run manual__2025-08-22T17:26:04.620259+00:00 [running]> on host 9594dc760a36
[2025-08-22T17:26:18.262+0000] {taskinstance.py:3131} INFO - Exporting env vars: AIRFLOW_CTX_DAG_OWNER='***' AIRFLOW_CTX_DAG_ID='espn_news_pipeline' AIRFLOW_CTX_TASK_ID='dbt_run' AIRFLOW_CTX_EXECUTION_DATE='2025-08-22T17:26:04.620259+00:00' AIRFLOW_CTX_TRY_NUMBER='1' AIRFLOW_CTX_DAG_RUN_ID='manual__2025-08-22T17:26:04.620259+00:00'
[2025-08-22T17:26:18.262+0000] {taskinstance.py:731} INFO - ::endgroup::
[2025-08-22T17:26:18.267+0000] {subprocess.py:63} INFO - Tmp dir root location: /tmp
[2025-08-22T17:26:18.267+0000] {subprocess.py:75} INFO - Running command: ['/usr/bin/bash', '-c', 'cd $DBT_PROJECT_DIR && /home/***/.local/bin/dbt run']
[2025-08-22T17:26:18.270+0000] {subprocess.py:86} INFO - Output:
[2025-08-22T17:26:19.111+0000] {subprocess.py:93} INFO - [0m17:26:19  Running with dbt=1.8.6
[2025-08-22T17:26:19.494+0000] {subprocess.py:93} INFO - [0m17:26:19  Registered adapter: snowflake=1.8.3
[2025-08-22T17:26:19.673+0000] {subprocess.py:93} INFO - [0m17:26:19  [[33mWARNING[0m]: Configuration paths exist in your dbt_project.yml file which do not apply to any resources.
[2025-08-22T17:26:19.673+0000] {subprocess.py:93} INFO - There are 1 unused configuration paths:
[2025-08-22T17:26:19.673+0000] {subprocess.py:93} INFO - - models.espn_project.example
[2025-08-22T17:26:19.766+0000] {subprocess.py:93} INFO - [0m17:26:19  Found 7 models, 459 macros
[2025-08-22T17:26:19.768+0000] {subprocess.py:93} INFO - [0m17:26:19
[2025-08-22T17:26:21.355+0000] {subprocess.py:93} INFO - [0m17:26:21  Concurrency: 4 threads (target='dev')
[2025-08-22T17:26:21.356+0000] {subprocess.py:93} INFO - [0m17:26:21
[2025-08-22T17:26:21.371+0000] {subprocess.py:93} INFO - [0m17:26:21  1 of 7 START sql view model PUBLIC.stg_news_raw ................................ [RUN]
[2025-08-22T17:26:22.144+0000] {subprocess.py:93} INFO - [0m17:26:22  1 of 7 OK created sql view model PUBLIC.stg_news_raw ........................... [[32mSUCCESS 1[0m in 0.77s]
[2025-08-22T17:26:22.147+0000] {subprocess.py:93} INFO - [0m17:26:22  2 of 7 START sql view model PUBLIC.articles_raw ................................ [RUN]
[2025-08-22T17:26:23.064+0000] {subprocess.py:93} INFO - [0m17:26:23  2 of 7 OK created sql view model PUBLIC.articles_raw ........................... [[32mSUCCESS 1[0m in 0.91s]
[2025-08-22T17:26:23.069+0000] {subprocess.py:93} INFO - [0m17:26:23  3 of 7 START sql table model PUBLIC.articles ................................... [RUN]
[2025-08-22T17:26:23.070+0000] {subprocess.py:93} INFO - [0m17:26:23  4 of 7 START sql view model PUBLIC.categories_raw .............................. [RUN]
[2025-08-22T17:26:23.071+0000] {subprocess.py:93} INFO - [0m17:26:23  5 of 7 START sql table model PUBLIC.images ..................................... [RUN]
[2025-08-22T17:26:23.073+0000] {subprocess.py:93} INFO - [0m17:26:23  6 of 7 START sql table model PUBLIC.links ...................................... [RUN]
[2025-08-22T17:26:24.118+0000] {subprocess.py:93} INFO - [0m17:26:24  4 of 7 OK created sql view model PUBLIC.categories_raw ......................... [[32mSUCCESS 1[0m in 1.04s]
[2025-08-22T17:26:24.121+0000] {subprocess.py:93} INFO - [0m17:26:24  7 of 7 START sql table model PUBLIC.categories ................................. [RUN]
[2025-08-22T17:26:24.572+0000] {subprocess.py:93} INFO - [0m17:26:24  5 of 7 OK created sql table model PUBLIC.images ................................ [[32mSUCCESS 1[0m in 1.50s]
[2025-08-22T17:26:24.621+0000] {subprocess.py:93} INFO - [0m17:26:24  6 of 7 OK created sql table model PUBLIC.links ................................. [[32mSUCCESS 1[0m in 1.54s]
[2025-08-22T17:26:24.634+0000] {subprocess.py:93} INFO - [0m17:26:24  3 of 7 OK created sql table model PUBLIC.articles .............................. [[32mSUCCESS 1[0m in 1.56s]
[2025-08-22T17:26:25.451+0000] {subprocess.py:93} INFO - [0m17:26:25  7 of 7 OK created sql table model PUBLIC.categories ............................ [[32mSUCCESS 1[0m in 1.33s]
[2025-08-22T17:26:25.459+0000] {subprocess.py:93} INFO - [0m17:26:25
[2025-08-22T17:26:25.460+0000] {subprocess.py:93} INFO - [0m17:26:25  Finished running 3 view models, 4 table models in 0 hours 0 minutes and 5.69 seconds (5.69s).
[2025-08-22T17:26:25.498+0000] {subprocess.py:93} INFO - [0m17:26:25
[2025-08-22T17:26:25.498+0000] {subprocess.py:93} INFO - [0m17:26:25  [32mCompleted successfully[0m
[2025-08-22T17:26:25.498+0000] {subprocess.py:93} INFO - [0m17:26:25
[2025-08-22T17:26:25.499+0000] {subprocess.py:93} INFO - [0m17:26:25  Done. PASS=7 WARN=0 ERROR=0 SKIP=0 TOTAL=7
[2025-08-22T17:26:26.148+0000] {subprocess.py:97} INFO - Command exited with return code 0
[2025-08-22T17:26:26.172+0000] {taskinstance.py:340} INFO - ::group::Post task execution logs
[2025-08-22T17:26:26.173+0000] {taskinstance.py:352} INFO - Marking task as SUCCESS. dag_id=espn_news_pipeline, task_id=dbt_run, run_id=manual__2025-08-22T17:26:04.620259+00:00, execution_date=20250822T172604, start_date=20250822T172618, end_date=20250822T172626
[2025-08-22T17:26:26.215+0000] {local_task_job_runner.py:266} INFO - Task exited with return code 0
[2025-08-22T17:26:26.231+0000] {taskinstance.py:3900} INFO - 1 downstream tasks scheduled from follow-on schedule check
[2025-08-22T17:26:26.231+0000] {local_task_job_runner.py:245} INFO - ::endgroup::
