[2025-09-10T06:51:12.071+0000] {processor.py:186} INFO - Started process (PID=24) to work on /opt/airflow/dags/news_pipeline.py
[2025-09-10T06:51:12.072+0000] {processor.py:914} INFO - Processing file /opt/airflow/dags/news_pipeline.py for tasks to queue
[2025-09-10T06:51:12.074+0000] {logging_mixin.py:190} INFO - [2025-09-10T06:51:12.074+0000] {dagbag.py:588} INFO - Filling up the DagBag from /opt/airflow/dags/news_pipeline.py
[2025-09-10T06:51:12.088+0000] {processor.py:925} INFO - DAG(s) 'espn_news_pipeline' retrieved from /opt/airflow/dags/news_pipeline.py
[2025-09-10T06:51:12.114+0000] {logging_mixin.py:190} INFO - [2025-09-10T06:51:12.114+0000] {dag.py:3239} INFO - Sync 1 DAGs
[2025-09-10T06:51:12.133+0000] {processor.py:208} INFO - Processing /opt/airflow/dags/news_pipeline.py took 0.064 seconds
[2025-09-10T06:51:42.361+0000] {processor.py:186} INFO - Started process (PID=50) to work on /opt/airflow/dags/news_pipeline.py
[2025-09-10T06:51:42.362+0000] {processor.py:914} INFO - Processing file /opt/airflow/dags/news_pipeline.py for tasks to queue
[2025-09-10T06:51:42.365+0000] {logging_mixin.py:190} INFO - [2025-09-10T06:51:42.364+0000] {dagbag.py:588} INFO - Filling up the DagBag from /opt/airflow/dags/news_pipeline.py
[2025-09-10T06:51:42.377+0000] {processor.py:925} INFO - DAG(s) 'espn_news_pipeline' retrieved from /opt/airflow/dags/news_pipeline.py
[2025-09-10T06:51:42.407+0000] {logging_mixin.py:190} INFO - [2025-09-10T06:51:42.407+0000] {dag.py:3239} INFO - Sync 1 DAGs
[2025-09-10T06:51:42.425+0000] {logging_mixin.py:190} INFO - [2025-09-10T06:51:42.425+0000] {dag.py:4180} INFO - Setting next_dagrun for espn_news_pipeline to 2025-09-09 07:00:00+00:00, run_after=2025-09-10 07:00:00+00:00
[2025-09-10T06:51:42.449+0000] {processor.py:208} INFO - Processing /opt/airflow/dags/news_pipeline.py took 0.094 seconds
[2025-09-10T06:52:12.623+0000] {processor.py:186} INFO - Started process (PID=51) to work on /opt/airflow/dags/news_pipeline.py
[2025-09-10T06:52:12.624+0000] {processor.py:914} INFO - Processing file /opt/airflow/dags/news_pipeline.py for tasks to queue
[2025-09-10T06:52:12.626+0000] {logging_mixin.py:190} INFO - [2025-09-10T06:52:12.626+0000] {dagbag.py:588} INFO - Filling up the DagBag from /opt/airflow/dags/news_pipeline.py
[2025-09-10T06:52:12.638+0000] {processor.py:925} INFO - DAG(s) 'espn_news_pipeline' retrieved from /opt/airflow/dags/news_pipeline.py
[2025-09-10T06:52:12.657+0000] {logging_mixin.py:190} INFO - [2025-09-10T06:52:12.657+0000] {dag.py:3239} INFO - Sync 1 DAGs
[2025-09-10T06:52:12.668+0000] {logging_mixin.py:190} INFO - [2025-09-10T06:52:12.668+0000] {dag.py:4180} INFO - Setting next_dagrun for espn_news_pipeline to 2025-09-09 07:00:00+00:00, run_after=2025-09-10 07:00:00+00:00
[2025-09-10T06:52:12.675+0000] {processor.py:208} INFO - Processing /opt/airflow/dags/news_pipeline.py took 0.059 seconds
[2025-09-10T06:52:42.955+0000] {processor.py:186} INFO - Started process (PID=52) to work on /opt/airflow/dags/news_pipeline.py
[2025-09-10T06:52:42.956+0000] {processor.py:914} INFO - Processing file /opt/airflow/dags/news_pipeline.py for tasks to queue
[2025-09-10T06:52:42.959+0000] {logging_mixin.py:190} INFO - [2025-09-10T06:52:42.958+0000] {dagbag.py:588} INFO - Filling up the DagBag from /opt/airflow/dags/news_pipeline.py
[2025-09-10T06:52:42.975+0000] {processor.py:925} INFO - DAG(s) 'espn_news_pipeline' retrieved from /opt/airflow/dags/news_pipeline.py
[2025-09-10T06:52:42.994+0000] {logging_mixin.py:190} INFO - [2025-09-10T06:52:42.994+0000] {dag.py:3239} INFO - Sync 1 DAGs
[2025-09-10T06:52:43.006+0000] {logging_mixin.py:190} INFO - [2025-09-10T06:52:43.006+0000] {dag.py:4180} INFO - Setting next_dagrun for espn_news_pipeline to 2025-09-09 07:00:00+00:00, run_after=2025-09-10 07:00:00+00:00
[2025-09-10T06:52:43.013+0000] {processor.py:208} INFO - Processing /opt/airflow/dags/news_pipeline.py took 0.066 seconds
[2025-09-10T06:53:13.325+0000] {processor.py:186} INFO - Started process (PID=53) to work on /opt/airflow/dags/news_pipeline.py
[2025-09-10T06:53:13.326+0000] {processor.py:914} INFO - Processing file /opt/airflow/dags/news_pipeline.py for tasks to queue
[2025-09-10T06:53:13.328+0000] {logging_mixin.py:190} INFO - [2025-09-10T06:53:13.328+0000] {dagbag.py:588} INFO - Filling up the DagBag from /opt/airflow/dags/news_pipeline.py
[2025-09-10T06:53:13.340+0000] {processor.py:925} INFO - DAG(s) 'espn_news_pipeline' retrieved from /opt/airflow/dags/news_pipeline.py
[2025-09-10T06:53:13.356+0000] {logging_mixin.py:190} INFO - [2025-09-10T06:53:13.356+0000] {dag.py:3239} INFO - Sync 1 DAGs
[2025-09-10T06:53:13.366+0000] {logging_mixin.py:190} INFO - [2025-09-10T06:53:13.366+0000] {dag.py:4180} INFO - Setting next_dagrun for espn_news_pipeline to 2025-09-09 07:00:00+00:00, run_after=2025-09-10 07:00:00+00:00
[2025-09-10T06:53:13.373+0000] {processor.py:208} INFO - Processing /opt/airflow/dags/news_pipeline.py took 0.053 seconds
[2025-09-10T06:53:43.664+0000] {processor.py:186} INFO - Started process (PID=54) to work on /opt/airflow/dags/news_pipeline.py
[2025-09-10T06:53:43.664+0000] {processor.py:914} INFO - Processing file /opt/airflow/dags/news_pipeline.py for tasks to queue
[2025-09-10T06:53:43.666+0000] {logging_mixin.py:190} INFO - [2025-09-10T06:53:43.666+0000] {dagbag.py:588} INFO - Filling up the DagBag from /opt/airflow/dags/news_pipeline.py
[2025-09-10T06:53:43.675+0000] {processor.py:925} INFO - DAG(s) 'espn_news_pipeline' retrieved from /opt/airflow/dags/news_pipeline.py
[2025-09-10T06:53:43.691+0000] {logging_mixin.py:190} INFO - [2025-09-10T06:53:43.691+0000] {dag.py:3239} INFO - Sync 1 DAGs
[2025-09-10T06:53:43.702+0000] {logging_mixin.py:190} INFO - [2025-09-10T06:53:43.702+0000] {dag.py:4180} INFO - Setting next_dagrun for espn_news_pipeline to 2025-09-09 07:00:00+00:00, run_after=2025-09-10 07:00:00+00:00
[2025-09-10T06:53:43.709+0000] {processor.py:208} INFO - Processing /opt/airflow/dags/news_pipeline.py took 0.049 seconds
[2025-09-10T06:54:14.058+0000] {processor.py:186} INFO - Started process (PID=55) to work on /opt/airflow/dags/news_pipeline.py
[2025-09-10T06:54:14.059+0000] {processor.py:914} INFO - Processing file /opt/airflow/dags/news_pipeline.py for tasks to queue
[2025-09-10T06:54:14.063+0000] {logging_mixin.py:190} INFO - [2025-09-10T06:54:14.063+0000] {dagbag.py:588} INFO - Filling up the DagBag from /opt/airflow/dags/news_pipeline.py
[2025-09-10T06:54:14.099+0000] {processor.py:925} INFO - DAG(s) 'espn_news_pipeline' retrieved from /opt/airflow/dags/news_pipeline.py
[2025-09-10T06:54:14.123+0000] {logging_mixin.py:190} INFO - [2025-09-10T06:54:14.123+0000] {dag.py:3239} INFO - Sync 1 DAGs
[2025-09-10T06:54:14.139+0000] {logging_mixin.py:190} INFO - [2025-09-10T06:54:14.139+0000] {dag.py:4180} INFO - Setting next_dagrun for espn_news_pipeline to 2025-09-09 07:00:00+00:00, run_after=2025-09-10 07:00:00+00:00
[2025-09-10T06:54:14.146+0000] {processor.py:208} INFO - Processing /opt/airflow/dags/news_pipeline.py took 0.097 seconds
[2025-09-10T06:54:44.378+0000] {processor.py:186} INFO - Started process (PID=56) to work on /opt/airflow/dags/news_pipeline.py
[2025-09-10T06:54:44.379+0000] {processor.py:914} INFO - Processing file /opt/airflow/dags/news_pipeline.py for tasks to queue
[2025-09-10T06:54:44.382+0000] {logging_mixin.py:190} INFO - [2025-09-10T06:54:44.382+0000] {dagbag.py:588} INFO - Filling up the DagBag from /opt/airflow/dags/news_pipeline.py
[2025-09-10T06:54:44.400+0000] {processor.py:925} INFO - DAG(s) 'espn_news_pipeline' retrieved from /opt/airflow/dags/news_pipeline.py
[2025-09-10T06:54:44.424+0000] {logging_mixin.py:190} INFO - [2025-09-10T06:54:44.424+0000] {dag.py:3239} INFO - Sync 1 DAGs
[2025-09-10T06:54:44.438+0000] {logging_mixin.py:190} INFO - [2025-09-10T06:54:44.438+0000] {dag.py:4180} INFO - Setting next_dagrun for espn_news_pipeline to 2025-09-09 07:00:00+00:00, run_after=2025-09-10 07:00:00+00:00
[2025-09-10T06:54:44.445+0000] {processor.py:208} INFO - Processing /opt/airflow/dags/news_pipeline.py took 0.077 seconds
[2025-09-10T06:54:49.531+0000] {processor.py:186} INFO - Started process (PID=57) to work on /opt/airflow/dags/news_pipeline.py
[2025-09-10T06:54:49.532+0000] {processor.py:914} INFO - Processing file /opt/airflow/dags/news_pipeline.py for tasks to queue
[2025-09-10T06:54:49.536+0000] {logging_mixin.py:190} INFO - [2025-09-10T06:54:49.535+0000] {dagbag.py:588} INFO - Filling up the DagBag from /opt/airflow/dags/news_pipeline.py
[2025-09-10T06:54:49.540+0000] {logging_mixin.py:190} INFO - [2025-09-10T06:54:49.539+0000] {dagbag.py:387} ERROR - Failed to import: /opt/airflow/dags/news_pipeline.py
Traceback (most recent call last):
  File "/home/airflow/.local/lib/python3.11/site-packages/airflow/models/dagbag.py", line 383, in parse
    loader.exec_module(new_module)
  File "<frozen importlib._bootstrap_external>", line 936, in exec_module
  File "<frozen importlib._bootstrap_external>", line 1074, in get_code
  File "<frozen importlib._bootstrap_external>", line 1004, in source_to_code
  File "<frozen importlib._bootstrap>", line 241, in _call_with_frames_removed
  File "/opt/airflow/dags/news_pipeline.py", line 6
    from data
             ^
SyntaxError: invalid syntax
[2025-09-10T06:54:49.541+0000] {processor.py:927} WARNING - No viable dags retrieved from /opt/airflow/dags/news_pipeline.py
[2025-09-10T06:54:49.579+0000] {processor.py:208} INFO - Processing /opt/airflow/dags/news_pipeline.py took 0.058 seconds
[2025-09-10T06:54:51.557+0000] {processor.py:186} INFO - Started process (PID=58) to work on /opt/airflow/dags/news_pipeline.py
[2025-09-10T06:54:51.558+0000] {processor.py:914} INFO - Processing file /opt/airflow/dags/news_pipeline.py for tasks to queue
[2025-09-10T06:54:51.560+0000] {logging_mixin.py:190} INFO - [2025-09-10T06:54:51.559+0000] {dagbag.py:588} INFO - Filling up the DagBag from /opt/airflow/dags/news_pipeline.py
[2025-09-10T06:54:51.564+0000] {logging_mixin.py:190} INFO - [2025-09-10T06:54:51.563+0000] {dagbag.py:387} ERROR - Failed to import: /opt/airflow/dags/news_pipeline.py
Traceback (most recent call last):
  File "/home/airflow/.local/lib/python3.11/site-packages/airflow/models/dagbag.py", line 383, in parse
    loader.exec_module(new_module)
  File "<frozen importlib._bootstrap_external>", line 936, in exec_module
  File "<frozen importlib._bootstrap_external>", line 1074, in get_code
  File "<frozen importlib._bootstrap_external>", line 1004, in source_to_code
  File "<frozen importlib._bootstrap>", line 241, in _call_with_frames_removed
  File "/opt/airflow/dags/news_pipeline.py", line 6
    from date
             ^
SyntaxError: invalid syntax
[2025-09-10T06:54:51.564+0000] {processor.py:927} WARNING - No viable dags retrieved from /opt/airflow/dags/news_pipeline.py
[2025-09-10T06:54:51.580+0000] {processor.py:208} INFO - Processing /opt/airflow/dags/news_pipeline.py took 0.030 seconds
[2025-09-10T06:54:55.615+0000] {processor.py:186} INFO - Started process (PID=59) to work on /opt/airflow/dags/news_pipeline.py
[2025-09-10T06:54:55.617+0000] {processor.py:914} INFO - Processing file /opt/airflow/dags/news_pipeline.py for tasks to queue
[2025-09-10T06:54:55.619+0000] {logging_mixin.py:190} INFO - [2025-09-10T06:54:55.619+0000] {dagbag.py:588} INFO - Filling up the DagBag from /opt/airflow/dags/news_pipeline.py
[2025-09-10T06:54:55.625+0000] {logging_mixin.py:190} INFO - [2025-09-10T06:54:55.624+0000] {dagbag.py:387} ERROR - Failed to import: /opt/airflow/dags/news_pipeline.py
Traceback (most recent call last):
  File "/home/airflow/.local/lib/python3.11/site-packages/airflow/models/dagbag.py", line 383, in parse
    loader.exec_module(new_module)
  File "<frozen importlib._bootstrap_external>", line 940, in exec_module
  File "<frozen importlib._bootstrap>", line 241, in _call_with_frames_removed
  File "/opt/airflow/dags/news_pipeline.py", line 6, in <module>
    from datetime import tim
ImportError: cannot import name 'tim' from 'datetime' (/usr/local/lib/python3.11/datetime.py)
[2025-09-10T06:54:55.625+0000] {processor.py:927} WARNING - No viable dags retrieved from /opt/airflow/dags/news_pipeline.py
[2025-09-10T06:54:55.640+0000] {processor.py:208} INFO - Processing /opt/airflow/dags/news_pipeline.py took 0.034 seconds
[2025-09-10T06:55:01.700+0000] {processor.py:186} INFO - Started process (PID=60) to work on /opt/airflow/dags/news_pipeline.py
[2025-09-10T06:55:01.700+0000] {processor.py:914} INFO - Processing file /opt/airflow/dags/news_pipeline.py for tasks to queue
[2025-09-10T06:55:01.702+0000] {logging_mixin.py:190} INFO - [2025-09-10T06:55:01.702+0000] {dagbag.py:588} INFO - Filling up the DagBag from /opt/airflow/dags/news_pipeline.py
[2025-09-10T06:55:01.713+0000] {processor.py:925} INFO - DAG(s) 'espn_news_pipeline' retrieved from /opt/airflow/dags/news_pipeline.py
[2025-09-10T06:55:01.731+0000] {logging_mixin.py:190} INFO - [2025-09-10T06:55:01.731+0000] {dag.py:3239} INFO - Sync 1 DAGs
[2025-09-10T06:55:01.747+0000] {logging_mixin.py:190} INFO - [2025-09-10T06:55:01.747+0000] {dag.py:4180} INFO - Setting next_dagrun for espn_news_pipeline to 2025-09-09 07:00:00+00:00, run_after=2025-09-10 07:00:00+00:00
[2025-09-10T06:55:01.757+0000] {processor.py:208} INFO - Processing /opt/airflow/dags/news_pipeline.py took 0.063 seconds
[2025-09-10T06:55:03.736+0000] {processor.py:186} INFO - Started process (PID=61) to work on /opt/airflow/dags/news_pipeline.py
[2025-09-10T06:55:03.737+0000] {processor.py:914} INFO - Processing file /opt/airflow/dags/news_pipeline.py for tasks to queue
[2025-09-10T06:55:03.739+0000] {logging_mixin.py:190} INFO - [2025-09-10T06:55:03.739+0000] {dagbag.py:588} INFO - Filling up the DagBag from /opt/airflow/dags/news_pipeline.py
[2025-09-10T06:55:03.752+0000] {processor.py:925} INFO - DAG(s) 'espn_news_pipeline' retrieved from /opt/airflow/dags/news_pipeline.py
[2025-09-10T06:55:03.770+0000] {logging_mixin.py:190} INFO - [2025-09-10T06:55:03.770+0000] {dag.py:3239} INFO - Sync 1 DAGs
[2025-09-10T06:55:03.782+0000] {logging_mixin.py:190} INFO - [2025-09-10T06:55:03.782+0000] {dag.py:4180} INFO - Setting next_dagrun for espn_news_pipeline to 2025-09-09 07:00:00+00:00, run_after=2025-09-10 07:00:00+00:00
[2025-09-10T06:55:03.789+0000] {processor.py:208} INFO - Processing /opt/airflow/dags/news_pipeline.py took 0.059 seconds
[2025-09-10T06:55:13.900+0000] {processor.py:186} INFO - Started process (PID=62) to work on /opt/airflow/dags/news_pipeline.py
[2025-09-10T06:55:13.901+0000] {processor.py:914} INFO - Processing file /opt/airflow/dags/news_pipeline.py for tasks to queue
[2025-09-10T06:55:13.903+0000] {logging_mixin.py:190} INFO - [2025-09-10T06:55:13.903+0000] {dagbag.py:588} INFO - Filling up the DagBag from /opt/airflow/dags/news_pipeline.py
[2025-09-10T06:55:13.913+0000] {processor.py:925} INFO - DAG(s) 'espn_news_pipeline' retrieved from /opt/airflow/dags/news_pipeline.py
[2025-09-10T06:55:14.035+0000] {logging_mixin.py:190} INFO - [2025-09-10T06:55:14.035+0000] {dag.py:3239} INFO - Sync 1 DAGs
[2025-09-10T06:55:14.044+0000] {logging_mixin.py:190} INFO - [2025-09-10T06:55:14.044+0000] {dag.py:4180} INFO - Setting next_dagrun for espn_news_pipeline to 2025-09-09 07:00:00+00:00, run_after=2025-09-12 07:00:00+00:00
[2025-09-10T06:55:14.052+0000] {processor.py:208} INFO - Processing /opt/airflow/dags/news_pipeline.py took 0.159 seconds
[2025-09-10T06:55:14.918+0000] {processor.py:186} INFO - Started process (PID=63) to work on /opt/airflow/dags/news_pipeline.py
[2025-09-10T06:55:14.919+0000] {processor.py:914} INFO - Processing file /opt/airflow/dags/news_pipeline.py for tasks to queue
[2025-09-10T06:55:14.921+0000] {logging_mixin.py:190} INFO - [2025-09-10T06:55:14.921+0000] {dagbag.py:588} INFO - Filling up the DagBag from /opt/airflow/dags/news_pipeline.py
[2025-09-10T06:55:14.931+0000] {processor.py:925} INFO - DAG(s) 'espn_news_pipeline' retrieved from /opt/airflow/dags/news_pipeline.py
[2025-09-10T06:55:14.940+0000] {logging_mixin.py:190} INFO - [2025-09-10T06:55:14.940+0000] {dag.py:3239} INFO - Sync 1 DAGs
[2025-09-10T06:55:14.952+0000] {logging_mixin.py:190} INFO - [2025-09-10T06:55:14.951+0000] {dag.py:4180} INFO - Setting next_dagrun for espn_news_pipeline to 2025-09-09 07:00:00+00:00, run_after=2025-09-12 07:00:00+00:00
[2025-09-10T06:55:14.959+0000] {processor.py:208} INFO - Processing /opt/airflow/dags/news_pipeline.py took 0.047 seconds
[2025-09-10T06:55:45.279+0000] {processor.py:186} INFO - Started process (PID=64) to work on /opt/airflow/dags/news_pipeline.py
[2025-09-10T06:55:45.280+0000] {processor.py:914} INFO - Processing file /opt/airflow/dags/news_pipeline.py for tasks to queue
[2025-09-10T06:55:45.284+0000] {logging_mixin.py:190} INFO - [2025-09-10T06:55:45.284+0000] {dagbag.py:588} INFO - Filling up the DagBag from /opt/airflow/dags/news_pipeline.py
[2025-09-10T06:55:45.305+0000] {processor.py:925} INFO - DAG(s) 'espn_news_pipeline' retrieved from /opt/airflow/dags/news_pipeline.py
[2025-09-10T06:55:45.328+0000] {logging_mixin.py:190} INFO - [2025-09-10T06:55:45.328+0000] {dag.py:3239} INFO - Sync 1 DAGs
[2025-09-10T06:55:45.342+0000] {logging_mixin.py:190} INFO - [2025-09-10T06:55:45.342+0000] {dag.py:4180} INFO - Setting next_dagrun for espn_news_pipeline to 2025-09-09 07:00:00+00:00, run_after=2025-09-12 07:00:00+00:00
[2025-09-10T06:55:45.352+0000] {processor.py:208} INFO - Processing /opt/airflow/dags/news_pipeline.py took 0.083 seconds
[2025-09-10T06:56:15.648+0000] {processor.py:186} INFO - Started process (PID=77) to work on /opt/airflow/dags/news_pipeline.py
[2025-09-10T06:56:15.651+0000] {processor.py:914} INFO - Processing file /opt/airflow/dags/news_pipeline.py for tasks to queue
[2025-09-10T06:56:15.653+0000] {logging_mixin.py:190} INFO - [2025-09-10T06:56:15.653+0000] {dagbag.py:588} INFO - Filling up the DagBag from /opt/airflow/dags/news_pipeline.py
[2025-09-10T06:56:15.665+0000] {processor.py:925} INFO - DAG(s) 'espn_news_pipeline' retrieved from /opt/airflow/dags/news_pipeline.py
[2025-09-10T06:56:15.687+0000] {logging_mixin.py:190} INFO - [2025-09-10T06:56:15.687+0000] {dag.py:3239} INFO - Sync 1 DAGs
[2025-09-10T06:56:15.697+0000] {logging_mixin.py:190} INFO - [2025-09-10T06:56:15.697+0000] {dag.py:4180} INFO - Setting next_dagrun for espn_news_pipeline to 2025-09-09 07:00:00+00:00, run_after=2025-09-12 07:00:00+00:00
[2025-09-10T06:56:15.704+0000] {processor.py:208} INFO - Processing /opt/airflow/dags/news_pipeline.py took 0.064 seconds
[2025-09-10T06:56:45.990+0000] {processor.py:186} INFO - Started process (PID=90) to work on /opt/airflow/dags/news_pipeline.py
[2025-09-10T06:56:45.991+0000] {processor.py:914} INFO - Processing file /opt/airflow/dags/news_pipeline.py for tasks to queue
[2025-09-10T06:56:45.994+0000] {logging_mixin.py:190} INFO - [2025-09-10T06:56:45.994+0000] {dagbag.py:588} INFO - Filling up the DagBag from /opt/airflow/dags/news_pipeline.py
[2025-09-10T06:56:46.007+0000] {processor.py:925} INFO - DAG(s) 'espn_news_pipeline' retrieved from /opt/airflow/dags/news_pipeline.py
[2025-09-10T06:56:46.026+0000] {logging_mixin.py:190} INFO - [2025-09-10T06:56:46.026+0000] {dag.py:3239} INFO - Sync 1 DAGs
[2025-09-10T06:56:46.038+0000] {logging_mixin.py:190} INFO - [2025-09-10T06:56:46.038+0000] {dag.py:4180} INFO - Setting next_dagrun for espn_news_pipeline to 2025-09-09 07:00:00+00:00, run_after=2025-09-12 07:00:00+00:00
[2025-09-10T06:56:46.045+0000] {processor.py:208} INFO - Processing /opt/airflow/dags/news_pipeline.py took 0.063 seconds
[2025-09-10T06:57:16.306+0000] {processor.py:186} INFO - Started process (PID=91) to work on /opt/airflow/dags/news_pipeline.py
[2025-09-10T06:57:16.307+0000] {processor.py:914} INFO - Processing file /opt/airflow/dags/news_pipeline.py for tasks to queue
[2025-09-10T06:57:16.308+0000] {logging_mixin.py:190} INFO - [2025-09-10T06:57:16.308+0000] {dagbag.py:588} INFO - Filling up the DagBag from /opt/airflow/dags/news_pipeline.py
[2025-09-10T06:57:16.315+0000] {processor.py:925} INFO - DAG(s) 'espn_news_pipeline' retrieved from /opt/airflow/dags/news_pipeline.py
[2025-09-10T06:57:16.328+0000] {logging_mixin.py:190} INFO - [2025-09-10T06:57:16.328+0000] {dag.py:3239} INFO - Sync 1 DAGs
[2025-09-10T06:57:16.338+0000] {logging_mixin.py:190} INFO - [2025-09-10T06:57:16.338+0000] {dag.py:4180} INFO - Setting next_dagrun for espn_news_pipeline to 2025-09-09 07:00:00+00:00, run_after=2025-09-12 07:00:00+00:00
[2025-09-10T06:57:16.345+0000] {processor.py:208} INFO - Processing /opt/airflow/dags/news_pipeline.py took 0.042 seconds
[2025-09-10T06:57:46.683+0000] {processor.py:186} INFO - Started process (PID=92) to work on /opt/airflow/dags/news_pipeline.py
[2025-09-10T06:57:46.683+0000] {processor.py:914} INFO - Processing file /opt/airflow/dags/news_pipeline.py for tasks to queue
[2025-09-10T06:57:46.686+0000] {logging_mixin.py:190} INFO - [2025-09-10T06:57:46.685+0000] {dagbag.py:588} INFO - Filling up the DagBag from /opt/airflow/dags/news_pipeline.py
[2025-09-10T06:57:46.696+0000] {processor.py:925} INFO - DAG(s) 'espn_news_pipeline' retrieved from /opt/airflow/dags/news_pipeline.py
[2025-09-10T06:57:46.712+0000] {logging_mixin.py:190} INFO - [2025-09-10T06:57:46.712+0000] {dag.py:3239} INFO - Sync 1 DAGs
[2025-09-10T06:57:46.723+0000] {logging_mixin.py:190} INFO - [2025-09-10T06:57:46.723+0000] {dag.py:4180} INFO - Setting next_dagrun for espn_news_pipeline to 2025-09-09 07:00:00+00:00, run_after=2025-09-12 07:00:00+00:00
[2025-09-10T06:57:46.730+0000] {processor.py:208} INFO - Processing /opt/airflow/dags/news_pipeline.py took 0.054 seconds
[2025-09-10T06:58:17.033+0000] {processor.py:186} INFO - Started process (PID=93) to work on /opt/airflow/dags/news_pipeline.py
[2025-09-10T06:58:17.033+0000] {processor.py:914} INFO - Processing file /opt/airflow/dags/news_pipeline.py for tasks to queue
[2025-09-10T06:58:17.037+0000] {logging_mixin.py:190} INFO - [2025-09-10T06:58:17.036+0000] {dagbag.py:588} INFO - Filling up the DagBag from /opt/airflow/dags/news_pipeline.py
[2025-09-10T06:58:17.049+0000] {processor.py:925} INFO - DAG(s) 'espn_news_pipeline' retrieved from /opt/airflow/dags/news_pipeline.py
[2025-09-10T06:58:17.069+0000] {logging_mixin.py:190} INFO - [2025-09-10T06:58:17.069+0000] {dag.py:3239} INFO - Sync 1 DAGs
[2025-09-10T06:58:17.080+0000] {logging_mixin.py:190} INFO - [2025-09-10T06:58:17.080+0000] {dag.py:4180} INFO - Setting next_dagrun for espn_news_pipeline to 2025-09-09 07:00:00+00:00, run_after=2025-09-12 07:00:00+00:00
[2025-09-10T06:58:17.087+0000] {processor.py:208} INFO - Processing /opt/airflow/dags/news_pipeline.py took 0.064 seconds
[2025-09-10T06:58:47.408+0000] {processor.py:186} INFO - Started process (PID=94) to work on /opt/airflow/dags/news_pipeline.py
[2025-09-10T06:58:47.409+0000] {processor.py:914} INFO - Processing file /opt/airflow/dags/news_pipeline.py for tasks to queue
[2025-09-10T06:58:47.411+0000] {logging_mixin.py:190} INFO - [2025-09-10T06:58:47.411+0000] {dagbag.py:588} INFO - Filling up the DagBag from /opt/airflow/dags/news_pipeline.py
[2025-09-10T06:58:47.422+0000] {processor.py:925} INFO - DAG(s) 'espn_news_pipeline' retrieved from /opt/airflow/dags/news_pipeline.py
[2025-09-10T06:58:47.450+0000] {logging_mixin.py:190} INFO - [2025-09-10T06:58:47.450+0000] {dag.py:3239} INFO - Sync 1 DAGs
[2025-09-10T06:58:47.469+0000] {logging_mixin.py:190} INFO - [2025-09-10T06:58:47.469+0000] {dag.py:4180} INFO - Setting next_dagrun for espn_news_pipeline to 2025-09-09 07:00:00+00:00, run_after=2025-09-12 07:00:00+00:00
[2025-09-10T06:58:47.479+0000] {processor.py:208} INFO - Processing /opt/airflow/dags/news_pipeline.py took 0.081 seconds
[2025-09-10T06:59:17.750+0000] {processor.py:186} INFO - Started process (PID=95) to work on /opt/airflow/dags/news_pipeline.py
[2025-09-10T06:59:17.750+0000] {processor.py:914} INFO - Processing file /opt/airflow/dags/news_pipeline.py for tasks to queue
[2025-09-10T06:59:17.752+0000] {logging_mixin.py:190} INFO - [2025-09-10T06:59:17.752+0000] {dagbag.py:588} INFO - Filling up the DagBag from /opt/airflow/dags/news_pipeline.py
[2025-09-10T06:59:17.761+0000] {processor.py:925} INFO - DAG(s) 'espn_news_pipeline' retrieved from /opt/airflow/dags/news_pipeline.py
[2025-09-10T06:59:17.778+0000] {logging_mixin.py:190} INFO - [2025-09-10T06:59:17.778+0000] {dag.py:3239} INFO - Sync 1 DAGs
[2025-09-10T06:59:17.788+0000] {logging_mixin.py:190} INFO - [2025-09-10T06:59:17.788+0000] {dag.py:4180} INFO - Setting next_dagrun for espn_news_pipeline to 2025-09-09 07:00:00+00:00, run_after=2025-09-12 07:00:00+00:00
[2025-09-10T06:59:17.795+0000] {processor.py:208} INFO - Processing /opt/airflow/dags/news_pipeline.py took 0.053 seconds
[2025-09-10T06:59:48.077+0000] {processor.py:186} INFO - Started process (PID=96) to work on /opt/airflow/dags/news_pipeline.py
[2025-09-10T06:59:48.078+0000] {processor.py:914} INFO - Processing file /opt/airflow/dags/news_pipeline.py for tasks to queue
[2025-09-10T06:59:48.081+0000] {logging_mixin.py:190} INFO - [2025-09-10T06:59:48.080+0000] {dagbag.py:588} INFO - Filling up the DagBag from /opt/airflow/dags/news_pipeline.py
[2025-09-10T06:59:48.093+0000] {processor.py:925} INFO - DAG(s) 'espn_news_pipeline' retrieved from /opt/airflow/dags/news_pipeline.py
[2025-09-10T06:59:48.112+0000] {logging_mixin.py:190} INFO - [2025-09-10T06:59:48.112+0000] {dag.py:3239} INFO - Sync 1 DAGs
[2025-09-10T06:59:48.124+0000] {logging_mixin.py:190} INFO - [2025-09-10T06:59:48.124+0000] {dag.py:4180} INFO - Setting next_dagrun for espn_news_pipeline to 2025-09-09 07:00:00+00:00, run_after=2025-09-12 07:00:00+00:00
[2025-09-10T06:59:48.131+0000] {processor.py:208} INFO - Processing /opt/airflow/dags/news_pipeline.py took 0.062 seconds
[2025-09-10T07:00:18.379+0000] {processor.py:186} INFO - Started process (PID=97) to work on /opt/airflow/dags/news_pipeline.py
[2025-09-10T07:00:18.380+0000] {processor.py:914} INFO - Processing file /opt/airflow/dags/news_pipeline.py for tasks to queue
[2025-09-10T07:00:18.382+0000] {logging_mixin.py:190} INFO - [2025-09-10T07:00:18.382+0000] {dagbag.py:588} INFO - Filling up the DagBag from /opt/airflow/dags/news_pipeline.py
[2025-09-10T07:00:18.395+0000] {processor.py:925} INFO - DAG(s) 'espn_news_pipeline' retrieved from /opt/airflow/dags/news_pipeline.py
[2025-09-10T07:00:18.421+0000] {logging_mixin.py:190} INFO - [2025-09-10T07:00:18.421+0000] {dag.py:3239} INFO - Sync 1 DAGs
[2025-09-10T07:00:18.436+0000] {logging_mixin.py:190} INFO - [2025-09-10T07:00:18.436+0000] {dag.py:4180} INFO - Setting next_dagrun for espn_news_pipeline to 2025-09-09 07:00:00+00:00, run_after=2025-09-12 07:00:00+00:00
[2025-09-10T07:00:18.444+0000] {processor.py:208} INFO - Processing /opt/airflow/dags/news_pipeline.py took 0.072 seconds
[2025-09-10T07:00:48.658+0000] {processor.py:186} INFO - Started process (PID=98) to work on /opt/airflow/dags/news_pipeline.py
[2025-09-10T07:00:48.659+0000] {processor.py:914} INFO - Processing file /opt/airflow/dags/news_pipeline.py for tasks to queue
[2025-09-10T07:00:48.662+0000] {logging_mixin.py:190} INFO - [2025-09-10T07:00:48.661+0000] {dagbag.py:588} INFO - Filling up the DagBag from /opt/airflow/dags/news_pipeline.py
[2025-09-10T07:00:48.676+0000] {processor.py:925} INFO - DAG(s) 'espn_news_pipeline' retrieved from /opt/airflow/dags/news_pipeline.py
[2025-09-10T07:00:48.696+0000] {logging_mixin.py:190} INFO - [2025-09-10T07:00:48.696+0000] {dag.py:3239} INFO - Sync 1 DAGs
[2025-09-10T07:00:48.708+0000] {logging_mixin.py:190} INFO - [2025-09-10T07:00:48.708+0000] {dag.py:4180} INFO - Setting next_dagrun for espn_news_pipeline to 2025-09-09 07:00:00+00:00, run_after=2025-09-12 07:00:00+00:00
[2025-09-10T07:00:48.715+0000] {processor.py:208} INFO - Processing /opt/airflow/dags/news_pipeline.py took 0.068 seconds
[2025-09-10T07:01:18.997+0000] {processor.py:186} INFO - Started process (PID=99) to work on /opt/airflow/dags/news_pipeline.py
[2025-09-10T07:01:19.000+0000] {processor.py:914} INFO - Processing file /opt/airflow/dags/news_pipeline.py for tasks to queue
[2025-09-10T07:01:19.006+0000] {logging_mixin.py:190} INFO - [2025-09-10T07:01:19.005+0000] {dagbag.py:588} INFO - Filling up the DagBag from /opt/airflow/dags/news_pipeline.py
[2025-09-10T07:01:19.021+0000] {processor.py:925} INFO - DAG(s) 'espn_news_pipeline' retrieved from /opt/airflow/dags/news_pipeline.py
[2025-09-10T07:01:19.044+0000] {logging_mixin.py:190} INFO - [2025-09-10T07:01:19.044+0000] {dag.py:3239} INFO - Sync 1 DAGs
[2025-09-10T07:01:19.058+0000] {logging_mixin.py:190} INFO - [2025-09-10T07:01:19.058+0000] {dag.py:4180} INFO - Setting next_dagrun for espn_news_pipeline to 2025-09-09 07:00:00+00:00, run_after=2025-09-12 07:00:00+00:00
[2025-09-10T07:01:19.066+0000] {processor.py:208} INFO - Processing /opt/airflow/dags/news_pipeline.py took 0.078 seconds
[2025-09-10T07:01:49.333+0000] {processor.py:186} INFO - Started process (PID=100) to work on /opt/airflow/dags/news_pipeline.py
[2025-09-10T07:01:49.334+0000] {processor.py:914} INFO - Processing file /opt/airflow/dags/news_pipeline.py for tasks to queue
[2025-09-10T07:01:49.337+0000] {logging_mixin.py:190} INFO - [2025-09-10T07:01:49.337+0000] {dagbag.py:588} INFO - Filling up the DagBag from /opt/airflow/dags/news_pipeline.py
[2025-09-10T07:01:49.354+0000] {processor.py:925} INFO - DAG(s) 'espn_news_pipeline' retrieved from /opt/airflow/dags/news_pipeline.py
[2025-09-10T07:01:49.376+0000] {logging_mixin.py:190} INFO - [2025-09-10T07:01:49.376+0000] {dag.py:3239} INFO - Sync 1 DAGs
[2025-09-10T07:01:49.389+0000] {logging_mixin.py:190} INFO - [2025-09-10T07:01:49.389+0000] {dag.py:4180} INFO - Setting next_dagrun for espn_news_pipeline to 2025-09-09 07:00:00+00:00, run_after=2025-09-12 07:00:00+00:00
[2025-09-10T07:01:49.397+0000] {processor.py:208} INFO - Processing /opt/airflow/dags/news_pipeline.py took 0.074 seconds
[2025-09-10T07:02:19.691+0000] {processor.py:186} INFO - Started process (PID=101) to work on /opt/airflow/dags/news_pipeline.py
[2025-09-10T07:02:19.692+0000] {processor.py:914} INFO - Processing file /opt/airflow/dags/news_pipeline.py for tasks to queue
[2025-09-10T07:02:19.697+0000] {logging_mixin.py:190} INFO - [2025-09-10T07:02:19.697+0000] {dagbag.py:588} INFO - Filling up the DagBag from /opt/airflow/dags/news_pipeline.py
[2025-09-10T07:02:19.716+0000] {processor.py:925} INFO - DAG(s) 'espn_news_pipeline' retrieved from /opt/airflow/dags/news_pipeline.py
[2025-09-10T07:02:19.762+0000] {logging_mixin.py:190} INFO - [2025-09-10T07:02:19.761+0000] {dag.py:3239} INFO - Sync 1 DAGs
[2025-09-10T07:02:19.781+0000] {logging_mixin.py:190} INFO - [2025-09-10T07:02:19.781+0000] {dag.py:4180} INFO - Setting next_dagrun for espn_news_pipeline to 2025-09-09 07:00:00+00:00, run_after=2025-09-12 07:00:00+00:00
[2025-09-10T07:02:19.789+0000] {processor.py:208} INFO - Processing /opt/airflow/dags/news_pipeline.py took 0.109 seconds
[2025-09-10T07:02:50.002+0000] {processor.py:186} INFO - Started process (PID=102) to work on /opt/airflow/dags/news_pipeline.py
[2025-09-10T07:02:50.003+0000] {processor.py:914} INFO - Processing file /opt/airflow/dags/news_pipeline.py for tasks to queue
[2025-09-10T07:02:50.006+0000] {logging_mixin.py:190} INFO - [2025-09-10T07:02:50.005+0000] {dagbag.py:588} INFO - Filling up the DagBag from /opt/airflow/dags/news_pipeline.py
[2025-09-10T07:02:50.019+0000] {processor.py:925} INFO - DAG(s) 'espn_news_pipeline' retrieved from /opt/airflow/dags/news_pipeline.py
[2025-09-10T07:02:50.038+0000] {logging_mixin.py:190} INFO - [2025-09-10T07:02:50.038+0000] {dag.py:3239} INFO - Sync 1 DAGs
[2025-09-10T07:02:50.049+0000] {logging_mixin.py:190} INFO - [2025-09-10T07:02:50.049+0000] {dag.py:4180} INFO - Setting next_dagrun for espn_news_pipeline to 2025-09-09 07:00:00+00:00, run_after=2025-09-12 07:00:00+00:00
[2025-09-10T07:02:50.056+0000] {processor.py:208} INFO - Processing /opt/airflow/dags/news_pipeline.py took 0.063 seconds
[2025-09-10T07:03:20.379+0000] {processor.py:186} INFO - Started process (PID=103) to work on /opt/airflow/dags/news_pipeline.py
[2025-09-10T07:03:20.380+0000] {processor.py:914} INFO - Processing file /opt/airflow/dags/news_pipeline.py for tasks to queue
[2025-09-10T07:03:20.383+0000] {logging_mixin.py:190} INFO - [2025-09-10T07:03:20.383+0000] {dagbag.py:588} INFO - Filling up the DagBag from /opt/airflow/dags/news_pipeline.py
[2025-09-10T07:03:20.395+0000] {processor.py:925} INFO - DAG(s) 'espn_news_pipeline' retrieved from /opt/airflow/dags/news_pipeline.py
[2025-09-10T07:03:20.416+0000] {logging_mixin.py:190} INFO - [2025-09-10T07:03:20.416+0000] {dag.py:3239} INFO - Sync 1 DAGs
[2025-09-10T07:03:20.430+0000] {logging_mixin.py:190} INFO - [2025-09-10T07:03:20.430+0000] {dag.py:4180} INFO - Setting next_dagrun for espn_news_pipeline to 2025-09-09 07:00:00+00:00, run_after=2025-09-12 07:00:00+00:00
[2025-09-10T07:03:20.439+0000] {processor.py:208} INFO - Processing /opt/airflow/dags/news_pipeline.py took 0.066 seconds
[2025-09-10T07:03:50.644+0000] {processor.py:186} INFO - Started process (PID=104) to work on /opt/airflow/dags/news_pipeline.py
[2025-09-10T07:03:50.644+0000] {processor.py:914} INFO - Processing file /opt/airflow/dags/news_pipeline.py for tasks to queue
[2025-09-10T07:03:50.645+0000] {logging_mixin.py:190} INFO - [2025-09-10T07:03:50.645+0000] {dagbag.py:588} INFO - Filling up the DagBag from /opt/airflow/dags/news_pipeline.py
[2025-09-10T07:03:50.652+0000] {processor.py:925} INFO - DAG(s) 'espn_news_pipeline' retrieved from /opt/airflow/dags/news_pipeline.py
[2025-09-10T07:03:50.668+0000] {logging_mixin.py:190} INFO - [2025-09-10T07:03:50.668+0000] {dag.py:3239} INFO - Sync 1 DAGs
[2025-09-10T07:03:50.680+0000] {logging_mixin.py:190} INFO - [2025-09-10T07:03:50.680+0000] {dag.py:4180} INFO - Setting next_dagrun for espn_news_pipeline to 2025-09-09 07:00:00+00:00, run_after=2025-09-12 07:00:00+00:00
[2025-09-10T07:03:50.688+0000] {processor.py:208} INFO - Processing /opt/airflow/dags/news_pipeline.py took 0.048 seconds
[2025-09-10T07:04:21.011+0000] {processor.py:186} INFO - Started process (PID=105) to work on /opt/airflow/dags/news_pipeline.py
[2025-09-10T07:04:21.012+0000] {processor.py:914} INFO - Processing file /opt/airflow/dags/news_pipeline.py for tasks to queue
[2025-09-10T07:04:21.016+0000] {logging_mixin.py:190} INFO - [2025-09-10T07:04:21.016+0000] {dagbag.py:588} INFO - Filling up the DagBag from /opt/airflow/dags/news_pipeline.py
[2025-09-10T07:04:21.034+0000] {processor.py:925} INFO - DAG(s) 'espn_news_pipeline' retrieved from /opt/airflow/dags/news_pipeline.py
[2025-09-10T07:04:21.056+0000] {logging_mixin.py:190} INFO - [2025-09-10T07:04:21.056+0000] {dag.py:3239} INFO - Sync 1 DAGs
[2025-09-10T07:04:21.068+0000] {logging_mixin.py:190} INFO - [2025-09-10T07:04:21.068+0000] {dag.py:4180} INFO - Setting next_dagrun for espn_news_pipeline to 2025-09-09 07:00:00+00:00, run_after=2025-09-12 07:00:00+00:00
[2025-09-10T07:04:21.075+0000] {processor.py:208} INFO - Processing /opt/airflow/dags/news_pipeline.py took 0.075 seconds
[2025-09-10T07:04:51.360+0000] {processor.py:186} INFO - Started process (PID=106) to work on /opt/airflow/dags/news_pipeline.py
[2025-09-10T07:04:51.360+0000] {processor.py:914} INFO - Processing file /opt/airflow/dags/news_pipeline.py for tasks to queue
[2025-09-10T07:04:51.362+0000] {logging_mixin.py:190} INFO - [2025-09-10T07:04:51.362+0000] {dagbag.py:588} INFO - Filling up the DagBag from /opt/airflow/dags/news_pipeline.py
[2025-09-10T07:04:51.369+0000] {processor.py:925} INFO - DAG(s) 'espn_news_pipeline' retrieved from /opt/airflow/dags/news_pipeline.py
[2025-09-10T07:04:51.384+0000] {logging_mixin.py:190} INFO - [2025-09-10T07:04:51.383+0000] {dag.py:3239} INFO - Sync 1 DAGs
[2025-09-10T07:04:51.394+0000] {logging_mixin.py:190} INFO - [2025-09-10T07:04:51.394+0000] {dag.py:4180} INFO - Setting next_dagrun for espn_news_pipeline to 2025-09-09 07:00:00+00:00, run_after=2025-09-12 07:00:00+00:00
[2025-09-10T07:04:51.400+0000] {processor.py:208} INFO - Processing /opt/airflow/dags/news_pipeline.py took 0.045 seconds
[2025-09-10T07:05:21.701+0000] {processor.py:186} INFO - Started process (PID=107) to work on /opt/airflow/dags/news_pipeline.py
[2025-09-10T07:05:21.702+0000] {processor.py:914} INFO - Processing file /opt/airflow/dags/news_pipeline.py for tasks to queue
[2025-09-10T07:05:21.705+0000] {logging_mixin.py:190} INFO - [2025-09-10T07:05:21.705+0000] {dagbag.py:588} INFO - Filling up the DagBag from /opt/airflow/dags/news_pipeline.py
[2025-09-10T07:05:21.717+0000] {processor.py:925} INFO - DAG(s) 'espn_news_pipeline' retrieved from /opt/airflow/dags/news_pipeline.py
[2025-09-10T07:05:21.735+0000] {logging_mixin.py:190} INFO - [2025-09-10T07:05:21.735+0000] {dag.py:3239} INFO - Sync 1 DAGs
[2025-09-10T07:05:21.747+0000] {logging_mixin.py:190} INFO - [2025-09-10T07:05:21.747+0000] {dag.py:4180} INFO - Setting next_dagrun for espn_news_pipeline to 2025-09-09 07:00:00+00:00, run_after=2025-09-12 07:00:00+00:00
[2025-09-10T07:05:21.755+0000] {processor.py:208} INFO - Processing /opt/airflow/dags/news_pipeline.py took 0.060 seconds
[2025-09-10T07:05:52.049+0000] {processor.py:186} INFO - Started process (PID=108) to work on /opt/airflow/dags/news_pipeline.py
[2025-09-10T07:05:52.050+0000] {processor.py:914} INFO - Processing file /opt/airflow/dags/news_pipeline.py for tasks to queue
[2025-09-10T07:05:52.052+0000] {logging_mixin.py:190} INFO - [2025-09-10T07:05:52.051+0000] {dagbag.py:588} INFO - Filling up the DagBag from /opt/airflow/dags/news_pipeline.py
[2025-09-10T07:05:52.061+0000] {processor.py:925} INFO - DAG(s) 'espn_news_pipeline' retrieved from /opt/airflow/dags/news_pipeline.py
[2025-09-10T07:05:52.080+0000] {logging_mixin.py:190} INFO - [2025-09-10T07:05:52.080+0000] {dag.py:3239} INFO - Sync 1 DAGs
[2025-09-10T07:05:52.091+0000] {logging_mixin.py:190} INFO - [2025-09-10T07:05:52.091+0000] {dag.py:4180} INFO - Setting next_dagrun for espn_news_pipeline to 2025-09-09 07:00:00+00:00, run_after=2025-09-12 07:00:00+00:00
[2025-09-10T07:05:52.099+0000] {processor.py:208} INFO - Processing /opt/airflow/dags/news_pipeline.py took 0.056 seconds
[2025-09-10T07:06:22.452+0000] {processor.py:186} INFO - Started process (PID=109) to work on /opt/airflow/dags/news_pipeline.py
[2025-09-10T07:06:22.453+0000] {processor.py:914} INFO - Processing file /opt/airflow/dags/news_pipeline.py for tasks to queue
[2025-09-10T07:06:22.455+0000] {logging_mixin.py:190} INFO - [2025-09-10T07:06:22.455+0000] {dagbag.py:588} INFO - Filling up the DagBag from /opt/airflow/dags/news_pipeline.py
[2025-09-10T07:06:22.467+0000] {processor.py:925} INFO - DAG(s) 'espn_news_pipeline' retrieved from /opt/airflow/dags/news_pipeline.py
[2025-09-10T07:06:22.485+0000] {logging_mixin.py:190} INFO - [2025-09-10T07:06:22.485+0000] {dag.py:3239} INFO - Sync 1 DAGs
[2025-09-10T07:06:22.496+0000] {logging_mixin.py:190} INFO - [2025-09-10T07:06:22.496+0000] {dag.py:4180} INFO - Setting next_dagrun for espn_news_pipeline to 2025-09-09 07:00:00+00:00, run_after=2025-09-12 07:00:00+00:00
[2025-09-10T07:06:22.503+0000] {processor.py:208} INFO - Processing /opt/airflow/dags/news_pipeline.py took 0.059 seconds
[2025-09-10T07:06:52.786+0000] {processor.py:186} INFO - Started process (PID=110) to work on /opt/airflow/dags/news_pipeline.py
[2025-09-10T07:06:52.786+0000] {processor.py:914} INFO - Processing file /opt/airflow/dags/news_pipeline.py for tasks to queue
[2025-09-10T07:06:52.788+0000] {logging_mixin.py:190} INFO - [2025-09-10T07:06:52.788+0000] {dagbag.py:588} INFO - Filling up the DagBag from /opt/airflow/dags/news_pipeline.py
[2025-09-10T07:06:52.797+0000] {processor.py:925} INFO - DAG(s) 'espn_news_pipeline' retrieved from /opt/airflow/dags/news_pipeline.py
[2025-09-10T07:06:52.814+0000] {logging_mixin.py:190} INFO - [2025-09-10T07:06:52.814+0000] {dag.py:3239} INFO - Sync 1 DAGs
[2025-09-10T07:06:52.824+0000] {logging_mixin.py:190} INFO - [2025-09-10T07:06:52.824+0000] {dag.py:4180} INFO - Setting next_dagrun for espn_news_pipeline to 2025-09-09 07:00:00+00:00, run_after=2025-09-12 07:00:00+00:00
[2025-09-10T07:06:52.831+0000] {processor.py:208} INFO - Processing /opt/airflow/dags/news_pipeline.py took 0.053 seconds
[2025-09-10T07:07:23.095+0000] {processor.py:186} INFO - Started process (PID=111) to work on /opt/airflow/dags/news_pipeline.py
[2025-09-10T07:07:23.096+0000] {processor.py:914} INFO - Processing file /opt/airflow/dags/news_pipeline.py for tasks to queue
[2025-09-10T07:07:23.099+0000] {logging_mixin.py:190} INFO - [2025-09-10T07:07:23.099+0000] {dagbag.py:588} INFO - Filling up the DagBag from /opt/airflow/dags/news_pipeline.py
[2025-09-10T07:07:23.112+0000] {processor.py:925} INFO - DAG(s) 'espn_news_pipeline' retrieved from /opt/airflow/dags/news_pipeline.py
[2025-09-10T07:07:23.159+0000] {logging_mixin.py:190} INFO - [2025-09-10T07:07:23.159+0000] {dag.py:3239} INFO - Sync 1 DAGs
[2025-09-10T07:07:23.172+0000] {logging_mixin.py:190} INFO - [2025-09-10T07:07:23.171+0000] {dag.py:4180} INFO - Setting next_dagrun for espn_news_pipeline to 2025-09-09 07:00:00+00:00, run_after=2025-09-12 07:00:00+00:00
[2025-09-10T07:07:23.179+0000] {processor.py:208} INFO - Processing /opt/airflow/dags/news_pipeline.py took 0.092 seconds
[2025-09-10T07:07:53.370+0000] {processor.py:186} INFO - Started process (PID=112) to work on /opt/airflow/dags/news_pipeline.py
[2025-09-10T07:07:53.370+0000] {processor.py:914} INFO - Processing file /opt/airflow/dags/news_pipeline.py for tasks to queue
[2025-09-10T07:07:53.372+0000] {logging_mixin.py:190} INFO - [2025-09-10T07:07:53.372+0000] {dagbag.py:588} INFO - Filling up the DagBag from /opt/airflow/dags/news_pipeline.py
[2025-09-10T07:07:53.378+0000] {processor.py:925} INFO - DAG(s) 'espn_news_pipeline' retrieved from /opt/airflow/dags/news_pipeline.py
[2025-09-10T07:07:53.392+0000] {logging_mixin.py:190} INFO - [2025-09-10T07:07:53.392+0000] {dag.py:3239} INFO - Sync 1 DAGs
[2025-09-10T07:07:53.402+0000] {logging_mixin.py:190} INFO - [2025-09-10T07:07:53.402+0000] {dag.py:4180} INFO - Setting next_dagrun for espn_news_pipeline to 2025-09-09 07:00:00+00:00, run_after=2025-09-12 07:00:00+00:00
[2025-09-10T07:07:53.408+0000] {processor.py:208} INFO - Processing /opt/airflow/dags/news_pipeline.py took 0.042 seconds
[2025-09-10T07:08:23.687+0000] {processor.py:186} INFO - Started process (PID=113) to work on /opt/airflow/dags/news_pipeline.py
[2025-09-10T07:08:23.688+0000] {processor.py:914} INFO - Processing file /opt/airflow/dags/news_pipeline.py for tasks to queue
[2025-09-10T07:08:23.693+0000] {logging_mixin.py:190} INFO - [2025-09-10T07:08:23.693+0000] {dagbag.py:588} INFO - Filling up the DagBag from /opt/airflow/dags/news_pipeline.py
[2025-09-10T07:08:23.709+0000] {processor.py:925} INFO - DAG(s) 'espn_news_pipeline' retrieved from /opt/airflow/dags/news_pipeline.py
[2025-09-10T07:08:23.731+0000] {logging_mixin.py:190} INFO - [2025-09-10T07:08:23.731+0000] {dag.py:3239} INFO - Sync 1 DAGs
[2025-09-10T07:08:23.743+0000] {logging_mixin.py:190} INFO - [2025-09-10T07:08:23.743+0000] {dag.py:4180} INFO - Setting next_dagrun for espn_news_pipeline to 2025-09-09 07:00:00+00:00, run_after=2025-09-12 07:00:00+00:00
[2025-09-10T07:08:23.751+0000] {processor.py:208} INFO - Processing /opt/airflow/dags/news_pipeline.py took 0.075 seconds
