[2025-08-22T17:59:16.502+0000] {local_task_job_runner.py:123} INFO - ::group::Pre task execution logs
[2025-08-22T17:59:16.512+0000] {taskinstance.py:2612} INFO - Dependencies all met for dep_context=non-requeueable deps ti=<TaskInstance: espn_news_pipeline.dbt_run manual__2025-08-22T17:59:04.152778+00:00 [queued]>
[2025-08-22T17:59:16.516+0000] {taskinstance.py:2612} INFO - Dependencies all met for dep_context=requeueable deps ti=<TaskInstance: espn_news_pipeline.dbt_run manual__2025-08-22T17:59:04.152778+00:00 [queued]>
[2025-08-22T17:59:16.516+0000] {taskinstance.py:2865} INFO - Starting attempt 1 of 1
[2025-08-22T17:59:16.523+0000] {taskinstance.py:2888} INFO - Executing <Task(BashOperator): dbt_run> on 2025-08-22 17:59:04.152778+00:00
[2025-08-22T17:59:16.525+0000] {standard_task_runner.py:72} INFO - Started process 704 to run task
[2025-08-22T17:59:16.528+0000] {standard_task_runner.py:104} INFO - Running: ['***', 'tasks', 'run', 'espn_news_pipeline', 'dbt_run', 'manual__2025-08-22T17:59:04.152778+00:00', '--job-id', '39', '--raw', '--subdir', 'DAGS_FOLDER/news_pipeline.py', '--cfg-path', '/tmp/tmprbf9lphc']
[2025-08-22T17:59:16.529+0000] {standard_task_runner.py:105} INFO - Job 39: Subtask dbt_run
[2025-08-22T17:59:16.552+0000] {task_command.py:467} INFO - Running <TaskInstance: espn_news_pipeline.dbt_run manual__2025-08-22T17:59:04.152778+00:00 [running]> on host 9594dc760a36
[2025-08-22T17:59:16.586+0000] {taskinstance.py:3131} INFO - Exporting env vars: AIRFLOW_CTX_DAG_OWNER='***' AIRFLOW_CTX_DAG_ID='espn_news_pipeline' AIRFLOW_CTX_TASK_ID='dbt_run' AIRFLOW_CTX_EXECUTION_DATE='2025-08-22T17:59:04.152778+00:00' AIRFLOW_CTX_TRY_NUMBER='1' AIRFLOW_CTX_DAG_RUN_ID='manual__2025-08-22T17:59:04.152778+00:00'
[2025-08-22T17:59:16.587+0000] {taskinstance.py:731} INFO - ::endgroup::
[2025-08-22T17:59:16.592+0000] {subprocess.py:63} INFO - Tmp dir root location: /tmp
[2025-08-22T17:59:16.593+0000] {subprocess.py:75} INFO - Running command: ['/usr/bin/bash', '-c', 'cd $DBT_PROJECT_DIR && /home/***/.local/bin/dbt run']
[2025-08-22T17:59:16.597+0000] {subprocess.py:86} INFO - Output:
[2025-08-22T17:59:17.596+0000] {subprocess.py:93} INFO - [0m17:59:17  Running with dbt=1.8.6
[2025-08-22T17:59:18.135+0000] {subprocess.py:93} INFO - [0m17:59:18  Registered adapter: snowflake=1.8.3
[2025-08-22T17:59:18.366+0000] {subprocess.py:93} INFO - [0m17:59:18  [[33mWARNING[0m]: Configuration paths exist in your dbt_project.yml file which do not apply to any resources.
[2025-08-22T17:59:18.367+0000] {subprocess.py:93} INFO - There are 1 unused configuration paths:
[2025-08-22T17:59:18.367+0000] {subprocess.py:93} INFO - - models.espn_project.example
[2025-08-22T17:59:18.469+0000] {subprocess.py:93} INFO - [0m17:59:18  Found 7 models, 459 macros
[2025-08-22T17:59:18.470+0000] {subprocess.py:93} INFO - [0m17:59:18
[2025-08-22T17:59:19.655+0000] {subprocess.py:93} INFO - [0m17:59:19  Concurrency: 4 threads (target='dev')
[2025-08-22T17:59:19.656+0000] {subprocess.py:93} INFO - [0m17:59:19
[2025-08-22T17:59:19.666+0000] {subprocess.py:93} INFO - [0m17:59:19  1 of 7 START sql view model MODELS.stg_news_raw ................................ [RUN]
[2025-08-22T17:59:20.507+0000] {subprocess.py:93} INFO - [0m17:59:20  1 of 7 OK created sql view model MODELS.stg_news_raw ........................... [[32mSUCCESS 1[0m in 0.84s]
[2025-08-22T17:59:20.511+0000] {subprocess.py:93} INFO - [0m17:59:20  2 of 7 START sql view model MODELS.articles_raw ................................ [RUN]
[2025-08-22T17:59:21.639+0000] {subprocess.py:93} INFO - [0m17:59:21  2 of 7 OK created sql view model MODELS.articles_raw ........................... [[32mSUCCESS 1[0m in 1.12s]
[2025-08-22T17:59:21.642+0000] {subprocess.py:93} INFO - [0m17:59:21  3 of 7 START sql table model MODELS.articles ................................... [RUN]
[2025-08-22T17:59:21.642+0000] {subprocess.py:93} INFO - [0m17:59:21  4 of 7 START sql view model MODELS.categories_raw .............................. [RUN]
[2025-08-22T17:59:21.642+0000] {subprocess.py:93} INFO - [0m17:59:21  5 of 7 START sql table model MODELS.images ..................................... [RUN]
[2025-08-22T17:59:21.643+0000] {subprocess.py:93} INFO - [0m17:59:21  6 of 7 START sql table model MODELS.links ...................................... [RUN]
[2025-08-22T17:59:22.388+0000] {subprocess.py:93} INFO - [0m17:59:22  4 of 7 OK created sql view model MODELS.categories_raw ......................... [[32mSUCCESS 1[0m in 0.74s]
[2025-08-22T17:59:22.392+0000] {subprocess.py:93} INFO - [0m17:59:22  7 of 7 START sql table model MODELS.categories ................................. [RUN]
[2025-08-22T17:59:23.977+0000] {subprocess.py:93} INFO - [0m17:59:23  5 of 7 OK created sql table model MODELS.images ................................ [[32mSUCCESS 1[0m in 2.32s]
[2025-08-22T17:59:23.998+0000] {subprocess.py:93} INFO - [0m17:59:23  7 of 7 OK created sql table model MODELS.categories ............................ [[32mSUCCESS 1[0m in 1.60s]
[2025-08-22T17:59:24.144+0000] {subprocess.py:93} INFO - [0m17:59:24  6 of 7 OK created sql table model MODELS.links ................................. [[32mSUCCESS 1[0m in 2.50s]
[2025-08-22T17:59:24.221+0000] {subprocess.py:93} INFO - [0m17:59:24  3 of 7 OK created sql table model MODELS.articles .............................. [[32mSUCCESS 1[0m in 2.58s]
[2025-08-22T17:59:24.229+0000] {subprocess.py:93} INFO - [0m17:59:24
[2025-08-22T17:59:24.230+0000] {subprocess.py:93} INFO - [0m17:59:24  Finished running 3 view models, 4 table models in 0 hours 0 minutes and 5.76 seconds (5.76s).
[2025-08-22T17:59:24.271+0000] {subprocess.py:93} INFO - [0m17:59:24
[2025-08-22T17:59:24.271+0000] {subprocess.py:93} INFO - [0m17:59:24  [32mCompleted successfully[0m
[2025-08-22T17:59:24.271+0000] {subprocess.py:93} INFO - [0m17:59:24
[2025-08-22T17:59:24.272+0000] {subprocess.py:93} INFO - [0m17:59:24  Done. PASS=7 WARN=0 ERROR=0 SKIP=0 TOTAL=7
[2025-08-22T17:59:24.948+0000] {subprocess.py:97} INFO - Command exited with return code 0
[2025-08-22T17:59:24.990+0000] {taskinstance.py:340} INFO - ::group::Post task execution logs
[2025-08-22T17:59:24.991+0000] {taskinstance.py:352} INFO - Marking task as SUCCESS. dag_id=espn_news_pipeline, task_id=dbt_run, run_id=manual__2025-08-22T17:59:04.152778+00:00, execution_date=20250822T175904, start_date=20250822T175916, end_date=20250822T175924
[2025-08-22T17:59:25.040+0000] {local_task_job_runner.py:266} INFO - Task exited with return code 0
[2025-08-22T17:59:25.057+0000] {taskinstance.py:3900} INFO - 1 downstream tasks scheduled from follow-on schedule check
[2025-08-22T17:59:25.058+0000] {local_task_job_runner.py:245} INFO - ::endgroup::
