[2025-09-21T07:23:02.066+0000] {local_task_job_runner.py:120} INFO - ::group::Pre task execution logs
[2025-09-21T07:23:02.075+0000] {taskinstance.py:2076} INFO - Dependencies all met for dep_context=non-requeueable deps ti=<TaskInstance: espn_news_pipeline.dbt_setup manual__2025-09-21T07:22:51.635782+00:00 [queued]>
[2025-09-21T07:23:02.077+0000] {taskinstance.py:2076} INFO - Dependencies all met for dep_context=requeueable deps ti=<TaskInstance: espn_news_pipeline.dbt_setup manual__2025-09-21T07:22:51.635782+00:00 [queued]>
[2025-09-21T07:23:02.077+0000] {taskinstance.py:2306} INFO - Starting attempt 1 of 1
[2025-09-21T07:23:02.082+0000] {taskinstance.py:2330} INFO - Executing <Task(BashOperator): dbt_setup> on 2025-09-21 07:22:51.635782+00:00
[2025-09-21T07:23:02.084+0000] {standard_task_runner.py:64} INFO - Started process 406 to run task
[2025-09-21T07:23:02.086+0000] {standard_task_runner.py:90} INFO - Running: ['airflow', 'tasks', 'run', 'espn_news_pipeline', 'dbt_setup', 'manual__2025-09-21T07:22:51.635782+00:00', '--job-id', '19', '--raw', '--subdir', 'DAGS_FOLDER/news_pipeline.py', '--cfg-path', '/tmp/tmpmya1bxup']
[2025-09-21T07:23:02.087+0000] {standard_task_runner.py:91} INFO - Job 19: Subtask dbt_setup
[2025-09-21T07:23:02.102+0000] {task_command.py:426} INFO - Running <TaskInstance: espn_news_pipeline.dbt_setup manual__2025-09-21T07:22:51.635782+00:00 [running]> on host ec82c1b2067c
[2025-09-21T07:23:02.125+0000] {taskinstance.py:2648} INFO - Exporting env vars: AIRFLOW_CTX_DAG_OWNER='airflow' AIRFLOW_CTX_DAG_ID='espn_news_pipeline' AIRFLOW_CTX_TASK_ID='dbt_setup' AIRFLOW_CTX_EXECUTION_DATE='2025-09-21T07:22:51.635782+00:00' AIRFLOW_CTX_TRY_NUMBER='1' AIRFLOW_CTX_DAG_RUN_ID='manual__2025-09-21T07:22:51.635782+00:00'
[2025-09-21T07:23:02.125+0000] {taskinstance.py:430} INFO - ::endgroup::
[2025-09-21T07:23:02.129+0000] {subprocess.py:63} INFO - Tmp dir root location: /tmp
[2025-09-21T07:23:02.130+0000] {subprocess.py:75} INFO - Running command: ['/usr/bin/bash', '-c', 'cd $DBT_PROJECT_DIR && /home/airflow/.local/bin/dbt deps']
[2025-09-21T07:23:02.133+0000] {subprocess.py:86} INFO - Output:
[2025-09-21T07:23:02.999+0000] {subprocess.py:93} INFO - [0m07:23:02  Running with dbt=1.8.9
[2025-09-21T07:23:03.048+0000] {subprocess.py:93} INFO - [0m07:23:03  Warning: No packages were found in packages.yml
[2025-09-21T07:23:03.051+0000] {subprocess.py:93} INFO - [0m07:23:03  Warning: No packages were found in packages.yml
[2025-09-21T07:23:03.569+0000] {subprocess.py:97} INFO - Command exited with return code 0
[2025-09-21T07:23:03.570+0000] {taskinstance.py:441} INFO - ::group::Post task execution logs
[2025-09-21T07:23:03.577+0000] {taskinstance.py:1206} INFO - Marking task as SUCCESS. dag_id=espn_news_pipeline, task_id=dbt_setup, run_id=manual__2025-09-21T07:22:51.635782+00:00, execution_date=20250921T072251, start_date=20250921T072302, end_date=20250921T072303
[2025-09-21T07:23:03.605+0000] {local_task_job_runner.py:243} INFO - Task exited with return code 0
[2025-09-21T07:23:03.613+0000] {taskinstance.py:3503} INFO - 1 downstream tasks scheduled from follow-on schedule check
[2025-09-21T07:23:03.614+0000] {local_task_job_runner.py:222} INFO - ::endgroup::
