[0m16:14:18.278162 [debug] [MainThread]: Sending event: {'category': 'dbt', 'action': 'invocation', 'label': 'start', 'context': [<snowplow_tracker.self_describing_json.SelfDescribingJson object at 0x110c80100>, <snowplow_tracker.self_describing_json.SelfDescribingJson object at 0x111f48d90>, <snowplow_tracker.self_describing_json.SelfDescribingJson object at 0x111f491e0>]}


============================== 16:14:18.280579 | 00fca81f-f148-40f0-84eb-3a3ee0f88d9f ==============================
[0m16:14:18.280579 [info ] [MainThread]: Running with dbt=1.10.6
[0m16:14:18.280892 [debug] [MainThread]: running dbt with arguments {'printer_width': '80', 'indirect_selection': 'eager', 'write_json': 'True', 'log_cache_events': 'False', 'partial_parse': 'True', 'cache_selected_only': 'False', 'profiles_dir': '/Users/andrewtaylor/.dbt', 'version_check': 'True', 'fail_fast': 'False', 'log_path': 'logs', 'warn_error': 'None', 'debug': 'False', 'use_colors': 'True', 'use_experimental_parser': 'False', 'no_print': 'None', 'quiet': 'False', 'empty': 'None', 'warn_error_options': 'WarnErrorOptionsV2(error=[], warn=[], silence=[])', 'static_parser': 'True', 'introspect': 'True', 'invocation_command': 'dbt init espn_project', 'target_path': 'None', 'log_format': 'default', 'send_anonymous_usage_stats': 'True'}
[0m16:14:18.289627 [info ] [MainThread]: Creating dbt configuration folder at /Users/andrewtaylor/.dbt
[0m16:14:18.290818 [debug] [MainThread]: Starter project path: /Users/andrewtaylor/Desktop/ESPN_project/.venv/lib/python3.10/site-packages/dbt/include/starter_project
[0m16:14:18.295510 [info ] [MainThread]: 
Your new dbt project "espn_project" was created!

For more information on how to configure the profiles.yml file,
please consult the dbt documentation here:

  https://docs.getdbt.com/docs/configure-your-profile

One more thing:

Need help? Don't hesitate to reach out to us via GitHub issues or on Slack:

  https://community.getdbt.com/

Happy modeling!

[0m16:14:18.295736 [info ] [MainThread]: Setting up your profile.
[0m16:28:42.995238 [info ] [MainThread]: Profile espn_project written to /Users/andrewtaylor/.dbt/profiles.yml using target's profile_template.yml and your supplied values. Run 'dbt debug' to validate the connection.
[0m16:28:43.223274 [debug] [MainThread]: Resource report: {"command_name": "init", "command_success": true, "command_wall_clock_time": 864.9959, "process_in_blocks": "0", "process_kernel_time": 0.242286, "process_mem_max_rss": "157843456", "process_out_blocks": "0", "process_user_time": 1.056176}
[0m16:28:43.228743 [debug] [MainThread]: Command `dbt init` succeeded at 16:28:43.228275 after 865.00 seconds
[0m16:28:43.230416 [debug] [MainThread]: Sending event: {'category': 'dbt', 'action': 'invocation', 'label': 'end', 'context': [<snowplow_tracker.self_describing_json.SelfDescribingJson object at 0x110c80100>, <snowplow_tracker.self_describing_json.SelfDescribingJson object at 0x116fef1f0>, <snowplow_tracker.self_describing_json.SelfDescribingJson object at 0x111f4b6d0>]}
[0m16:28:43.231768 [debug] [MainThread]: Flushing usage events
[0m16:28:43.603255 [debug] [MainThread]: An error was encountered while trying to flush usage events
[0m10:49:06.891367 [debug] [MainThread]: Sending event: {'category': 'dbt', 'action': 'invocation', 'label': 'start', 'context': [<snowplow_tracker.self_describing_json.SelfDescribingJson object at 0x10464c070>, <snowplow_tracker.self_describing_json.SelfDescribingJson object at 0x106248fa0>, <snowplow_tracker.self_describing_json.SelfDescribingJson object at 0x1062493f0>]}


============================== 10:49:06.893917 | 61b7da96-fddf-4441-86fc-6e9def86347b ==============================
[0m10:49:06.893917 [info ] [MainThread]: Running with dbt=1.10.6
[0m10:49:06.894257 [debug] [MainThread]: running dbt with arguments {'printer_width': '80', 'indirect_selection': 'eager', 'write_json': 'True', 'log_cache_events': 'False', 'partial_parse': 'True', 'cache_selected_only': 'False', 'profiles_dir': '/Users/andrewtaylor/.dbt', 'version_check': 'True', 'fail_fast': 'False', 'log_path': 'logs', 'debug': 'False', 'warn_error': 'None', 'use_colors': 'True', 'use_experimental_parser': 'False', 'empty': 'False', 'quiet': 'False', 'no_print': 'None', 'log_format': 'default', 'invocation_command': 'dbt run --select stg_news_raw', 'introspect': 'True', 'static_parser': 'True', 'target_path': 'None', 'warn_error_options': 'WarnErrorOptionsV2(error=[], warn=[], silence=[])', 'send_anonymous_usage_stats': 'True'}
[0m10:49:06.894607 [error] [MainThread]: Encountered an error:
Runtime Error
  No dbt_project.yml found at expected path /Users/andrewtaylor/Desktop/ESPN_project/dbt_project.yml
  Verify that each entry within packages.yml (and their transitive dependencies) contains a file named dbt_project.yml
  
[0m10:49:07.039558 [debug] [MainThread]: Resource report: {"command_name": "run", "command_success": false, "command_wall_clock_time": 0.20196979, "process_in_blocks": "0", "process_kernel_time": 0.155836, "process_mem_max_rss": "101531648", "process_out_blocks": "0", "process_user_time": 0.761972}
[0m10:49:07.040480 [debug] [MainThread]: Command `dbt run` failed at 10:49:07.040322 after 0.20 seconds
[0m10:49:07.041071 [debug] [MainThread]: Sending event: {'category': 'dbt', 'action': 'invocation', 'label': 'end', 'context': [<snowplow_tracker.self_describing_json.SelfDescribingJson object at 0x10464c070>, <snowplow_tracker.self_describing_json.SelfDescribingJson object at 0x106248340>, <snowplow_tracker.self_describing_json.SelfDescribingJson object at 0x106248cd0>]}
[0m10:49:07.041588 [debug] [MainThread]: Flushing usage events
[0m10:49:07.399256 [debug] [MainThread]: An error was encountered while trying to flush usage events
