[2025-09-21T07:31:52.261+0000] {local_task_job_runner.py:120} INFO - ::group::Pre task execution logs
[2025-09-21T07:31:52.272+0000] {taskinstance.py:2076} INFO - Dependencies all met for dep_context=non-requeueable deps ti=<TaskInstance: espn_news_pipeline.pull_api manual__2025-09-21T07:31:50.389205+00:00 [queued]>
[2025-09-21T07:31:52.274+0000] {taskinstance.py:2076} INFO - Dependencies all met for dep_context=requeueable deps ti=<TaskInstance: espn_news_pipeline.pull_api manual__2025-09-21T07:31:50.389205+00:00 [queued]>
[2025-09-21T07:31:52.274+0000] {taskinstance.py:2306} INFO - Starting attempt 1 of 1
[2025-09-21T07:31:52.278+0000] {taskinstance.py:2330} INFO - Executing <Task(PythonOperator): pull_api> on 2025-09-21 07:31:50.389205+00:00
[2025-09-21T07:31:52.280+0000] {standard_task_runner.py:64} INFO - Started process 119 to run task
[2025-09-21T07:31:52.282+0000] {standard_task_runner.py:90} INFO - Running: ['airflow', 'tasks', 'run', 'espn_news_pipeline', 'pull_api', 'manual__2025-09-21T07:31:50.389205+00:00', '--job-id', '25', '--raw', '--subdir', 'DAGS_FOLDER/news_pipeline.py', '--cfg-path', '/tmp/tmpw1w65_dk']
[2025-09-21T07:31:52.283+0000] {standard_task_runner.py:91} INFO - Job 25: Subtask pull_api
[2025-09-21T07:31:52.296+0000] {task_command.py:426} INFO - Running <TaskInstance: espn_news_pipeline.pull_api manual__2025-09-21T07:31:50.389205+00:00 [running]> on host 11a2a2c2ea7e
[2025-09-21T07:31:52.316+0000] {taskinstance.py:2648} INFO - Exporting env vars: AIRFLOW_CTX_DAG_OWNER='airflow' AIRFLOW_CTX_DAG_ID='espn_news_pipeline' AIRFLOW_CTX_TASK_ID='pull_api' AIRFLOW_CTX_EXECUTION_DATE='2025-09-21T07:31:50.389205+00:00' AIRFLOW_CTX_TRY_NUMBER='1' AIRFLOW_CTX_DAG_RUN_ID='manual__2025-09-21T07:31:50.389205+00:00'
[2025-09-21T07:31:52.317+0000] {taskinstance.py:430} INFO - ::endgroup::
[2025-09-21T07:31:52.604+0000] {logging_mixin.py:188} INFO - using account: ggjmket-vqb12267
[2025-09-21T07:31:52.604+0000] {logging_mixin.py:188} INFO - using PAT token for authentication
[2025-09-21T07:31:52.605+0000] {connection.py:408} INFO - Snowflake Connector for Python Version: 3.11.0, Python Version: 3.11.9, Platform: Linux-6.10.14-linuxkit-aarch64-with-glibc2.36
[2025-09-21T07:31:52.605+0000] {connection.py:1258} INFO - This connection is in OCSP Fail Open Mode. TLS Certificates would be checked for validity and revocation status. Any other Certificate Revocation related exceptions or OCSP Responder failures would be disregarded in favor of connectivity.
[2025-09-21T07:31:53.077+0000] {cursor.py:1149} INFO - Number of results in first chunk: 1
[2025-09-21T07:31:53.079+0000] {logging_mixin.py:188} INFO - ctx: ('WBB71043', 'AIRFLOW_ESPN_ROLE', None, 'API_DATA_DB', 'RAW_JSON')
[2025-09-21T07:31:53.245+0000] {cursor.py:1149} INFO - Number of results in first chunk: 4
[2025-09-21T07:31:53.246+0000] {logging_mixin.py:188} INFO - Available databases: ['API_DATA_DB', 'SNOWFLAKE', 'SNOWFLAKE_LEARNING_DB', 'SNOWFLAKE_SAMPLE_DATA']
[2025-09-21T07:31:53.357+0000] {cursor.py:1149} INFO - Number of results in first chunk: 2
[2025-09-21T07:31:53.359+0000] {logging_mixin.py:188} INFO - Available warehouses: ['SNOWFLAKE_LEARNING_WH', 'SYSTEM$STREAMLIT_NOTEBOOK_WH']
[2025-09-21T07:31:53.359+0000] {logging_mixin.py:188} INFO - Using warehouse: SNOWFLAKE_LEARNING_WH
[2025-09-21T07:31:53.467+0000] {cursor.py:1149} INFO - Number of results in first chunk: 1
[2025-09-21T07:31:53.601+0000] {cursor.py:1149} INFO - Number of results in first chunk: 1
[2025-09-21T07:31:53.602+0000] {logging_mixin.py:188} INFO - working on basketball nba
[2025-09-21T07:31:53.720+0000] {logging_mixin.py:188} INFO - basketball/nba call successful
[2025-09-21T07:31:53.722+0000] {logging_mixin.py:188} INFO - working on basketball mens-college-basketball
[2025-09-21T07:31:53.817+0000] {logging_mixin.py:188} INFO - basketball/mens-college-basketball call successful
[2025-09-21T07:31:53.819+0000] {logging_mixin.py:188} INFO - working on football nfl
[2025-09-21T07:31:53.911+0000] {logging_mixin.py:188} INFO - football/nfl call successful
[2025-09-21T07:31:53.912+0000] {logging_mixin.py:188} INFO - working on football college-football
[2025-09-21T07:31:54.076+0000] {logging_mixin.py:188} INFO - football/college-football call successful
[2025-09-21T07:31:54.080+0000] {logging_mixin.py:188} INFO - working on baseball mlb
[2025-09-21T07:31:54.169+0000] {logging_mixin.py:188} INFO - baseball/mlb call successful
[2025-09-21T07:31:54.170+0000] {logging_mixin.py:188} INFO - working on hockey nhl
[2025-09-21T07:31:54.265+0000] {logging_mixin.py:188} INFO - hockey/nhl call successful
[2025-09-21T07:31:54.267+0000] {logging_mixin.py:188} INFO - working on soccer usa.1
[2025-09-21T07:31:54.358+0000] {logging_mixin.py:188} INFO - soccer/usa.1 call successful
[2025-09-21T07:31:54.359+0000] {logging_mixin.py:188} INFO - working on mma ufc
[2025-09-21T07:31:54.471+0000] {logging_mixin.py:188} INFO - mma/ufc call successful
[2025-09-21T07:31:54.472+0000] {logging_mixin.py:188} INFO - working on golf pga
[2025-09-21T07:31:54.569+0000] {logging_mixin.py:188} INFO - golf/pga call successful
[2025-09-21T07:31:54.570+0000] {logging_mixin.py:188} INFO - working on tennis atp
[2025-09-21T07:31:54.652+0000] {logging_mixin.py:188} INFO - tennis/atp call successful
[2025-09-21T07:31:55.790+0000] {cursor.py:1149} INFO - Number of results in first chunk: 1
[2025-09-21T07:31:56.840+0000] {cursor.py:1149} INFO - Number of results in first chunk: 5
[2025-09-21T07:31:56.842+0000] {connection.py:773} INFO - closed
[2025-09-21T07:31:56.898+0000] {connection.py:779} INFO - No async queries seem to be running, deleting session
[2025-09-21T07:31:56.977+0000] {logging_mixin.py:188} INFO - ✅ ETL finished
[2025-09-21T07:31:56.978+0000] {python.py:237} INFO - Done. Returned value was: None
[2025-09-21T07:31:56.979+0000] {taskinstance.py:441} INFO - ::group::Post task execution logs
[2025-09-21T07:31:56.987+0000] {taskinstance.py:1206} INFO - Marking task as SUCCESS. dag_id=espn_news_pipeline, task_id=pull_api, run_id=manual__2025-09-21T07:31:50.389205+00:00, execution_date=20250921T073150, start_date=20250921T073152, end_date=20250921T073156
[2025-09-21T07:31:57.051+0000] {local_task_job_runner.py:243} INFO - Task exited with return code 0
[2025-09-21T07:31:57.067+0000] {taskinstance.py:3503} INFO - 1 downstream tasks scheduled from follow-on schedule check
[2025-09-21T07:31:57.070+0000] {local_task_job_runner.py:222} INFO - ::endgroup::
