[2025-09-21T00:00:16.392+0000] {processor.py:161} INFO - Started process (PID=139) to work on /opt/airflow/dags/news_pipeline.py
[2025-09-21T00:00:16.394+0000] {processor.py:830} INFO - Processing file /opt/airflow/dags/news_pipeline.py for tasks to queue
[2025-09-21T00:00:16.398+0000] {logging_mixin.py:188} INFO - [2025-09-21T00:00:16.397+0000] {dagbag.py:545} INFO - Filling up the DagBag from /opt/airflow/dags/news_pipeline.py
[2025-09-21T00:00:16.413+0000] {processor.py:840} INFO - DAG(s) 'espn_news_pipeline' retrieved from /opt/airflow/dags/news_pipeline.py
[2025-09-21T00:00:16.432+0000] {logging_mixin.py:188} INFO - [2025-09-21T00:00:16.432+0000] {dag.py:3089} INFO - Sync 1 DAGs
[2025-09-21T00:00:16.441+0000] {logging_mixin.py:188} INFO - [2025-09-21T00:00:16.441+0000] {dag.py:3947} INFO - Setting next_dagrun for espn_news_pipeline to 2025-09-21 00:00:00+00:00, run_after=2025-09-24 00:00:00+00:00
[2025-09-21T00:00:16.451+0000] {processor.py:183} INFO - Processing /opt/airflow/dags/news_pipeline.py took 0.067 seconds
[2025-09-21T00:00:46.622+0000] {processor.py:161} INFO - Started process (PID=140) to work on /opt/airflow/dags/news_pipeline.py
[2025-09-21T00:00:46.624+0000] {processor.py:830} INFO - Processing file /opt/airflow/dags/news_pipeline.py for tasks to queue
[2025-09-21T00:00:46.626+0000] {logging_mixin.py:188} INFO - [2025-09-21T00:00:46.625+0000] {dagbag.py:545} INFO - Filling up the DagBag from /opt/airflow/dags/news_pipeline.py
[2025-09-21T00:00:46.638+0000] {processor.py:840} INFO - DAG(s) 'espn_news_pipeline' retrieved from /opt/airflow/dags/news_pipeline.py
[2025-09-21T00:00:46.658+0000] {logging_mixin.py:188} INFO - [2025-09-21T00:00:46.658+0000] {dag.py:3089} INFO - Sync 1 DAGs
[2025-09-21T00:00:46.668+0000] {logging_mixin.py:188} INFO - [2025-09-21T00:00:46.668+0000] {dag.py:3947} INFO - Setting next_dagrun for espn_news_pipeline to 2025-09-21 00:00:00+00:00, run_after=2025-09-24 00:00:00+00:00
[2025-09-21T00:00:46.680+0000] {processor.py:183} INFO - Processing /opt/airflow/dags/news_pipeline.py took 0.066 seconds
[2025-09-21T00:01:16.868+0000] {processor.py:161} INFO - Started process (PID=141) to work on /opt/airflow/dags/news_pipeline.py
[2025-09-21T00:01:16.870+0000] {processor.py:830} INFO - Processing file /opt/airflow/dags/news_pipeline.py for tasks to queue
[2025-09-21T00:01:16.872+0000] {logging_mixin.py:188} INFO - [2025-09-21T00:01:16.872+0000] {dagbag.py:545} INFO - Filling up the DagBag from /opt/airflow/dags/news_pipeline.py
[2025-09-21T00:01:16.887+0000] {processor.py:840} INFO - DAG(s) 'espn_news_pipeline' retrieved from /opt/airflow/dags/news_pipeline.py
[2025-09-21T00:01:16.952+0000] {logging_mixin.py:188} INFO - [2025-09-21T00:01:16.952+0000] {dag.py:3089} INFO - Sync 1 DAGs
[2025-09-21T00:01:16.965+0000] {logging_mixin.py:188} INFO - [2025-09-21T00:01:16.965+0000] {dag.py:3947} INFO - Setting next_dagrun for espn_news_pipeline to 2025-09-21 00:00:00+00:00, run_after=2025-09-24 00:00:00+00:00
[2025-09-21T00:01:16.976+0000] {processor.py:183} INFO - Processing /opt/airflow/dags/news_pipeline.py took 0.125 seconds
[2025-09-21T00:01:47.210+0000] {processor.py:161} INFO - Started process (PID=142) to work on /opt/airflow/dags/news_pipeline.py
[2025-09-21T00:01:47.212+0000] {processor.py:830} INFO - Processing file /opt/airflow/dags/news_pipeline.py for tasks to queue
[2025-09-21T00:01:47.215+0000] {logging_mixin.py:188} INFO - [2025-09-21T00:01:47.215+0000] {dagbag.py:545} INFO - Filling up the DagBag from /opt/airflow/dags/news_pipeline.py
[2025-09-21T00:01:47.230+0000] {processor.py:840} INFO - DAG(s) 'espn_news_pipeline' retrieved from /opt/airflow/dags/news_pipeline.py
[2025-09-21T00:01:47.251+0000] {logging_mixin.py:188} INFO - [2025-09-21T00:01:47.251+0000] {dag.py:3089} INFO - Sync 1 DAGs
[2025-09-21T00:01:47.262+0000] {logging_mixin.py:188} INFO - [2025-09-21T00:01:47.262+0000] {dag.py:3947} INFO - Setting next_dagrun for espn_news_pipeline to 2025-09-21 00:00:00+00:00, run_after=2025-09-24 00:00:00+00:00
[2025-09-21T00:01:47.274+0000] {processor.py:183} INFO - Processing /opt/airflow/dags/news_pipeline.py took 0.076 seconds
[2025-09-21T00:02:17.442+0000] {processor.py:161} INFO - Started process (PID=143) to work on /opt/airflow/dags/news_pipeline.py
[2025-09-21T00:02:17.443+0000] {processor.py:830} INFO - Processing file /opt/airflow/dags/news_pipeline.py for tasks to queue
[2025-09-21T00:02:17.448+0000] {logging_mixin.py:188} INFO - [2025-09-21T00:02:17.447+0000] {dagbag.py:545} INFO - Filling up the DagBag from /opt/airflow/dags/news_pipeline.py
[2025-09-21T00:02:17.458+0000] {processor.py:840} INFO - DAG(s) 'espn_news_pipeline' retrieved from /opt/airflow/dags/news_pipeline.py
[2025-09-21T00:02:17.479+0000] {logging_mixin.py:188} INFO - [2025-09-21T00:02:17.479+0000] {dag.py:3089} INFO - Sync 1 DAGs
[2025-09-21T00:02:17.490+0000] {logging_mixin.py:188} INFO - [2025-09-21T00:02:17.490+0000] {dag.py:3947} INFO - Setting next_dagrun for espn_news_pipeline to 2025-09-21 00:00:00+00:00, run_after=2025-09-24 00:00:00+00:00
[2025-09-21T00:02:17.501+0000] {processor.py:183} INFO - Processing /opt/airflow/dags/news_pipeline.py took 0.071 seconds
[2025-09-21T00:02:47.656+0000] {processor.py:161} INFO - Started process (PID=144) to work on /opt/airflow/dags/news_pipeline.py
[2025-09-21T00:02:47.658+0000] {processor.py:830} INFO - Processing file /opt/airflow/dags/news_pipeline.py for tasks to queue
[2025-09-21T00:02:47.660+0000] {logging_mixin.py:188} INFO - [2025-09-21T00:02:47.660+0000] {dagbag.py:545} INFO - Filling up the DagBag from /opt/airflow/dags/news_pipeline.py
[2025-09-21T00:02:47.671+0000] {processor.py:840} INFO - DAG(s) 'espn_news_pipeline' retrieved from /opt/airflow/dags/news_pipeline.py
[2025-09-21T00:02:47.687+0000] {logging_mixin.py:188} INFO - [2025-09-21T00:02:47.687+0000] {dag.py:3089} INFO - Sync 1 DAGs
[2025-09-21T00:02:47.697+0000] {logging_mixin.py:188} INFO - [2025-09-21T00:02:47.697+0000] {dag.py:3947} INFO - Setting next_dagrun for espn_news_pipeline to 2025-09-21 00:00:00+00:00, run_after=2025-09-24 00:00:00+00:00
[2025-09-21T00:02:47.707+0000] {processor.py:183} INFO - Processing /opt/airflow/dags/news_pipeline.py took 0.062 seconds
[2025-09-21T00:03:17.886+0000] {processor.py:161} INFO - Started process (PID=145) to work on /opt/airflow/dags/news_pipeline.py
[2025-09-21T00:03:17.887+0000] {processor.py:830} INFO - Processing file /opt/airflow/dags/news_pipeline.py for tasks to queue
[2025-09-21T00:03:17.889+0000] {logging_mixin.py:188} INFO - [2025-09-21T00:03:17.889+0000] {dagbag.py:545} INFO - Filling up the DagBag from /opt/airflow/dags/news_pipeline.py
[2025-09-21T00:03:17.899+0000] {processor.py:840} INFO - DAG(s) 'espn_news_pipeline' retrieved from /opt/airflow/dags/news_pipeline.py
[2025-09-21T00:03:17.918+0000] {logging_mixin.py:188} INFO - [2025-09-21T00:03:17.917+0000] {dag.py:3089} INFO - Sync 1 DAGs
[2025-09-21T00:03:17.928+0000] {logging_mixin.py:188} INFO - [2025-09-21T00:03:17.928+0000] {dag.py:3947} INFO - Setting next_dagrun for espn_news_pipeline to 2025-09-21 00:00:00+00:00, run_after=2025-09-24 00:00:00+00:00
[2025-09-21T00:03:17.938+0000] {processor.py:183} INFO - Processing /opt/airflow/dags/news_pipeline.py took 0.060 seconds
[2025-09-21T00:03:48.111+0000] {processor.py:161} INFO - Started process (PID=146) to work on /opt/airflow/dags/news_pipeline.py
[2025-09-21T00:03:48.112+0000] {processor.py:830} INFO - Processing file /opt/airflow/dags/news_pipeline.py for tasks to queue
[2025-09-21T00:03:48.114+0000] {logging_mixin.py:188} INFO - [2025-09-21T00:03:48.113+0000] {dagbag.py:545} INFO - Filling up the DagBag from /opt/airflow/dags/news_pipeline.py
[2025-09-21T00:03:48.124+0000] {processor.py:840} INFO - DAG(s) 'espn_news_pipeline' retrieved from /opt/airflow/dags/news_pipeline.py
[2025-09-21T00:03:48.140+0000] {logging_mixin.py:188} INFO - [2025-09-21T00:03:48.140+0000] {dag.py:3089} INFO - Sync 1 DAGs
[2025-09-21T00:03:48.149+0000] {logging_mixin.py:188} INFO - [2025-09-21T00:03:48.149+0000] {dag.py:3947} INFO - Setting next_dagrun for espn_news_pipeline to 2025-09-21 00:00:00+00:00, run_after=2025-09-24 00:00:00+00:00
[2025-09-21T00:03:48.158+0000] {processor.py:183} INFO - Processing /opt/airflow/dags/news_pipeline.py took 0.056 seconds
[2025-09-21T00:04:18.370+0000] {processor.py:161} INFO - Started process (PID=147) to work on /opt/airflow/dags/news_pipeline.py
[2025-09-21T00:04:18.372+0000] {processor.py:830} INFO - Processing file /opt/airflow/dags/news_pipeline.py for tasks to queue
[2025-09-21T00:04:18.376+0000] {logging_mixin.py:188} INFO - [2025-09-21T00:04:18.375+0000] {dagbag.py:545} INFO - Filling up the DagBag from /opt/airflow/dags/news_pipeline.py
[2025-09-21T00:04:18.392+0000] {processor.py:840} INFO - DAG(s) 'espn_news_pipeline' retrieved from /opt/airflow/dags/news_pipeline.py
[2025-09-21T00:04:18.422+0000] {logging_mixin.py:188} INFO - [2025-09-21T00:04:18.421+0000] {dag.py:3089} INFO - Sync 1 DAGs
[2025-09-21T00:04:18.433+0000] {logging_mixin.py:188} INFO - [2025-09-21T00:04:18.433+0000] {dag.py:3947} INFO - Setting next_dagrun for espn_news_pipeline to 2025-09-21 00:00:00+00:00, run_after=2025-09-24 00:00:00+00:00
[2025-09-21T00:04:18.452+0000] {processor.py:183} INFO - Processing /opt/airflow/dags/news_pipeline.py took 0.092 seconds
[2025-09-21T00:04:48.602+0000] {processor.py:161} INFO - Started process (PID=148) to work on /opt/airflow/dags/news_pipeline.py
[2025-09-21T00:04:48.603+0000] {processor.py:830} INFO - Processing file /opt/airflow/dags/news_pipeline.py for tasks to queue
[2025-09-21T00:04:48.606+0000] {logging_mixin.py:188} INFO - [2025-09-21T00:04:48.606+0000] {dagbag.py:545} INFO - Filling up the DagBag from /opt/airflow/dags/news_pipeline.py
[2025-09-21T00:04:48.623+0000] {processor.py:840} INFO - DAG(s) 'espn_news_pipeline' retrieved from /opt/airflow/dags/news_pipeline.py
[2025-09-21T00:04:48.658+0000] {logging_mixin.py:188} INFO - [2025-09-21T00:04:48.658+0000] {dag.py:3089} INFO - Sync 1 DAGs
[2025-09-21T00:04:48.670+0000] {logging_mixin.py:188} INFO - [2025-09-21T00:04:48.670+0000] {dag.py:3947} INFO - Setting next_dagrun for espn_news_pipeline to 2025-09-21 00:00:00+00:00, run_after=2025-09-24 00:00:00+00:00
[2025-09-21T00:04:48.681+0000] {processor.py:183} INFO - Processing /opt/airflow/dags/news_pipeline.py took 0.089 seconds
[2025-09-21T00:05:18.865+0000] {processor.py:161} INFO - Started process (PID=149) to work on /opt/airflow/dags/news_pipeline.py
[2025-09-21T00:05:18.867+0000] {processor.py:830} INFO - Processing file /opt/airflow/dags/news_pipeline.py for tasks to queue
[2025-09-21T00:05:18.870+0000] {logging_mixin.py:188} INFO - [2025-09-21T00:05:18.870+0000] {dagbag.py:545} INFO - Filling up the DagBag from /opt/airflow/dags/news_pipeline.py
[2025-09-21T00:05:18.886+0000] {processor.py:840} INFO - DAG(s) 'espn_news_pipeline' retrieved from /opt/airflow/dags/news_pipeline.py
[2025-09-21T00:05:18.908+0000] {logging_mixin.py:188} INFO - [2025-09-21T00:05:18.907+0000] {dag.py:3089} INFO - Sync 1 DAGs
[2025-09-21T00:05:18.919+0000] {logging_mixin.py:188} INFO - [2025-09-21T00:05:18.919+0000] {dag.py:3947} INFO - Setting next_dagrun for espn_news_pipeline to 2025-09-21 00:00:00+00:00, run_after=2025-09-24 00:00:00+00:00
[2025-09-21T00:05:18.932+0000] {processor.py:183} INFO - Processing /opt/airflow/dags/news_pipeline.py took 0.081 seconds
[2025-09-21T00:05:49.074+0000] {processor.py:161} INFO - Started process (PID=150) to work on /opt/airflow/dags/news_pipeline.py
[2025-09-21T00:05:49.075+0000] {processor.py:830} INFO - Processing file /opt/airflow/dags/news_pipeline.py for tasks to queue
[2025-09-21T00:05:49.078+0000] {logging_mixin.py:188} INFO - [2025-09-21T00:05:49.077+0000] {dagbag.py:545} INFO - Filling up the DagBag from /opt/airflow/dags/news_pipeline.py
[2025-09-21T00:05:49.090+0000] {processor.py:840} INFO - DAG(s) 'espn_news_pipeline' retrieved from /opt/airflow/dags/news_pipeline.py
[2025-09-21T00:05:49.111+0000] {logging_mixin.py:188} INFO - [2025-09-21T00:05:49.111+0000] {dag.py:3089} INFO - Sync 1 DAGs
[2025-09-21T00:05:49.122+0000] {logging_mixin.py:188} INFO - [2025-09-21T00:05:49.122+0000] {dag.py:3947} INFO - Setting next_dagrun for espn_news_pipeline to 2025-09-21 00:00:00+00:00, run_after=2025-09-24 00:00:00+00:00
[2025-09-21T00:05:49.132+0000] {processor.py:183} INFO - Processing /opt/airflow/dags/news_pipeline.py took 0.066 seconds
[2025-09-21T00:06:19.317+0000] {processor.py:161} INFO - Started process (PID=151) to work on /opt/airflow/dags/news_pipeline.py
[2025-09-21T00:06:19.319+0000] {processor.py:830} INFO - Processing file /opt/airflow/dags/news_pipeline.py for tasks to queue
[2025-09-21T00:06:19.321+0000] {logging_mixin.py:188} INFO - [2025-09-21T00:06:19.321+0000] {dagbag.py:545} INFO - Filling up the DagBag from /opt/airflow/dags/news_pipeline.py
[2025-09-21T00:06:19.336+0000] {processor.py:840} INFO - DAG(s) 'espn_news_pipeline' retrieved from /opt/airflow/dags/news_pipeline.py
[2025-09-21T00:06:19.355+0000] {logging_mixin.py:188} INFO - [2025-09-21T00:06:19.355+0000] {dag.py:3089} INFO - Sync 1 DAGs
[2025-09-21T00:06:19.365+0000] {logging_mixin.py:188} INFO - [2025-09-21T00:06:19.365+0000] {dag.py:3947} INFO - Setting next_dagrun for espn_news_pipeline to 2025-09-21 00:00:00+00:00, run_after=2025-09-24 00:00:00+00:00
[2025-09-21T00:06:19.377+0000] {processor.py:183} INFO - Processing /opt/airflow/dags/news_pipeline.py took 0.071 seconds
[2025-09-21T00:06:49.501+0000] {processor.py:161} INFO - Started process (PID=152) to work on /opt/airflow/dags/news_pipeline.py
[2025-09-21T00:06:49.502+0000] {processor.py:830} INFO - Processing file /opt/airflow/dags/news_pipeline.py for tasks to queue
[2025-09-21T00:06:49.505+0000] {logging_mixin.py:188} INFO - [2025-09-21T00:06:49.505+0000] {dagbag.py:545} INFO - Filling up the DagBag from /opt/airflow/dags/news_pipeline.py
[2025-09-21T00:06:49.520+0000] {processor.py:840} INFO - DAG(s) 'espn_news_pipeline' retrieved from /opt/airflow/dags/news_pipeline.py
[2025-09-21T00:06:49.555+0000] {logging_mixin.py:188} INFO - [2025-09-21T00:06:49.555+0000] {dag.py:3089} INFO - Sync 1 DAGs
[2025-09-21T00:06:49.566+0000] {logging_mixin.py:188} INFO - [2025-09-21T00:06:49.566+0000] {dag.py:3947} INFO - Setting next_dagrun for espn_news_pipeline to 2025-09-21 00:00:00+00:00, run_after=2025-09-24 00:00:00+00:00
[2025-09-21T00:06:49.576+0000] {processor.py:183} INFO - Processing /opt/airflow/dags/news_pipeline.py took 0.085 seconds
[2025-09-21T00:07:19.703+0000] {processor.py:161} INFO - Started process (PID=153) to work on /opt/airflow/dags/news_pipeline.py
[2025-09-21T00:07:19.705+0000] {processor.py:830} INFO - Processing file /opt/airflow/dags/news_pipeline.py for tasks to queue
[2025-09-21T00:07:19.709+0000] {logging_mixin.py:188} INFO - [2025-09-21T00:07:19.708+0000] {dagbag.py:545} INFO - Filling up the DagBag from /opt/airflow/dags/news_pipeline.py
[2025-09-21T00:07:19.727+0000] {processor.py:840} INFO - DAG(s) 'espn_news_pipeline' retrieved from /opt/airflow/dags/news_pipeline.py
[2025-09-21T00:07:19.750+0000] {logging_mixin.py:188} INFO - [2025-09-21T00:07:19.749+0000] {dag.py:3089} INFO - Sync 1 DAGs
[2025-09-21T00:07:19.763+0000] {logging_mixin.py:188} INFO - [2025-09-21T00:07:19.763+0000] {dag.py:3947} INFO - Setting next_dagrun for espn_news_pipeline to 2025-09-21 00:00:00+00:00, run_after=2025-09-24 00:00:00+00:00
[2025-09-21T00:07:19.775+0000] {processor.py:183} INFO - Processing /opt/airflow/dags/news_pipeline.py took 0.087 seconds
[2025-09-21T00:07:49.915+0000] {processor.py:161} INFO - Started process (PID=154) to work on /opt/airflow/dags/news_pipeline.py
[2025-09-21T00:07:49.917+0000] {processor.py:830} INFO - Processing file /opt/airflow/dags/news_pipeline.py for tasks to queue
[2025-09-21T00:07:49.922+0000] {logging_mixin.py:188} INFO - [2025-09-21T00:07:49.922+0000] {dagbag.py:545} INFO - Filling up the DagBag from /opt/airflow/dags/news_pipeline.py
[2025-09-21T00:07:49.944+0000] {processor.py:840} INFO - DAG(s) 'espn_news_pipeline' retrieved from /opt/airflow/dags/news_pipeline.py
[2025-09-21T00:07:49.967+0000] {logging_mixin.py:188} INFO - [2025-09-21T00:07:49.967+0000] {dag.py:3089} INFO - Sync 1 DAGs
[2025-09-21T00:07:49.981+0000] {logging_mixin.py:188} INFO - [2025-09-21T00:07:49.981+0000] {dag.py:3947} INFO - Setting next_dagrun for espn_news_pipeline to 2025-09-21 00:00:00+00:00, run_after=2025-09-24 00:00:00+00:00
[2025-09-21T00:07:49.995+0000] {processor.py:183} INFO - Processing /opt/airflow/dags/news_pipeline.py took 0.093 seconds
[2025-09-21T00:08:20.186+0000] {processor.py:161} INFO - Started process (PID=155) to work on /opt/airflow/dags/news_pipeline.py
[2025-09-21T00:08:20.188+0000] {processor.py:830} INFO - Processing file /opt/airflow/dags/news_pipeline.py for tasks to queue
[2025-09-21T00:08:20.191+0000] {logging_mixin.py:188} INFO - [2025-09-21T00:08:20.190+0000] {dagbag.py:545} INFO - Filling up the DagBag from /opt/airflow/dags/news_pipeline.py
[2025-09-21T00:08:20.205+0000] {processor.py:840} INFO - DAG(s) 'espn_news_pipeline' retrieved from /opt/airflow/dags/news_pipeline.py
[2025-09-21T00:08:20.229+0000] {logging_mixin.py:188} INFO - [2025-09-21T00:08:20.228+0000] {dag.py:3089} INFO - Sync 1 DAGs
[2025-09-21T00:08:20.242+0000] {logging_mixin.py:188} INFO - [2025-09-21T00:08:20.241+0000] {dag.py:3947} INFO - Setting next_dagrun for espn_news_pipeline to 2025-09-21 00:00:00+00:00, run_after=2025-09-24 00:00:00+00:00
[2025-09-21T00:08:20.254+0000] {processor.py:183} INFO - Processing /opt/airflow/dags/news_pipeline.py took 0.078 seconds
[2025-09-21T00:08:50.390+0000] {processor.py:161} INFO - Started process (PID=156) to work on /opt/airflow/dags/news_pipeline.py
[2025-09-21T00:08:50.391+0000] {processor.py:830} INFO - Processing file /opt/airflow/dags/news_pipeline.py for tasks to queue
[2025-09-21T00:08:50.395+0000] {logging_mixin.py:188} INFO - [2025-09-21T00:08:50.394+0000] {dagbag.py:545} INFO - Filling up the DagBag from /opt/airflow/dags/news_pipeline.py
[2025-09-21T00:08:50.410+0000] {processor.py:840} INFO - DAG(s) 'espn_news_pipeline' retrieved from /opt/airflow/dags/news_pipeline.py
[2025-09-21T00:08:50.431+0000] {logging_mixin.py:188} INFO - [2025-09-21T00:08:50.431+0000] {dag.py:3089} INFO - Sync 1 DAGs
[2025-09-21T00:08:50.442+0000] {logging_mixin.py:188} INFO - [2025-09-21T00:08:50.441+0000] {dag.py:3947} INFO - Setting next_dagrun for espn_news_pipeline to 2025-09-21 00:00:00+00:00, run_after=2025-09-24 00:00:00+00:00
[2025-09-21T00:08:50.454+0000] {processor.py:183} INFO - Processing /opt/airflow/dags/news_pipeline.py took 0.076 seconds
[2025-09-21T00:09:20.587+0000] {processor.py:161} INFO - Started process (PID=157) to work on /opt/airflow/dags/news_pipeline.py
[2025-09-21T00:09:20.590+0000] {processor.py:830} INFO - Processing file /opt/airflow/dags/news_pipeline.py for tasks to queue
[2025-09-21T00:09:20.595+0000] {logging_mixin.py:188} INFO - [2025-09-21T00:09:20.594+0000] {dagbag.py:545} INFO - Filling up the DagBag from /opt/airflow/dags/news_pipeline.py
[2025-09-21T00:09:20.613+0000] {processor.py:840} INFO - DAG(s) 'espn_news_pipeline' retrieved from /opt/airflow/dags/news_pipeline.py
[2025-09-21T00:09:20.656+0000] {logging_mixin.py:188} INFO - [2025-09-21T00:09:20.655+0000] {dag.py:3089} INFO - Sync 1 DAGs
[2025-09-21T00:09:20.671+0000] {logging_mixin.py:188} INFO - [2025-09-21T00:09:20.671+0000] {dag.py:3947} INFO - Setting next_dagrun for espn_news_pipeline to 2025-09-21 00:00:00+00:00, run_after=2025-09-24 00:00:00+00:00
[2025-09-21T00:09:20.682+0000] {processor.py:183} INFO - Processing /opt/airflow/dags/news_pipeline.py took 0.121 seconds
[2025-09-21T00:09:50.886+0000] {processor.py:161} INFO - Started process (PID=158) to work on /opt/airflow/dags/news_pipeline.py
[2025-09-21T00:09:50.888+0000] {processor.py:830} INFO - Processing file /opt/airflow/dags/news_pipeline.py for tasks to queue
[2025-09-21T00:09:50.891+0000] {logging_mixin.py:188} INFO - [2025-09-21T00:09:50.890+0000] {dagbag.py:545} INFO - Filling up the DagBag from /opt/airflow/dags/news_pipeline.py
[2025-09-21T00:09:50.905+0000] {processor.py:840} INFO - DAG(s) 'espn_news_pipeline' retrieved from /opt/airflow/dags/news_pipeline.py
[2025-09-21T00:09:50.922+0000] {logging_mixin.py:188} INFO - [2025-09-21T00:09:50.922+0000] {dag.py:3089} INFO - Sync 1 DAGs
[2025-09-21T00:09:50.932+0000] {logging_mixin.py:188} INFO - [2025-09-21T00:09:50.932+0000] {dag.py:3947} INFO - Setting next_dagrun for espn_news_pipeline to 2025-09-21 00:00:00+00:00, run_after=2025-09-24 00:00:00+00:00
[2025-09-21T00:09:50.941+0000] {processor.py:183} INFO - Processing /opt/airflow/dags/news_pipeline.py took 0.066 seconds
[2025-09-21T00:10:21.079+0000] {processor.py:161} INFO - Started process (PID=159) to work on /opt/airflow/dags/news_pipeline.py
[2025-09-21T00:10:21.080+0000] {processor.py:830} INFO - Processing file /opt/airflow/dags/news_pipeline.py for tasks to queue
[2025-09-21T00:10:21.082+0000] {logging_mixin.py:188} INFO - [2025-09-21T00:10:21.082+0000] {dagbag.py:545} INFO - Filling up the DagBag from /opt/airflow/dags/news_pipeline.py
[2025-09-21T00:10:21.096+0000] {processor.py:840} INFO - DAG(s) 'espn_news_pipeline' retrieved from /opt/airflow/dags/news_pipeline.py
[2025-09-21T00:10:21.122+0000] {logging_mixin.py:188} INFO - [2025-09-21T00:10:21.122+0000] {dag.py:3089} INFO - Sync 1 DAGs
[2025-09-21T00:10:21.133+0000] {logging_mixin.py:188} INFO - [2025-09-21T00:10:21.133+0000] {dag.py:3947} INFO - Setting next_dagrun for espn_news_pipeline to 2025-09-21 00:00:00+00:00, run_after=2025-09-24 00:00:00+00:00
[2025-09-21T00:10:21.143+0000] {processor.py:183} INFO - Processing /opt/airflow/dags/news_pipeline.py took 0.077 seconds
[2025-09-21T00:10:51.290+0000] {processor.py:161} INFO - Started process (PID=160) to work on /opt/airflow/dags/news_pipeline.py
[2025-09-21T00:10:51.292+0000] {processor.py:830} INFO - Processing file /opt/airflow/dags/news_pipeline.py for tasks to queue
[2025-09-21T00:10:51.298+0000] {logging_mixin.py:188} INFO - [2025-09-21T00:10:51.297+0000] {dagbag.py:545} INFO - Filling up the DagBag from /opt/airflow/dags/news_pipeline.py
[2025-09-21T00:10:51.315+0000] {processor.py:840} INFO - DAG(s) 'espn_news_pipeline' retrieved from /opt/airflow/dags/news_pipeline.py
[2025-09-21T00:10:51.334+0000] {logging_mixin.py:188} INFO - [2025-09-21T00:10:51.333+0000] {dag.py:3089} INFO - Sync 1 DAGs
[2025-09-21T00:10:51.343+0000] {logging_mixin.py:188} INFO - [2025-09-21T00:10:51.343+0000] {dag.py:3947} INFO - Setting next_dagrun for espn_news_pipeline to 2025-09-21 00:00:00+00:00, run_after=2025-09-24 00:00:00+00:00
[2025-09-21T00:10:51.354+0000] {processor.py:183} INFO - Processing /opt/airflow/dags/news_pipeline.py took 0.080 seconds
[2025-09-21T00:11:21.467+0000] {processor.py:161} INFO - Started process (PID=161) to work on /opt/airflow/dags/news_pipeline.py
[2025-09-21T00:11:21.469+0000] {processor.py:830} INFO - Processing file /opt/airflow/dags/news_pipeline.py for tasks to queue
[2025-09-21T00:11:21.471+0000] {logging_mixin.py:188} INFO - [2025-09-21T00:11:21.470+0000] {dagbag.py:545} INFO - Filling up the DagBag from /opt/airflow/dags/news_pipeline.py
[2025-09-21T00:11:21.484+0000] {processor.py:840} INFO - DAG(s) 'espn_news_pipeline' retrieved from /opt/airflow/dags/news_pipeline.py
[2025-09-21T00:11:21.510+0000] {logging_mixin.py:188} INFO - [2025-09-21T00:11:21.510+0000] {dag.py:3089} INFO - Sync 1 DAGs
[2025-09-21T00:11:21.524+0000] {logging_mixin.py:188} INFO - [2025-09-21T00:11:21.524+0000] {dag.py:3947} INFO - Setting next_dagrun for espn_news_pipeline to 2025-09-21 00:00:00+00:00, run_after=2025-09-24 00:00:00+00:00
[2025-09-21T00:11:21.540+0000] {processor.py:183} INFO - Processing /opt/airflow/dags/news_pipeline.py took 0.081 seconds
[2025-09-21T00:11:51.660+0000] {processor.py:161} INFO - Started process (PID=162) to work on /opt/airflow/dags/news_pipeline.py
[2025-09-21T00:11:51.662+0000] {processor.py:830} INFO - Processing file /opt/airflow/dags/news_pipeline.py for tasks to queue
[2025-09-21T00:11:51.665+0000] {logging_mixin.py:188} INFO - [2025-09-21T00:11:51.664+0000] {dagbag.py:545} INFO - Filling up the DagBag from /opt/airflow/dags/news_pipeline.py
[2025-09-21T00:11:51.679+0000] {processor.py:840} INFO - DAG(s) 'espn_news_pipeline' retrieved from /opt/airflow/dags/news_pipeline.py
[2025-09-21T00:11:51.697+0000] {logging_mixin.py:188} INFO - [2025-09-21T00:11:51.697+0000] {dag.py:3089} INFO - Sync 1 DAGs
[2025-09-21T00:11:51.707+0000] {logging_mixin.py:188} INFO - [2025-09-21T00:11:51.707+0000] {dag.py:3947} INFO - Setting next_dagrun for espn_news_pipeline to 2025-09-21 00:00:00+00:00, run_after=2025-09-24 00:00:00+00:00
[2025-09-21T00:11:51.717+0000] {processor.py:183} INFO - Processing /opt/airflow/dags/news_pipeline.py took 0.067 seconds
[2025-09-21T00:12:21.841+0000] {processor.py:161} INFO - Started process (PID=163) to work on /opt/airflow/dags/news_pipeline.py
[2025-09-21T00:12:21.842+0000] {processor.py:830} INFO - Processing file /opt/airflow/dags/news_pipeline.py for tasks to queue
[2025-09-21T00:12:21.844+0000] {logging_mixin.py:188} INFO - [2025-09-21T00:12:21.844+0000] {dagbag.py:545} INFO - Filling up the DagBag from /opt/airflow/dags/news_pipeline.py
[2025-09-21T00:12:21.854+0000] {processor.py:840} INFO - DAG(s) 'espn_news_pipeline' retrieved from /opt/airflow/dags/news_pipeline.py
[2025-09-21T00:12:21.870+0000] {logging_mixin.py:188} INFO - [2025-09-21T00:12:21.870+0000] {dag.py:3089} INFO - Sync 1 DAGs
[2025-09-21T00:12:21.879+0000] {logging_mixin.py:188} INFO - [2025-09-21T00:12:21.879+0000] {dag.py:3947} INFO - Setting next_dagrun for espn_news_pipeline to 2025-09-21 00:00:00+00:00, run_after=2025-09-24 00:00:00+00:00
[2025-09-21T00:12:21.889+0000] {processor.py:183} INFO - Processing /opt/airflow/dags/news_pipeline.py took 0.055 seconds
[2025-09-21T00:12:52.035+0000] {processor.py:161} INFO - Started process (PID=164) to work on /opt/airflow/dags/news_pipeline.py
[2025-09-21T00:12:52.037+0000] {processor.py:830} INFO - Processing file /opt/airflow/dags/news_pipeline.py for tasks to queue
[2025-09-21T00:12:52.039+0000] {logging_mixin.py:188} INFO - [2025-09-21T00:12:52.039+0000] {dagbag.py:545} INFO - Filling up the DagBag from /opt/airflow/dags/news_pipeline.py
[2025-09-21T00:12:52.054+0000] {processor.py:840} INFO - DAG(s) 'espn_news_pipeline' retrieved from /opt/airflow/dags/news_pipeline.py
[2025-09-21T00:12:52.081+0000] {logging_mixin.py:188} INFO - [2025-09-21T00:12:52.081+0000] {dag.py:3089} INFO - Sync 1 DAGs
[2025-09-21T00:12:52.093+0000] {logging_mixin.py:188} INFO - [2025-09-21T00:12:52.093+0000] {dag.py:3947} INFO - Setting next_dagrun for espn_news_pipeline to 2025-09-21 00:00:00+00:00, run_after=2025-09-24 00:00:00+00:00
[2025-09-21T00:12:52.104+0000] {processor.py:183} INFO - Processing /opt/airflow/dags/news_pipeline.py took 0.078 seconds
[2025-09-21T00:13:22.222+0000] {processor.py:161} INFO - Started process (PID=165) to work on /opt/airflow/dags/news_pipeline.py
[2025-09-21T00:13:22.223+0000] {processor.py:830} INFO - Processing file /opt/airflow/dags/news_pipeline.py for tasks to queue
[2025-09-21T00:13:22.226+0000] {logging_mixin.py:188} INFO - [2025-09-21T00:13:22.225+0000] {dagbag.py:545} INFO - Filling up the DagBag from /opt/airflow/dags/news_pipeline.py
[2025-09-21T00:13:22.236+0000] {processor.py:840} INFO - DAG(s) 'espn_news_pipeline' retrieved from /opt/airflow/dags/news_pipeline.py
[2025-09-21T00:13:22.251+0000] {logging_mixin.py:188} INFO - [2025-09-21T00:13:22.251+0000] {dag.py:3089} INFO - Sync 1 DAGs
[2025-09-21T00:13:22.259+0000] {logging_mixin.py:188} INFO - [2025-09-21T00:13:22.259+0000] {dag.py:3947} INFO - Setting next_dagrun for espn_news_pipeline to 2025-09-21 00:00:00+00:00, run_after=2025-09-24 00:00:00+00:00
[2025-09-21T00:13:22.269+0000] {processor.py:183} INFO - Processing /opt/airflow/dags/news_pipeline.py took 0.057 seconds
[2025-09-21T00:13:52.401+0000] {processor.py:161} INFO - Started process (PID=166) to work on /opt/airflow/dags/news_pipeline.py
[2025-09-21T00:13:52.402+0000] {processor.py:830} INFO - Processing file /opt/airflow/dags/news_pipeline.py for tasks to queue
[2025-09-21T00:13:52.404+0000] {logging_mixin.py:188} INFO - [2025-09-21T00:13:52.403+0000] {dagbag.py:545} INFO - Filling up the DagBag from /opt/airflow/dags/news_pipeline.py
[2025-09-21T00:13:52.414+0000] {processor.py:840} INFO - DAG(s) 'espn_news_pipeline' retrieved from /opt/airflow/dags/news_pipeline.py
[2025-09-21T00:13:52.433+0000] {logging_mixin.py:188} INFO - [2025-09-21T00:13:52.433+0000] {dag.py:3089} INFO - Sync 1 DAGs
[2025-09-21T00:13:52.443+0000] {logging_mixin.py:188} INFO - [2025-09-21T00:13:52.443+0000] {dag.py:3947} INFO - Setting next_dagrun for espn_news_pipeline to 2025-09-21 00:00:00+00:00, run_after=2025-09-24 00:00:00+00:00
[2025-09-21T00:13:52.454+0000] {processor.py:183} INFO - Processing /opt/airflow/dags/news_pipeline.py took 0.059 seconds
[2025-09-21T00:14:22.590+0000] {processor.py:161} INFO - Started process (PID=167) to work on /opt/airflow/dags/news_pipeline.py
[2025-09-21T00:14:22.591+0000] {processor.py:830} INFO - Processing file /opt/airflow/dags/news_pipeline.py for tasks to queue
[2025-09-21T00:14:22.594+0000] {logging_mixin.py:188} INFO - [2025-09-21T00:14:22.593+0000] {dagbag.py:545} INFO - Filling up the DagBag from /opt/airflow/dags/news_pipeline.py
[2025-09-21T00:14:22.606+0000] {processor.py:840} INFO - DAG(s) 'espn_news_pipeline' retrieved from /opt/airflow/dags/news_pipeline.py
[2025-09-21T00:14:22.626+0000] {logging_mixin.py:188} INFO - [2025-09-21T00:14:22.626+0000] {dag.py:3089} INFO - Sync 1 DAGs
[2025-09-21T00:14:22.638+0000] {logging_mixin.py:188} INFO - [2025-09-21T00:14:22.638+0000] {dag.py:3947} INFO - Setting next_dagrun for espn_news_pipeline to 2025-09-21 00:00:00+00:00, run_after=2025-09-24 00:00:00+00:00
[2025-09-21T00:14:22.648+0000] {processor.py:183} INFO - Processing /opt/airflow/dags/news_pipeline.py took 0.066 seconds
[2025-09-21T00:14:52.807+0000] {processor.py:161} INFO - Started process (PID=168) to work on /opt/airflow/dags/news_pipeline.py
[2025-09-21T00:14:52.810+0000] {processor.py:830} INFO - Processing file /opt/airflow/dags/news_pipeline.py for tasks to queue
[2025-09-21T00:14:52.819+0000] {logging_mixin.py:188} INFO - [2025-09-21T00:14:52.818+0000] {dagbag.py:545} INFO - Filling up the DagBag from /opt/airflow/dags/news_pipeline.py
[2025-09-21T00:14:52.833+0000] {processor.py:840} INFO - DAG(s) 'espn_news_pipeline' retrieved from /opt/airflow/dags/news_pipeline.py
[2025-09-21T00:14:52.853+0000] {logging_mixin.py:188} INFO - [2025-09-21T00:14:52.853+0000] {dag.py:3089} INFO - Sync 1 DAGs
[2025-09-21T00:14:52.865+0000] {logging_mixin.py:188} INFO - [2025-09-21T00:14:52.865+0000] {dag.py:3947} INFO - Setting next_dagrun for espn_news_pipeline to 2025-09-21 00:00:00+00:00, run_after=2025-09-24 00:00:00+00:00
[2025-09-21T00:14:52.877+0000] {processor.py:183} INFO - Processing /opt/airflow/dags/news_pipeline.py took 0.084 seconds
[2025-09-21T00:15:22.974+0000] {processor.py:161} INFO - Started process (PID=169) to work on /opt/airflow/dags/news_pipeline.py
[2025-09-21T00:15:22.975+0000] {processor.py:830} INFO - Processing file /opt/airflow/dags/news_pipeline.py for tasks to queue
[2025-09-21T00:15:22.977+0000] {logging_mixin.py:188} INFO - [2025-09-21T00:15:22.977+0000] {dagbag.py:545} INFO - Filling up the DagBag from /opt/airflow/dags/news_pipeline.py
[2025-09-21T00:15:22.988+0000] {processor.py:840} INFO - DAG(s) 'espn_news_pipeline' retrieved from /opt/airflow/dags/news_pipeline.py
[2025-09-21T00:15:23.011+0000] {logging_mixin.py:188} INFO - [2025-09-21T00:15:23.010+0000] {dag.py:3089} INFO - Sync 1 DAGs
[2025-09-21T00:15:23.023+0000] {logging_mixin.py:188} INFO - [2025-09-21T00:15:23.023+0000] {dag.py:3947} INFO - Setting next_dagrun for espn_news_pipeline to 2025-09-21 00:00:00+00:00, run_after=2025-09-24 00:00:00+00:00
[2025-09-21T00:15:23.033+0000] {processor.py:183} INFO - Processing /opt/airflow/dags/news_pipeline.py took 0.067 seconds
[2025-09-21T00:15:53.197+0000] {processor.py:161} INFO - Started process (PID=170) to work on /opt/airflow/dags/news_pipeline.py
[2025-09-21T00:15:53.199+0000] {processor.py:830} INFO - Processing file /opt/airflow/dags/news_pipeline.py for tasks to queue
[2025-09-21T00:15:53.202+0000] {logging_mixin.py:188} INFO - [2025-09-21T00:15:53.201+0000] {dagbag.py:545} INFO - Filling up the DagBag from /opt/airflow/dags/news_pipeline.py
[2025-09-21T00:15:53.217+0000] {processor.py:840} INFO - DAG(s) 'espn_news_pipeline' retrieved from /opt/airflow/dags/news_pipeline.py
[2025-09-21T00:15:53.236+0000] {logging_mixin.py:188} INFO - [2025-09-21T00:15:53.236+0000] {dag.py:3089} INFO - Sync 1 DAGs
[2025-09-21T00:15:53.248+0000] {logging_mixin.py:188} INFO - [2025-09-21T00:15:53.248+0000] {dag.py:3947} INFO - Setting next_dagrun for espn_news_pipeline to 2025-09-21 00:00:00+00:00, run_after=2025-09-24 00:00:00+00:00
[2025-09-21T00:15:53.260+0000] {processor.py:183} INFO - Processing /opt/airflow/dags/news_pipeline.py took 0.075 seconds
[2025-09-21T00:16:23.370+0000] {processor.py:161} INFO - Started process (PID=171) to work on /opt/airflow/dags/news_pipeline.py
[2025-09-21T00:16:23.371+0000] {processor.py:830} INFO - Processing file /opt/airflow/dags/news_pipeline.py for tasks to queue
[2025-09-21T00:16:23.374+0000] {logging_mixin.py:188} INFO - [2025-09-21T00:16:23.374+0000] {dagbag.py:545} INFO - Filling up the DagBag from /opt/airflow/dags/news_pipeline.py
[2025-09-21T00:16:23.384+0000] {processor.py:840} INFO - DAG(s) 'espn_news_pipeline' retrieved from /opt/airflow/dags/news_pipeline.py
[2025-09-21T00:16:23.407+0000] {logging_mixin.py:188} INFO - [2025-09-21T00:16:23.407+0000] {dag.py:3089} INFO - Sync 1 DAGs
[2025-09-21T00:16:23.420+0000] {logging_mixin.py:188} INFO - [2025-09-21T00:16:23.420+0000] {dag.py:3947} INFO - Setting next_dagrun for espn_news_pipeline to 2025-09-21 00:00:00+00:00, run_after=2025-09-24 00:00:00+00:00
[2025-09-21T00:16:23.431+0000] {processor.py:183} INFO - Processing /opt/airflow/dags/news_pipeline.py took 0.068 seconds
[2025-09-21T00:16:53.583+0000] {processor.py:161} INFO - Started process (PID=172) to work on /opt/airflow/dags/news_pipeline.py
[2025-09-21T00:16:53.586+0000] {processor.py:830} INFO - Processing file /opt/airflow/dags/news_pipeline.py for tasks to queue
[2025-09-21T00:16:53.589+0000] {logging_mixin.py:188} INFO - [2025-09-21T00:16:53.588+0000] {dagbag.py:545} INFO - Filling up the DagBag from /opt/airflow/dags/news_pipeline.py
[2025-09-21T00:16:53.603+0000] {processor.py:840} INFO - DAG(s) 'espn_news_pipeline' retrieved from /opt/airflow/dags/news_pipeline.py
[2025-09-21T00:16:53.625+0000] {logging_mixin.py:188} INFO - [2025-09-21T00:16:53.624+0000] {dag.py:3089} INFO - Sync 1 DAGs
[2025-09-21T00:16:53.635+0000] {logging_mixin.py:188} INFO - [2025-09-21T00:16:53.635+0000] {dag.py:3947} INFO - Setting next_dagrun for espn_news_pipeline to 2025-09-21 00:00:00+00:00, run_after=2025-09-24 00:00:00+00:00
[2025-09-21T00:16:53.647+0000] {processor.py:183} INFO - Processing /opt/airflow/dags/news_pipeline.py took 0.080 seconds
[2025-09-21T00:17:23.744+0000] {processor.py:161} INFO - Started process (PID=173) to work on /opt/airflow/dags/news_pipeline.py
[2025-09-21T00:17:23.746+0000] {processor.py:830} INFO - Processing file /opt/airflow/dags/news_pipeline.py for tasks to queue
[2025-09-21T00:17:23.748+0000] {logging_mixin.py:188} INFO - [2025-09-21T00:17:23.748+0000] {dagbag.py:545} INFO - Filling up the DagBag from /opt/airflow/dags/news_pipeline.py
[2025-09-21T00:17:23.758+0000] {processor.py:840} INFO - DAG(s) 'espn_news_pipeline' retrieved from /opt/airflow/dags/news_pipeline.py
[2025-09-21T00:17:23.775+0000] {logging_mixin.py:188} INFO - [2025-09-21T00:17:23.775+0000] {dag.py:3089} INFO - Sync 1 DAGs
[2025-09-21T00:17:23.786+0000] {logging_mixin.py:188} INFO - [2025-09-21T00:17:23.786+0000] {dag.py:3947} INFO - Setting next_dagrun for espn_news_pipeline to 2025-09-21 00:00:00+00:00, run_after=2025-09-24 00:00:00+00:00
[2025-09-21T00:17:23.797+0000] {processor.py:183} INFO - Processing /opt/airflow/dags/news_pipeline.py took 0.060 seconds
[2025-09-21T00:17:53.932+0000] {processor.py:161} INFO - Started process (PID=174) to work on /opt/airflow/dags/news_pipeline.py
[2025-09-21T00:17:53.933+0000] {processor.py:830} INFO - Processing file /opt/airflow/dags/news_pipeline.py for tasks to queue
[2025-09-21T00:17:53.934+0000] {logging_mixin.py:188} INFO - [2025-09-21T00:17:53.934+0000] {dagbag.py:545} INFO - Filling up the DagBag from /opt/airflow/dags/news_pipeline.py
[2025-09-21T00:17:53.944+0000] {processor.py:840} INFO - DAG(s) 'espn_news_pipeline' retrieved from /opt/airflow/dags/news_pipeline.py
[2025-09-21T00:17:53.961+0000] {logging_mixin.py:188} INFO - [2025-09-21T00:17:53.961+0000] {dag.py:3089} INFO - Sync 1 DAGs
[2025-09-21T00:17:53.969+0000] {logging_mixin.py:188} INFO - [2025-09-21T00:17:53.969+0000] {dag.py:3947} INFO - Setting next_dagrun for espn_news_pipeline to 2025-09-21 00:00:00+00:00, run_after=2025-09-24 00:00:00+00:00
[2025-09-21T00:17:53.979+0000] {processor.py:183} INFO - Processing /opt/airflow/dags/news_pipeline.py took 0.054 seconds
[2025-09-21T00:18:24.132+0000] {processor.py:161} INFO - Started process (PID=175) to work on /opt/airflow/dags/news_pipeline.py
[2025-09-21T00:18:24.133+0000] {processor.py:830} INFO - Processing file /opt/airflow/dags/news_pipeline.py for tasks to queue
[2025-09-21T00:18:24.135+0000] {logging_mixin.py:188} INFO - [2025-09-21T00:18:24.135+0000] {dagbag.py:545} INFO - Filling up the DagBag from /opt/airflow/dags/news_pipeline.py
[2025-09-21T00:18:24.146+0000] {processor.py:840} INFO - DAG(s) 'espn_news_pipeline' retrieved from /opt/airflow/dags/news_pipeline.py
[2025-09-21T00:18:24.167+0000] {logging_mixin.py:188} INFO - [2025-09-21T00:18:24.167+0000] {dag.py:3089} INFO - Sync 1 DAGs
[2025-09-21T00:18:24.178+0000] {logging_mixin.py:188} INFO - [2025-09-21T00:18:24.178+0000] {dag.py:3947} INFO - Setting next_dagrun for espn_news_pipeline to 2025-09-21 00:00:00+00:00, run_after=2025-09-24 00:00:00+00:00
[2025-09-21T00:18:24.188+0000] {processor.py:183} INFO - Processing /opt/airflow/dags/news_pipeline.py took 0.063 seconds
[2025-09-21T00:18:54.340+0000] {processor.py:161} INFO - Started process (PID=176) to work on /opt/airflow/dags/news_pipeline.py
[2025-09-21T00:18:54.342+0000] {processor.py:830} INFO - Processing file /opt/airflow/dags/news_pipeline.py for tasks to queue
[2025-09-21T00:18:54.346+0000] {logging_mixin.py:188} INFO - [2025-09-21T00:18:54.345+0000] {dagbag.py:545} INFO - Filling up the DagBag from /opt/airflow/dags/news_pipeline.py
[2025-09-21T00:18:54.362+0000] {processor.py:840} INFO - DAG(s) 'espn_news_pipeline' retrieved from /opt/airflow/dags/news_pipeline.py
[2025-09-21T00:18:54.378+0000] {logging_mixin.py:188} INFO - [2025-09-21T00:18:54.378+0000] {dag.py:3089} INFO - Sync 1 DAGs
[2025-09-21T00:18:54.388+0000] {logging_mixin.py:188} INFO - [2025-09-21T00:18:54.388+0000] {dag.py:3947} INFO - Setting next_dagrun for espn_news_pipeline to 2025-09-21 00:00:00+00:00, run_after=2025-09-24 00:00:00+00:00
[2025-09-21T00:18:54.398+0000] {processor.py:183} INFO - Processing /opt/airflow/dags/news_pipeline.py took 0.069 seconds
[2025-09-21T00:19:24.513+0000] {processor.py:161} INFO - Started process (PID=177) to work on /opt/airflow/dags/news_pipeline.py
[2025-09-21T00:19:24.514+0000] {processor.py:830} INFO - Processing file /opt/airflow/dags/news_pipeline.py for tasks to queue
[2025-09-21T00:19:24.516+0000] {logging_mixin.py:188} INFO - [2025-09-21T00:19:24.516+0000] {dagbag.py:545} INFO - Filling up the DagBag from /opt/airflow/dags/news_pipeline.py
[2025-09-21T00:19:24.530+0000] {processor.py:840} INFO - DAG(s) 'espn_news_pipeline' retrieved from /opt/airflow/dags/news_pipeline.py
[2025-09-21T00:19:24.554+0000] {logging_mixin.py:188} INFO - [2025-09-21T00:19:24.553+0000] {dag.py:3089} INFO - Sync 1 DAGs
[2025-09-21T00:19:24.565+0000] {logging_mixin.py:188} INFO - [2025-09-21T00:19:24.565+0000] {dag.py:3947} INFO - Setting next_dagrun for espn_news_pipeline to 2025-09-21 00:00:00+00:00, run_after=2025-09-24 00:00:00+00:00
[2025-09-21T00:19:24.576+0000] {processor.py:183} INFO - Processing /opt/airflow/dags/news_pipeline.py took 0.072 seconds
[2025-09-21T00:19:54.734+0000] {processor.py:161} INFO - Started process (PID=178) to work on /opt/airflow/dags/news_pipeline.py
[2025-09-21T00:19:54.736+0000] {processor.py:830} INFO - Processing file /opt/airflow/dags/news_pipeline.py for tasks to queue
[2025-09-21T00:19:54.738+0000] {logging_mixin.py:188} INFO - [2025-09-21T00:19:54.738+0000] {dagbag.py:545} INFO - Filling up the DagBag from /opt/airflow/dags/news_pipeline.py
[2025-09-21T00:19:54.749+0000] {processor.py:840} INFO - DAG(s) 'espn_news_pipeline' retrieved from /opt/airflow/dags/news_pipeline.py
[2025-09-21T00:19:54.765+0000] {logging_mixin.py:188} INFO - [2025-09-21T00:19:54.765+0000] {dag.py:3089} INFO - Sync 1 DAGs
[2025-09-21T00:19:54.774+0000] {logging_mixin.py:188} INFO - [2025-09-21T00:19:54.774+0000] {dag.py:3947} INFO - Setting next_dagrun for espn_news_pipeline to 2025-09-21 00:00:00+00:00, run_after=2025-09-24 00:00:00+00:00
[2025-09-21T00:19:54.784+0000] {processor.py:183} INFO - Processing /opt/airflow/dags/news_pipeline.py took 0.060 seconds
[2025-09-21T00:20:24.895+0000] {processor.py:161} INFO - Started process (PID=179) to work on /opt/airflow/dags/news_pipeline.py
[2025-09-21T00:20:24.896+0000] {processor.py:830} INFO - Processing file /opt/airflow/dags/news_pipeline.py for tasks to queue
[2025-09-21T00:20:24.898+0000] {logging_mixin.py:188} INFO - [2025-09-21T00:20:24.898+0000] {dagbag.py:545} INFO - Filling up the DagBag from /opt/airflow/dags/news_pipeline.py
[2025-09-21T00:20:24.912+0000] {processor.py:840} INFO - DAG(s) 'espn_news_pipeline' retrieved from /opt/airflow/dags/news_pipeline.py
[2025-09-21T00:20:24.935+0000] {logging_mixin.py:188} INFO - [2025-09-21T00:20:24.935+0000] {dag.py:3089} INFO - Sync 1 DAGs
[2025-09-21T00:20:24.947+0000] {logging_mixin.py:188} INFO - [2025-09-21T00:20:24.947+0000] {dag.py:3947} INFO - Setting next_dagrun for espn_news_pipeline to 2025-09-21 00:00:00+00:00, run_after=2025-09-24 00:00:00+00:00
[2025-09-21T00:20:24.958+0000] {processor.py:183} INFO - Processing /opt/airflow/dags/news_pipeline.py took 0.072 seconds
[2025-09-21T00:20:55.079+0000] {processor.py:161} INFO - Started process (PID=180) to work on /opt/airflow/dags/news_pipeline.py
[2025-09-21T00:20:55.080+0000] {processor.py:830} INFO - Processing file /opt/airflow/dags/news_pipeline.py for tasks to queue
[2025-09-21T00:20:55.082+0000] {logging_mixin.py:188} INFO - [2025-09-21T00:20:55.082+0000] {dagbag.py:545} INFO - Filling up the DagBag from /opt/airflow/dags/news_pipeline.py
[2025-09-21T00:20:55.091+0000] {processor.py:840} INFO - DAG(s) 'espn_news_pipeline' retrieved from /opt/airflow/dags/news_pipeline.py
[2025-09-21T00:20:55.106+0000] {logging_mixin.py:188} INFO - [2025-09-21T00:20:55.106+0000] {dag.py:3089} INFO - Sync 1 DAGs
[2025-09-21T00:20:55.114+0000] {logging_mixin.py:188} INFO - [2025-09-21T00:20:55.114+0000] {dag.py:3947} INFO - Setting next_dagrun for espn_news_pipeline to 2025-09-21 00:00:00+00:00, run_after=2025-09-24 00:00:00+00:00
[2025-09-21T00:20:55.123+0000] {processor.py:183} INFO - Processing /opt/airflow/dags/news_pipeline.py took 0.050 seconds
[2025-09-21T00:21:25.270+0000] {processor.py:161} INFO - Started process (PID=181) to work on /opt/airflow/dags/news_pipeline.py
[2025-09-21T00:21:25.272+0000] {processor.py:830} INFO - Processing file /opt/airflow/dags/news_pipeline.py for tasks to queue
[2025-09-21T00:21:25.273+0000] {logging_mixin.py:188} INFO - [2025-09-21T00:21:25.273+0000] {dagbag.py:545} INFO - Filling up the DagBag from /opt/airflow/dags/news_pipeline.py
[2025-09-21T00:21:25.282+0000] {processor.py:840} INFO - DAG(s) 'espn_news_pipeline' retrieved from /opt/airflow/dags/news_pipeline.py
[2025-09-21T00:21:25.300+0000] {logging_mixin.py:188} INFO - [2025-09-21T00:21:25.300+0000] {dag.py:3089} INFO - Sync 1 DAGs
[2025-09-21T00:21:25.310+0000] {logging_mixin.py:188} INFO - [2025-09-21T00:21:25.310+0000] {dag.py:3947} INFO - Setting next_dagrun for espn_news_pipeline to 2025-09-21 00:00:00+00:00, run_after=2025-09-24 00:00:00+00:00
[2025-09-21T00:21:25.323+0000] {processor.py:183} INFO - Processing /opt/airflow/dags/news_pipeline.py took 0.059 seconds
[2025-09-21T00:21:55.470+0000] {processor.py:161} INFO - Started process (PID=182) to work on /opt/airflow/dags/news_pipeline.py
[2025-09-21T00:21:55.472+0000] {processor.py:830} INFO - Processing file /opt/airflow/dags/news_pipeline.py for tasks to queue
[2025-09-21T00:21:55.475+0000] {logging_mixin.py:188} INFO - [2025-09-21T00:21:55.474+0000] {dagbag.py:545} INFO - Filling up the DagBag from /opt/airflow/dags/news_pipeline.py
[2025-09-21T00:21:55.486+0000] {processor.py:840} INFO - DAG(s) 'espn_news_pipeline' retrieved from /opt/airflow/dags/news_pipeline.py
[2025-09-21T00:21:55.501+0000] {logging_mixin.py:188} INFO - [2025-09-21T00:21:55.501+0000] {dag.py:3089} INFO - Sync 1 DAGs
[2025-09-21T00:21:55.510+0000] {logging_mixin.py:188} INFO - [2025-09-21T00:21:55.510+0000] {dag.py:3947} INFO - Setting next_dagrun for espn_news_pipeline to 2025-09-21 00:00:00+00:00, run_after=2025-09-24 00:00:00+00:00
[2025-09-21T00:21:55.522+0000] {processor.py:183} INFO - Processing /opt/airflow/dags/news_pipeline.py took 0.061 seconds
[2025-09-21T00:22:25.654+0000] {processor.py:161} INFO - Started process (PID=183) to work on /opt/airflow/dags/news_pipeline.py
[2025-09-21T00:22:25.655+0000] {processor.py:830} INFO - Processing file /opt/airflow/dags/news_pipeline.py for tasks to queue
[2025-09-21T00:22:25.656+0000] {logging_mixin.py:188} INFO - [2025-09-21T00:22:25.656+0000] {dagbag.py:545} INFO - Filling up the DagBag from /opt/airflow/dags/news_pipeline.py
[2025-09-21T00:22:25.669+0000] {processor.py:840} INFO - DAG(s) 'espn_news_pipeline' retrieved from /opt/airflow/dags/news_pipeline.py
[2025-09-21T00:22:25.689+0000] {logging_mixin.py:188} INFO - [2025-09-21T00:22:25.689+0000] {dag.py:3089} INFO - Sync 1 DAGs
[2025-09-21T00:22:25.699+0000] {logging_mixin.py:188} INFO - [2025-09-21T00:22:25.699+0000] {dag.py:3947} INFO - Setting next_dagrun for espn_news_pipeline to 2025-09-21 00:00:00+00:00, run_after=2025-09-24 00:00:00+00:00
[2025-09-21T00:22:25.711+0000] {processor.py:183} INFO - Processing /opt/airflow/dags/news_pipeline.py took 0.065 seconds
[2025-09-21T00:22:55.841+0000] {processor.py:161} INFO - Started process (PID=184) to work on /opt/airflow/dags/news_pipeline.py
[2025-09-21T00:22:55.843+0000] {processor.py:830} INFO - Processing file /opt/airflow/dags/news_pipeline.py for tasks to queue
[2025-09-21T00:22:55.845+0000] {logging_mixin.py:188} INFO - [2025-09-21T00:22:55.845+0000] {dagbag.py:545} INFO - Filling up the DagBag from /opt/airflow/dags/news_pipeline.py
[2025-09-21T00:22:55.854+0000] {processor.py:840} INFO - DAG(s) 'espn_news_pipeline' retrieved from /opt/airflow/dags/news_pipeline.py
[2025-09-21T00:22:55.872+0000] {logging_mixin.py:188} INFO - [2025-09-21T00:22:55.872+0000] {dag.py:3089} INFO - Sync 1 DAGs
[2025-09-21T00:22:55.882+0000] {logging_mixin.py:188} INFO - [2025-09-21T00:22:55.882+0000] {dag.py:3947} INFO - Setting next_dagrun for espn_news_pipeline to 2025-09-21 00:00:00+00:00, run_after=2025-09-24 00:00:00+00:00
[2025-09-21T00:22:55.893+0000] {processor.py:183} INFO - Processing /opt/airflow/dags/news_pipeline.py took 0.059 seconds
[2025-09-21T00:23:24.168+0000] {processor.py:161} INFO - Started process (PID=28) to work on /opt/airflow/dags/news_pipeline.py
[2025-09-21T00:23:24.169+0000] {processor.py:830} INFO - Processing file /opt/airflow/dags/news_pipeline.py for tasks to queue
[2025-09-21T00:23:24.171+0000] {logging_mixin.py:188} INFO - [2025-09-21T00:23:24.170+0000] {dagbag.py:545} INFO - Filling up the DagBag from /opt/airflow/dags/news_pipeline.py
[2025-09-21T00:23:24.185+0000] {processor.py:840} INFO - DAG(s) 'espn_news_pipeline' retrieved from /opt/airflow/dags/news_pipeline.py
[2025-09-21T00:23:24.194+0000] {logging_mixin.py:188} INFO - [2025-09-21T00:23:24.194+0000] {dag.py:3089} INFO - Sync 1 DAGs
[2025-09-21T00:23:24.212+0000] {logging_mixin.py:188} INFO - [2025-09-21T00:23:24.212+0000] {dag.py:3947} INFO - Setting next_dagrun for espn_news_pipeline to 2025-09-21 00:00:00+00:00, run_after=2025-09-24 00:00:00+00:00
[2025-09-21T00:23:24.223+0000] {processor.py:183} INFO - Processing /opt/airflow/dags/news_pipeline.py took 0.059 seconds
[2025-09-21T00:23:55.888+0000] {processor.py:161} INFO - Started process (PID=78) to work on /opt/airflow/dags/news_pipeline.py
[2025-09-21T00:23:55.891+0000] {processor.py:830} INFO - Processing file /opt/airflow/dags/news_pipeline.py for tasks to queue
[2025-09-21T00:23:55.894+0000] {logging_mixin.py:188} INFO - [2025-09-21T00:23:55.894+0000] {dagbag.py:545} INFO - Filling up the DagBag from /opt/airflow/dags/news_pipeline.py
[2025-09-21T00:23:55.901+0000] {processor.py:840} INFO - DAG(s) 'espn_news_pipeline' retrieved from /opt/airflow/dags/news_pipeline.py
[2025-09-21T00:23:55.949+0000] {logging_mixin.py:188} INFO - [2025-09-21T00:23:55.949+0000] {dag.py:3089} INFO - Sync 1 DAGs
[2025-09-21T00:23:56.027+0000] {processor.py:183} INFO - Processing /opt/airflow/dags/news_pipeline.py took 0.150 seconds
[2025-09-21T00:24:27.023+0000] {processor.py:161} INFO - Started process (PID=108) to work on /opt/airflow/dags/news_pipeline.py
[2025-09-21T00:24:27.024+0000] {processor.py:830} INFO - Processing file /opt/airflow/dags/news_pipeline.py for tasks to queue
[2025-09-21T00:24:27.027+0000] {logging_mixin.py:188} INFO - [2025-09-21T00:24:27.027+0000] {dagbag.py:545} INFO - Filling up the DagBag from /opt/airflow/dags/news_pipeline.py
[2025-09-21T00:24:27.043+0000] {processor.py:840} INFO - DAG(s) 'espn_news_pipeline' retrieved from /opt/airflow/dags/news_pipeline.py
[2025-09-21T00:24:27.080+0000] {logging_mixin.py:188} INFO - [2025-09-21T00:24:27.080+0000] {dag.py:3089} INFO - Sync 1 DAGs
[2025-09-21T00:24:27.089+0000] {logging_mixin.py:188} INFO - [2025-09-21T00:24:27.089+0000] {dag.py:3947} INFO - Setting next_dagrun for espn_news_pipeline to 2025-09-21 00:00:00+00:00, run_after=2025-09-24 00:00:00+00:00
[2025-09-21T00:24:27.099+0000] {processor.py:183} INFO - Processing /opt/airflow/dags/news_pipeline.py took 0.083 seconds
[2025-09-21T00:24:57.179+0000] {processor.py:161} INFO - Started process (PID=109) to work on /opt/airflow/dags/news_pipeline.py
[2025-09-21T00:24:57.180+0000] {processor.py:830} INFO - Processing file /opt/airflow/dags/news_pipeline.py for tasks to queue
[2025-09-21T00:24:57.183+0000] {logging_mixin.py:188} INFO - [2025-09-21T00:24:57.183+0000] {dagbag.py:545} INFO - Filling up the DagBag from /opt/airflow/dags/news_pipeline.py
[2025-09-21T00:24:57.212+0000] {processor.py:840} INFO - DAG(s) 'espn_news_pipeline' retrieved from /opt/airflow/dags/news_pipeline.py
[2025-09-21T00:24:57.229+0000] {logging_mixin.py:188} INFO - [2025-09-21T00:24:57.229+0000] {dag.py:3089} INFO - Sync 1 DAGs
[2025-09-21T00:24:57.237+0000] {logging_mixin.py:188} INFO - [2025-09-21T00:24:57.237+0000] {dag.py:3947} INFO - Setting next_dagrun for espn_news_pipeline to 2025-09-21 00:00:00+00:00, run_after=2025-09-24 00:00:00+00:00
[2025-09-21T00:24:57.246+0000] {processor.py:183} INFO - Processing /opt/airflow/dags/news_pipeline.py took 0.077 seconds
