[2025-08-22T17:48:13.246+0000] {local_task_job_runner.py:123} INFO - ::group::Pre task execution logs
[2025-08-22T17:48:13.252+0000] {taskinstance.py:2612} INFO - Dependencies all met for dep_context=non-requeueable deps ti=<TaskInstance: espn_news_pipeline.dbt_run manual__2025-08-22T17:48:00.690985+00:00 [queued]>
[2025-08-22T17:48:13.255+0000] {taskinstance.py:2612} INFO - Dependencies all met for dep_context=requeueable deps ti=<TaskInstance: espn_news_pipeline.dbt_run manual__2025-08-22T17:48:00.690985+00:00 [queued]>
[2025-08-22T17:48:13.255+0000] {taskinstance.py:2865} INFO - Starting attempt 1 of 1
[2025-08-22T17:48:13.259+0000] {taskinstance.py:2888} INFO - Executing <Task(BashOperator): dbt_run> on 2025-08-22 17:48:00.690985+00:00
[2025-08-22T17:48:13.261+0000] {standard_task_runner.py:72} INFO - Started process 587 to run task
[2025-08-22T17:48:13.263+0000] {standard_task_runner.py:104} INFO - Running: ['***', 'tasks', 'run', 'espn_news_pipeline', 'dbt_run', 'manual__2025-08-22T17:48:00.690985+00:00', '--job-id', '35', '--raw', '--subdir', 'DAGS_FOLDER/news_pipeline.py', '--cfg-path', '/tmp/tmpxqpvrj28']
[2025-08-22T17:48:13.264+0000] {standard_task_runner.py:105} INFO - Job 35: Subtask dbt_run
[2025-08-22T17:48:13.282+0000] {task_command.py:467} INFO - Running <TaskInstance: espn_news_pipeline.dbt_run manual__2025-08-22T17:48:00.690985+00:00 [running]> on host 9594dc760a36
[2025-08-22T17:48:13.314+0000] {taskinstance.py:3131} INFO - Exporting env vars: AIRFLOW_CTX_DAG_OWNER='***' AIRFLOW_CTX_DAG_ID='espn_news_pipeline' AIRFLOW_CTX_TASK_ID='dbt_run' AIRFLOW_CTX_EXECUTION_DATE='2025-08-22T17:48:00.690985+00:00' AIRFLOW_CTX_TRY_NUMBER='1' AIRFLOW_CTX_DAG_RUN_ID='manual__2025-08-22T17:48:00.690985+00:00'
[2025-08-22T17:48:13.315+0000] {taskinstance.py:731} INFO - ::endgroup::
[2025-08-22T17:48:13.320+0000] {subprocess.py:63} INFO - Tmp dir root location: /tmp
[2025-08-22T17:48:13.320+0000] {subprocess.py:75} INFO - Running command: ['/usr/bin/bash', '-c', 'cd $DBT_PROJECT_DIR && /home/***/.local/bin/dbt run']
[2025-08-22T17:48:13.324+0000] {subprocess.py:86} INFO - Output:
[2025-08-22T17:48:14.144+0000] {subprocess.py:93} INFO - [0m17:48:14  Running with dbt=1.8.6
[2025-08-22T17:48:14.544+0000] {subprocess.py:93} INFO - [0m17:48:14  Registered adapter: snowflake=1.8.3
[2025-08-22T17:48:14.616+0000] {subprocess.py:93} INFO - [0m17:48:14  Unable to do partial parsing because profile has changed
[2025-08-22T17:48:15.031+0000] {subprocess.py:93} INFO - [0m17:48:15  [[33mWARNING[0m]: Configuration paths exist in your dbt_project.yml file which do not apply to any resources.
[2025-08-22T17:48:15.031+0000] {subprocess.py:93} INFO - There are 1 unused configuration paths:
[2025-08-22T17:48:15.032+0000] {subprocess.py:93} INFO - - models.espn_project.example
[2025-08-22T17:48:15.072+0000] {subprocess.py:93} INFO - [0m17:48:15  Found 7 models, 459 macros
[2025-08-22T17:48:15.074+0000] {subprocess.py:93} INFO - [0m17:48:15
[2025-08-22T17:48:16.208+0000] {subprocess.py:93} INFO - [0m17:48:16  Concurrency: 4 threads (target='dev')
[2025-08-22T17:48:16.209+0000] {subprocess.py:93} INFO - [0m17:48:16
[2025-08-22T17:48:16.220+0000] {subprocess.py:93} INFO - [0m17:48:16  1 of 7 START sql view model MODELS.stg_news_raw ................................ [RUN]
[2025-08-22T17:48:17.554+0000] {subprocess.py:93} INFO - [0m17:48:17  1 of 7 OK created sql view model MODELS.stg_news_raw ........................... [[32mSUCCESS 1[0m in 1.33s]
[2025-08-22T17:48:17.558+0000] {subprocess.py:93} INFO - [0m17:48:17  2 of 7 START sql view model MODELS.articles_raw ................................ [RUN]
[2025-08-22T17:48:18.446+0000] {subprocess.py:93} INFO - [0m17:48:18  2 of 7 OK created sql view model MODELS.articles_raw ........................... [[32mSUCCESS 1[0m in 0.88s]
[2025-08-22T17:48:18.450+0000] {subprocess.py:93} INFO - [0m17:48:18  3 of 7 START sql table model MODELS.articles ................................... [RUN]
[2025-08-22T17:48:18.452+0000] {subprocess.py:93} INFO - [0m17:48:18  4 of 7 START sql view model MODELS.categories_raw .............................. [RUN]
[2025-08-22T17:48:18.453+0000] {subprocess.py:93} INFO - [0m17:48:18  5 of 7 START sql table model MODELS.images ..................................... [RUN]
[2025-08-22T17:48:18.454+0000] {subprocess.py:93} INFO - [0m17:48:18  6 of 7 START sql table model MODELS.links ...................................... [RUN]
[2025-08-22T17:48:19.171+0000] {subprocess.py:93} INFO - [0m17:48:19  4 of 7 OK created sql view model MODELS.categories_raw ......................... [[32mSUCCESS 1[0m in 0.71s]
[2025-08-22T17:48:19.174+0000] {subprocess.py:93} INFO - [0m17:48:19  7 of 7 START sql table model MODELS.categories ................................. [RUN]
[2025-08-22T17:48:19.781+0000] {subprocess.py:93} INFO - [0m17:48:19  3 of 7 OK created sql table model MODELS.articles .............................. [[32mSUCCESS 1[0m in 1.33s]
[2025-08-22T17:48:19.830+0000] {subprocess.py:93} INFO - [0m17:48:19  6 of 7 OK created sql table model MODELS.links ................................. [[32mSUCCESS 1[0m in 1.37s]
[2025-08-22T17:48:19.872+0000] {subprocess.py:93} INFO - [0m17:48:19  5 of 7 OK created sql table model MODELS.images ................................ [[32mSUCCESS 1[0m in 1.41s]
[2025-08-22T17:48:20.688+0000] {subprocess.py:93} INFO - [0m17:48:20  7 of 7 OK created sql table model MODELS.categories ............................ [[32mSUCCESS 1[0m in 1.51s]
[2025-08-22T17:48:20.694+0000] {subprocess.py:93} INFO - [0m17:48:20
[2025-08-22T17:48:20.694+0000] {subprocess.py:93} INFO - [0m17:48:20  Finished running 3 view models, 4 table models in 0 hours 0 minutes and 5.62 seconds (5.62s).
[2025-08-22T17:48:20.733+0000] {subprocess.py:93} INFO - [0m17:48:20
[2025-08-22T17:48:20.733+0000] {subprocess.py:93} INFO - [0m17:48:20  [32mCompleted successfully[0m
[2025-08-22T17:48:20.734+0000] {subprocess.py:93} INFO - [0m17:48:20
[2025-08-22T17:48:20.734+0000] {subprocess.py:93} INFO - [0m17:48:20  Done. PASS=7 WARN=0 ERROR=0 SKIP=0 TOTAL=7
[2025-08-22T17:48:21.367+0000] {subprocess.py:97} INFO - Command exited with return code 0
[2025-08-22T17:48:21.384+0000] {taskinstance.py:340} INFO - ::group::Post task execution logs
[2025-08-22T17:48:21.384+0000] {taskinstance.py:352} INFO - Marking task as SUCCESS. dag_id=espn_news_pipeline, task_id=dbt_run, run_id=manual__2025-08-22T17:48:00.690985+00:00, execution_date=20250822T174800, start_date=20250822T174813, end_date=20250822T174821
[2025-08-22T17:48:21.401+0000] {local_task_job_runner.py:266} INFO - Task exited with return code 0
[2025-08-22T17:48:21.412+0000] {taskinstance.py:3900} INFO - 1 downstream tasks scheduled from follow-on schedule check
[2025-08-22T17:48:21.413+0000] {local_task_job_runner.py:245} INFO - ::endgroup::
