[2025-08-22T17:48:10.430+0000] {local_task_job_runner.py:123} INFO - ::group::Pre task execution logs
[2025-08-22T17:48:10.436+0000] {taskinstance.py:2612} INFO - Dependencies all met for dep_context=non-requeueable deps ti=<TaskInstance: espn_news_pipeline.dbt_setup manual__2025-08-22T17:48:00.690985+00:00 [queued]>
[2025-08-22T17:48:10.439+0000] {taskinstance.py:2612} INFO - Dependencies all met for dep_context=requeueable deps ti=<TaskInstance: espn_news_pipeline.dbt_setup manual__2025-08-22T17:48:00.690985+00:00 [queued]>
[2025-08-22T17:48:10.439+0000] {taskinstance.py:2865} INFO - Starting attempt 1 of 1
[2025-08-22T17:48:10.443+0000] {taskinstance.py:2888} INFO - Executing <Task(BashOperator): dbt_setup> on 2025-08-22 17:48:00.690985+00:00
[2025-08-22T17:48:10.445+0000] {standard_task_runner.py:72} INFO - Started process 575 to run task
[2025-08-22T17:48:10.446+0000] {standard_task_runner.py:104} INFO - Running: ['***', 'tasks', 'run', 'espn_news_pipeline', 'dbt_setup', 'manual__2025-08-22T17:48:00.690985+00:00', '--job-id', '34', '--raw', '--subdir', 'DAGS_FOLDER/news_pipeline.py', '--cfg-path', '/tmp/tmp7m8henof']
[2025-08-22T17:48:10.447+0000] {standard_task_runner.py:105} INFO - Job 34: Subtask dbt_setup
[2025-08-22T17:48:10.466+0000] {task_command.py:467} INFO - Running <TaskInstance: espn_news_pipeline.dbt_setup manual__2025-08-22T17:48:00.690985+00:00 [running]> on host 9594dc760a36
[2025-08-22T17:48:10.498+0000] {taskinstance.py:3131} INFO - Exporting env vars: AIRFLOW_CTX_DAG_OWNER='***' AIRFLOW_CTX_DAG_ID='espn_news_pipeline' AIRFLOW_CTX_TASK_ID='dbt_setup' AIRFLOW_CTX_EXECUTION_DATE='2025-08-22T17:48:00.690985+00:00' AIRFLOW_CTX_TRY_NUMBER='1' AIRFLOW_CTX_DAG_RUN_ID='manual__2025-08-22T17:48:00.690985+00:00'
[2025-08-22T17:48:10.498+0000] {taskinstance.py:731} INFO - ::endgroup::
[2025-08-22T17:48:10.503+0000] {subprocess.py:63} INFO - Tmp dir root location: /tmp
[2025-08-22T17:48:10.503+0000] {subprocess.py:75} INFO - Running command: ['/usr/bin/bash', '-c', 'cd $DBT_PROJECT_DIR && /home/***/.local/bin/dbt deps']
[2025-08-22T17:48:10.507+0000] {subprocess.py:86} INFO - Output:
[2025-08-22T17:48:11.351+0000] {subprocess.py:93} INFO - [0m17:48:11  Running with dbt=1.8.6
[2025-08-22T17:48:11.399+0000] {subprocess.py:93} INFO - [0m17:48:11  Warning: No packages were found in packages.yml
[2025-08-22T17:48:11.400+0000] {subprocess.py:93} INFO - [0m17:48:11  Warning: No packages were found in packages.yml
[2025-08-22T17:48:11.851+0000] {subprocess.py:97} INFO - Command exited with return code 0
[2025-08-22T17:48:11.864+0000] {taskinstance.py:340} INFO - ::group::Post task execution logs
[2025-08-22T17:48:11.864+0000] {taskinstance.py:352} INFO - Marking task as SUCCESS. dag_id=espn_news_pipeline, task_id=dbt_setup, run_id=manual__2025-08-22T17:48:00.690985+00:00, execution_date=20250822T174800, start_date=20250822T174810, end_date=20250822T174811
[2025-08-22T17:48:11.891+0000] {local_task_job_runner.py:266} INFO - Task exited with return code 0
[2025-08-22T17:48:11.902+0000] {taskinstance.py:3900} INFO - 1 downstream tasks scheduled from follow-on schedule check
[2025-08-22T17:48:11.903+0000] {local_task_job_runner.py:245} INFO - ::endgroup::
