[2025-08-22T16:43:12.559+0000] {local_task_job_runner.py:123} INFO - ::group::Pre task execution logs
[2025-08-22T16:43:12.568+0000] {taskinstance.py:2612} INFO - Dependencies all met for dep_context=non-requeueable deps ti=<TaskInstance: espn_news_pipeline.dbt_setup manual__2025-08-22T16:43:02.478269+00:00 [queued]>
[2025-08-22T16:43:12.571+0000] {taskinstance.py:2612} INFO - Dependencies all met for dep_context=requeueable deps ti=<TaskInstance: espn_news_pipeline.dbt_setup manual__2025-08-22T16:43:02.478269+00:00 [queued]>
[2025-08-22T16:43:12.571+0000] {taskinstance.py:2865} INFO - Starting attempt 1 of 1
[2025-08-22T16:43:12.576+0000] {taskinstance.py:2888} INFO - Executing <Task(BashOperator): dbt_setup> on 2025-08-22 16:43:02.478269+00:00
[2025-08-22T16:43:12.579+0000] {standard_task_runner.py:72} INFO - Started process 209 to run task
[2025-08-22T16:43:12.581+0000] {standard_task_runner.py:104} INFO - Running: ['***', 'tasks', 'run', 'espn_news_pipeline', 'dbt_setup', 'manual__2025-08-22T16:43:02.478269+00:00', '--job-id', '15', '--raw', '--subdir', 'DAGS_FOLDER/news_pipeline.py', '--cfg-path', '/tmp/tmpko637k8p']
[2025-08-22T16:43:12.582+0000] {standard_task_runner.py:105} INFO - Job 15: Subtask dbt_setup
[2025-08-22T16:43:12.605+0000] {task_command.py:467} INFO - Running <TaskInstance: espn_news_pipeline.dbt_setup manual__2025-08-22T16:43:02.478269+00:00 [running]> on host 83371497f108
[2025-08-22T16:43:12.640+0000] {taskinstance.py:3131} INFO - Exporting env vars: AIRFLOW_CTX_DAG_OWNER='***' AIRFLOW_CTX_DAG_ID='espn_news_pipeline' AIRFLOW_CTX_TASK_ID='dbt_setup' AIRFLOW_CTX_EXECUTION_DATE='2025-08-22T16:43:02.478269+00:00' AIRFLOW_CTX_TRY_NUMBER='1' AIRFLOW_CTX_DAG_RUN_ID='manual__2025-08-22T16:43:02.478269+00:00'
[2025-08-22T16:43:12.641+0000] {taskinstance.py:731} INFO - ::endgroup::
[2025-08-22T16:43:12.646+0000] {subprocess.py:63} INFO - Tmp dir root location: /tmp
[2025-08-22T16:43:12.647+0000] {subprocess.py:75} INFO - Running command: ['/usr/bin/bash', '-c', 'cd $DBT_PROJECT_DIR && /home/***/.local/bin/dbt deps']
[2025-08-22T16:43:12.651+0000] {subprocess.py:86} INFO - Output:
[2025-08-22T16:43:13.587+0000] {subprocess.py:93} INFO - [0m16:43:13  Running with dbt=1.8.6
[2025-08-22T16:43:13.681+0000] {subprocess.py:93} INFO - [0m16:43:13  Warning: No packages were found in packages.yml
[2025-08-22T16:43:13.682+0000] {subprocess.py:93} INFO - [0m16:43:13  Warning: No packages were found in packages.yml
[2025-08-22T16:43:14.169+0000] {subprocess.py:97} INFO - Command exited with return code 0
[2025-08-22T16:43:14.190+0000] {taskinstance.py:340} INFO - ::group::Post task execution logs
[2025-08-22T16:43:14.190+0000] {taskinstance.py:352} INFO - Marking task as SUCCESS. dag_id=espn_news_pipeline, task_id=dbt_setup, run_id=manual__2025-08-22T16:43:02.478269+00:00, execution_date=20250822T164302, start_date=20250822T164312, end_date=20250822T164314
[2025-08-22T16:43:14.202+0000] {local_task_job_runner.py:266} INFO - Task exited with return code 0
[2025-08-22T16:43:14.216+0000] {taskinstance.py:3900} INFO - 1 downstream tasks scheduled from follow-on schedule check
[2025-08-22T16:43:14.217+0000] {local_task_job_runner.py:245} INFO - ::endgroup::
