[2025-09-16T06:57:21.063+0000] {processor.py:161} INFO - Started process (PID=33) to work on /opt/airflow/dags/news_pipeline.py
[2025-09-16T06:57:21.069+0000] {processor.py:830} INFO - Processing file /opt/airflow/dags/news_pipeline.py for tasks to queue
[2025-09-16T06:57:21.141+0000] {logging_mixin.py:188} INFO - [2025-09-16T06:57:21.127+0000] {dagbag.py:545} INFO - Filling up the DagBag from /opt/airflow/dags/news_pipeline.py
[2025-09-16T06:57:21.326+0000] {processor.py:840} INFO - DAG(s) 'espn_news_pipeline' retrieved from /opt/airflow/dags/news_pipeline.py
[2025-09-16T06:57:22.022+0000] {logging_mixin.py:188} INFO - [2025-09-16T06:57:22.018+0000] {override.py:1858} INFO - Created Permission View: can read on DAG:espn_news_pipeline
[2025-09-16T06:57:22.068+0000] {logging_mixin.py:188} INFO - [2025-09-16T06:57:22.067+0000] {override.py:1858} INFO - Created Permission View: can edit on DAG:espn_news_pipeline
[2025-09-16T06:57:22.094+0000] {logging_mixin.py:188} INFO - [2025-09-16T06:57:22.092+0000] {override.py:1858} INFO - Created Permission View: can delete on DAG:espn_news_pipeline
[2025-09-16T06:57:22.095+0000] {logging_mixin.py:188} INFO - [2025-09-16T06:57:22.095+0000] {dag.py:3089} INFO - Sync 1 DAGs
[2025-09-16T06:57:22.168+0000] {logging_mixin.py:188} INFO - [2025-09-16T06:57:22.167+0000] {dag.py:3111} INFO - Creating ORM DAG for espn_news_pipeline
[2025-09-16T06:57:22.196+0000] {logging_mixin.py:188} INFO - [2025-09-16T06:57:22.196+0000] {dag.py:3947} INFO - Setting next_dagrun for espn_news_pipeline to 2025-09-12 00:00:00+00:00, run_after=2025-09-15 00:00:00+00:00
[2025-09-16T06:57:22.556+0000] {processor.py:183} INFO - Processing /opt/airflow/dags/news_pipeline.py took 1.533 seconds
[2025-09-16T06:57:53.313+0000] {processor.py:161} INFO - Started process (PID=53) to work on /opt/airflow/dags/news_pipeline.py
[2025-09-16T06:57:53.317+0000] {processor.py:830} INFO - Processing file /opt/airflow/dags/news_pipeline.py for tasks to queue
[2025-09-16T06:57:53.323+0000] {logging_mixin.py:188} INFO - [2025-09-16T06:57:53.321+0000] {dagbag.py:545} INFO - Filling up the DagBag from /opt/airflow/dags/news_pipeline.py
[2025-09-16T06:57:53.404+0000] {processor.py:840} INFO - DAG(s) 'espn_news_pipeline' retrieved from /opt/airflow/dags/news_pipeline.py
[2025-09-16T06:57:53.456+0000] {logging_mixin.py:188} INFO - [2025-09-16T06:57:53.456+0000] {dag.py:3089} INFO - Sync 1 DAGs
[2025-09-16T06:57:53.478+0000] {logging_mixin.py:188} INFO - [2025-09-16T06:57:53.478+0000] {dag.py:3947} INFO - Setting next_dagrun for espn_news_pipeline to 2025-09-12 00:00:00+00:00, run_after=2025-09-15 00:00:00+00:00
[2025-09-16T06:57:53.495+0000] {processor.py:183} INFO - Processing /opt/airflow/dags/news_pipeline.py took 0.236 seconds
[2025-09-16T06:58:23.672+0000] {processor.py:161} INFO - Started process (PID=54) to work on /opt/airflow/dags/news_pipeline.py
[2025-09-16T06:58:23.680+0000] {processor.py:830} INFO - Processing file /opt/airflow/dags/news_pipeline.py for tasks to queue
[2025-09-16T06:58:23.684+0000] {logging_mixin.py:188} INFO - [2025-09-16T06:58:23.683+0000] {dagbag.py:545} INFO - Filling up the DagBag from /opt/airflow/dags/news_pipeline.py
[2025-09-16T06:58:23.715+0000] {processor.py:840} INFO - DAG(s) 'espn_news_pipeline' retrieved from /opt/airflow/dags/news_pipeline.py
[2025-09-16T06:58:23.762+0000] {logging_mixin.py:188} INFO - [2025-09-16T06:58:23.762+0000] {dag.py:3089} INFO - Sync 1 DAGs
[2025-09-16T06:58:23.788+0000] {logging_mixin.py:188} INFO - [2025-09-16T06:58:23.788+0000] {dag.py:3947} INFO - Setting next_dagrun for espn_news_pipeline to 2025-09-12 00:00:00+00:00, run_after=2025-09-15 00:00:00+00:00
[2025-09-16T06:58:23.801+0000] {processor.py:183} INFO - Processing /opt/airflow/dags/news_pipeline.py took 0.143 seconds
[2025-09-16T06:58:54.309+0000] {processor.py:161} INFO - Started process (PID=55) to work on /opt/airflow/dags/news_pipeline.py
[2025-09-16T06:58:54.352+0000] {processor.py:830} INFO - Processing file /opt/airflow/dags/news_pipeline.py for tasks to queue
[2025-09-16T06:58:54.370+0000] {logging_mixin.py:188} INFO - [2025-09-16T06:58:54.363+0000] {dagbag.py:545} INFO - Filling up the DagBag from /opt/airflow/dags/news_pipeline.py
[2025-09-16T06:58:54.502+0000] {processor.py:840} INFO - DAG(s) 'espn_news_pipeline' retrieved from /opt/airflow/dags/news_pipeline.py
[2025-09-16T06:58:54.626+0000] {logging_mixin.py:188} INFO - [2025-09-16T06:58:54.625+0000] {dag.py:3089} INFO - Sync 1 DAGs
[2025-09-16T06:58:54.675+0000] {logging_mixin.py:188} INFO - [2025-09-16T06:58:54.675+0000] {dag.py:3947} INFO - Setting next_dagrun for espn_news_pipeline to 2025-09-12 00:00:00+00:00, run_after=2025-09-15 00:00:00+00:00
[2025-09-16T06:58:54.694+0000] {processor.py:183} INFO - Processing /opt/airflow/dags/news_pipeline.py took 0.526 seconds
[2025-09-16T06:59:25.997+0000] {processor.py:161} INFO - Started process (PID=56) to work on /opt/airflow/dags/news_pipeline.py
[2025-09-16T06:59:26.014+0000] {processor.py:830} INFO - Processing file /opt/airflow/dags/news_pipeline.py for tasks to queue
[2025-09-16T06:59:26.022+0000] {logging_mixin.py:188} INFO - [2025-09-16T06:59:26.019+0000] {dagbag.py:545} INFO - Filling up the DagBag from /opt/airflow/dags/news_pipeline.py
[2025-09-16T06:59:26.072+0000] {processor.py:840} INFO - DAG(s) 'espn_news_pipeline' retrieved from /opt/airflow/dags/news_pipeline.py
[2025-09-16T06:59:26.136+0000] {logging_mixin.py:188} INFO - [2025-09-16T06:59:26.136+0000] {dag.py:3089} INFO - Sync 1 DAGs
[2025-09-16T06:59:26.155+0000] {logging_mixin.py:188} INFO - [2025-09-16T06:59:26.155+0000] {dag.py:3947} INFO - Setting next_dagrun for espn_news_pipeline to 2025-09-12 00:00:00+00:00, run_after=2025-09-15 00:00:00+00:00
[2025-09-16T06:59:26.204+0000] {processor.py:183} INFO - Processing /opt/airflow/dags/news_pipeline.py took 0.421 seconds
[2025-09-16T06:59:56.786+0000] {processor.py:161} INFO - Started process (PID=58) to work on /opt/airflow/dags/news_pipeline.py
[2025-09-16T06:59:56.795+0000] {processor.py:830} INFO - Processing file /opt/airflow/dags/news_pipeline.py for tasks to queue
[2025-09-16T06:59:56.807+0000] {logging_mixin.py:188} INFO - [2025-09-16T06:59:56.802+0000] {dagbag.py:545} INFO - Filling up the DagBag from /opt/airflow/dags/news_pipeline.py
[2025-09-16T06:59:56.850+0000] {processor.py:840} INFO - DAG(s) 'espn_news_pipeline' retrieved from /opt/airflow/dags/news_pipeline.py
[2025-09-16T06:59:56.905+0000] {logging_mixin.py:188} INFO - [2025-09-16T06:59:56.905+0000] {dag.py:3089} INFO - Sync 1 DAGs
[2025-09-16T06:59:56.937+0000] {logging_mixin.py:188} INFO - [2025-09-16T06:59:56.937+0000] {dag.py:3947} INFO - Setting next_dagrun for espn_news_pipeline to 2025-09-12 00:00:00+00:00, run_after=2025-09-15 00:00:00+00:00
[2025-09-16T06:59:56.953+0000] {processor.py:183} INFO - Processing /opt/airflow/dags/news_pipeline.py took 0.269 seconds
[2025-09-16T07:00:28.142+0000] {processor.py:161} INFO - Started process (PID=59) to work on /opt/airflow/dags/news_pipeline.py
[2025-09-16T07:00:28.180+0000] {processor.py:830} INFO - Processing file /opt/airflow/dags/news_pipeline.py for tasks to queue
[2025-09-16T07:00:28.224+0000] {logging_mixin.py:188} INFO - [2025-09-16T07:00:28.213+0000] {dagbag.py:545} INFO - Filling up the DagBag from /opt/airflow/dags/news_pipeline.py
[2025-09-16T07:00:28.279+0000] {processor.py:840} INFO - DAG(s) 'espn_news_pipeline' retrieved from /opt/airflow/dags/news_pipeline.py
[2025-09-16T07:00:28.356+0000] {logging_mixin.py:188} INFO - [2025-09-16T07:00:28.356+0000] {dag.py:3089} INFO - Sync 1 DAGs
[2025-09-16T07:00:28.388+0000] {logging_mixin.py:188} INFO - [2025-09-16T07:00:28.388+0000] {dag.py:3947} INFO - Setting next_dagrun for espn_news_pipeline to 2025-09-12 00:00:00+00:00, run_after=2025-09-15 00:00:00+00:00
[2025-09-16T07:00:28.406+0000] {processor.py:183} INFO - Processing /opt/airflow/dags/news_pipeline.py took 0.366 seconds
[2025-09-16T07:00:59.056+0000] {processor.py:161} INFO - Started process (PID=60) to work on /opt/airflow/dags/news_pipeline.py
[2025-09-16T07:00:59.063+0000] {processor.py:830} INFO - Processing file /opt/airflow/dags/news_pipeline.py for tasks to queue
[2025-09-16T07:00:59.082+0000] {logging_mixin.py:188} INFO - [2025-09-16T07:00:59.078+0000] {dagbag.py:545} INFO - Filling up the DagBag from /opt/airflow/dags/news_pipeline.py
[2025-09-16T07:00:59.179+0000] {processor.py:840} INFO - DAG(s) 'espn_news_pipeline' retrieved from /opt/airflow/dags/news_pipeline.py
[2025-09-16T07:00:59.350+0000] {logging_mixin.py:188} INFO - [2025-09-16T07:00:59.350+0000] {dag.py:3089} INFO - Sync 1 DAGs
[2025-09-16T07:00:59.399+0000] {logging_mixin.py:188} INFO - [2025-09-16T07:00:59.398+0000] {dag.py:3947} INFO - Setting next_dagrun for espn_news_pipeline to 2025-09-12 00:00:00+00:00, run_after=2025-09-15 00:00:00+00:00
[2025-09-16T07:00:59.448+0000] {processor.py:183} INFO - Processing /opt/airflow/dags/news_pipeline.py took 0.461 seconds
[2025-09-16T07:01:31.735+0000] {processor.py:161} INFO - Started process (PID=61) to work on /opt/airflow/dags/news_pipeline.py
[2025-09-16T07:01:31.829+0000] {processor.py:830} INFO - Processing file /opt/airflow/dags/news_pipeline.py for tasks to queue
[2025-09-16T07:01:31.967+0000] {logging_mixin.py:188} INFO - [2025-09-16T07:01:31.912+0000] {dagbag.py:545} INFO - Filling up the DagBag from /opt/airflow/dags/news_pipeline.py
[2025-09-16T07:01:32.240+0000] {processor.py:840} INFO - DAG(s) 'espn_news_pipeline' retrieved from /opt/airflow/dags/news_pipeline.py
[2025-09-16T07:01:32.430+0000] {logging_mixin.py:188} INFO - [2025-09-16T07:01:32.430+0000] {dag.py:3089} INFO - Sync 1 DAGs
[2025-09-16T07:01:32.481+0000] {logging_mixin.py:188} INFO - [2025-09-16T07:01:32.481+0000] {dag.py:3947} INFO - Setting next_dagrun for espn_news_pipeline to 2025-09-12 00:00:00+00:00, run_after=2025-09-15 00:00:00+00:00
[2025-09-16T07:01:32.578+0000] {processor.py:183} INFO - Processing /opt/airflow/dags/news_pipeline.py took 1.263 seconds
[2025-09-16T07:02:12.304+0000] {processor.py:161} INFO - Started process (PID=33) to work on /opt/airflow/dags/news_pipeline.py
[2025-09-16T07:02:12.309+0000] {processor.py:830} INFO - Processing file /opt/airflow/dags/news_pipeline.py for tasks to queue
[2025-09-16T07:02:12.315+0000] {logging_mixin.py:188} INFO - [2025-09-16T07:02:12.315+0000] {dagbag.py:545} INFO - Filling up the DagBag from /opt/airflow/dags/news_pipeline.py
[2025-09-16T07:02:12.354+0000] {processor.py:840} INFO - DAG(s) 'espn_news_pipeline' retrieved from /opt/airflow/dags/news_pipeline.py
[2025-09-16T07:02:12.505+0000] {logging_mixin.py:188} INFO - [2025-09-16T07:02:12.505+0000] {override.py:1858} INFO - Created Permission View: can read on DAG:espn_news_pipeline
[2025-09-16T07:02:12.543+0000] {logging_mixin.py:188} INFO - [2025-09-16T07:02:12.542+0000] {override.py:1706} ERROR - Add Permission: (sqlite3.IntegrityError) UNIQUE constraint failed: ab_permission.name
[SQL: INSERT INTO ab_permission (name) VALUES (?)]
[parameters: ('can_delete',)]
(Background on this error at: https://sqlalche.me/e/14/gkpj)
[2025-09-16T07:02:12.545+0000] {logging_mixin.py:188} INFO - [2025-09-16T07:02:12.545+0000] {override.py:1858} INFO - Created Permission View: None on DAG:espn_news_pipeline
[2025-09-16T07:02:12.552+0000] {logging_mixin.py:188} INFO - [2025-09-16T07:02:12.552+0000] {override.py:1858} INFO - Created Permission View: can edit on DAG:espn_news_pipeline
[2025-09-16T07:02:12.552+0000] {logging_mixin.py:188} INFO - [2025-09-16T07:02:12.552+0000] {dag.py:3089} INFO - Sync 1 DAGs
[2025-09-16T07:02:12.569+0000] {logging_mixin.py:188} INFO - [2025-09-16T07:02:12.568+0000] {dag.py:3111} INFO - Creating ORM DAG for espn_news_pipeline
[2025-09-16T07:02:12.578+0000] {logging_mixin.py:188} INFO - [2025-09-16T07:02:12.578+0000] {dag.py:3947} INFO - Setting next_dagrun for espn_news_pipeline to 2025-09-12 00:00:00+00:00, run_after=2025-09-15 00:00:00+00:00
[2025-09-16T07:02:12.885+0000] {processor.py:183} INFO - Processing /opt/airflow/dags/news_pipeline.py took 0.594 seconds
[2025-09-16T07:02:43.641+0000] {processor.py:161} INFO - Started process (PID=54) to work on /opt/airflow/dags/news_pipeline.py
[2025-09-16T07:02:43.670+0000] {processor.py:830} INFO - Processing file /opt/airflow/dags/news_pipeline.py for tasks to queue
[2025-09-16T07:02:43.718+0000] {logging_mixin.py:188} INFO - [2025-09-16T07:02:43.707+0000] {dagbag.py:545} INFO - Filling up the DagBag from /opt/airflow/dags/news_pipeline.py
[2025-09-16T07:02:43.876+0000] {processor.py:840} INFO - DAG(s) 'espn_news_pipeline' retrieved from /opt/airflow/dags/news_pipeline.py
[2025-09-16T07:02:44.064+0000] {logging_mixin.py:188} INFO - [2025-09-16T07:02:44.063+0000] {dag.py:3089} INFO - Sync 1 DAGs
[2025-09-16T07:02:44.141+0000] {logging_mixin.py:188} INFO - [2025-09-16T07:02:44.141+0000] {dag.py:3947} INFO - Setting next_dagrun for espn_news_pipeline to 2025-09-12 00:00:00+00:00, run_after=2025-09-15 00:00:00+00:00
[2025-09-16T07:02:44.227+0000] {processor.py:183} INFO - Processing /opt/airflow/dags/news_pipeline.py took 0.665 seconds
[2025-09-16T07:03:16.372+0000] {processor.py:161} INFO - Started process (PID=55) to work on /opt/airflow/dags/news_pipeline.py
[2025-09-16T07:03:16.378+0000] {processor.py:830} INFO - Processing file /opt/airflow/dags/news_pipeline.py for tasks to queue
[2025-09-16T07:03:16.405+0000] {logging_mixin.py:188} INFO - [2025-09-16T07:03:16.396+0000] {dagbag.py:545} INFO - Filling up the DagBag from /opt/airflow/dags/news_pipeline.py
[2025-09-16T07:03:16.540+0000] {processor.py:840} INFO - DAG(s) 'espn_news_pipeline' retrieved from /opt/airflow/dags/news_pipeline.py
[2025-09-16T07:03:16.753+0000] {logging_mixin.py:188} INFO - [2025-09-16T07:03:16.753+0000] {dag.py:3089} INFO - Sync 1 DAGs
[2025-09-16T07:03:16.845+0000] {logging_mixin.py:188} INFO - [2025-09-16T07:03:16.845+0000] {dag.py:3947} INFO - Setting next_dagrun for espn_news_pipeline to 2025-09-12 00:00:00+00:00, run_after=2025-09-15 00:00:00+00:00
[2025-09-16T07:03:16.912+0000] {processor.py:183} INFO - Processing /opt/airflow/dags/news_pipeline.py took 0.576 seconds
[2025-09-16T07:03:47.336+0000] {processor.py:161} INFO - Started process (PID=56) to work on /opt/airflow/dags/news_pipeline.py
[2025-09-16T07:03:47.339+0000] {processor.py:830} INFO - Processing file /opt/airflow/dags/news_pipeline.py for tasks to queue
[2025-09-16T07:03:47.345+0000] {logging_mixin.py:188} INFO - [2025-09-16T07:03:47.344+0000] {dagbag.py:545} INFO - Filling up the DagBag from /opt/airflow/dags/news_pipeline.py
[2025-09-16T07:03:47.375+0000] {processor.py:840} INFO - DAG(s) 'espn_news_pipeline' retrieved from /opt/airflow/dags/news_pipeline.py
[2025-09-16T07:03:47.417+0000] {logging_mixin.py:188} INFO - [2025-09-16T07:03:47.417+0000] {dag.py:3089} INFO - Sync 1 DAGs
[2025-09-16T07:03:47.439+0000] {logging_mixin.py:188} INFO - [2025-09-16T07:03:47.439+0000] {dag.py:3947} INFO - Setting next_dagrun for espn_news_pipeline to 2025-09-12 00:00:00+00:00, run_after=2025-09-15 00:00:00+00:00
[2025-09-16T07:03:47.462+0000] {processor.py:183} INFO - Processing /opt/airflow/dags/news_pipeline.py took 0.163 seconds
[2025-09-16T07:04:08.149+0000] {processor.py:161} INFO - Started process (PID=33) to work on /opt/airflow/dags/news_pipeline.py
[2025-09-16T07:04:08.150+0000] {processor.py:830} INFO - Processing file /opt/airflow/dags/news_pipeline.py for tasks to queue
[2025-09-16T07:04:08.153+0000] {logging_mixin.py:188} INFO - [2025-09-16T07:04:08.152+0000] {dagbag.py:545} INFO - Filling up the DagBag from /opt/airflow/dags/news_pipeline.py
[2025-09-16T07:04:08.178+0000] {processor.py:840} INFO - DAG(s) 'espn_news_pipeline' retrieved from /opt/airflow/dags/news_pipeline.py
[2025-09-16T07:04:08.393+0000] {logging_mixin.py:188} INFO - [2025-09-16T07:04:08.392+0000] {override.py:1858} INFO - Created Permission View: can edit on DAG:espn_news_pipeline
[2025-09-16T07:04:08.400+0000] {logging_mixin.py:188} INFO - [2025-09-16T07:04:08.400+0000] {override.py:1858} INFO - Created Permission View: can read on DAG:espn_news_pipeline
[2025-09-16T07:04:08.405+0000] {logging_mixin.py:188} INFO - [2025-09-16T07:04:08.405+0000] {override.py:1858} INFO - Created Permission View: can delete on DAG:espn_news_pipeline
[2025-09-16T07:04:08.405+0000] {logging_mixin.py:188} INFO - [2025-09-16T07:04:08.405+0000] {dag.py:3089} INFO - Sync 1 DAGs
[2025-09-16T07:04:08.411+0000] {logging_mixin.py:188} INFO - [2025-09-16T07:04:08.411+0000] {dag.py:3111} INFO - Creating ORM DAG for espn_news_pipeline
[2025-09-16T07:04:08.419+0000] {logging_mixin.py:188} INFO - [2025-09-16T07:04:08.419+0000] {dag.py:3947} INFO - Setting next_dagrun for espn_news_pipeline to 2025-09-12 00:00:00+00:00, run_after=2025-09-15 00:00:00+00:00
[2025-09-16T07:04:08.431+0000] {processor.py:183} INFO - Processing /opt/airflow/dags/news_pipeline.py took 0.289 seconds
[2025-09-16T07:04:39.395+0000] {processor.py:161} INFO - Started process (PID=53) to work on /opt/airflow/dags/news_pipeline.py
[2025-09-16T07:04:39.425+0000] {processor.py:830} INFO - Processing file /opt/airflow/dags/news_pipeline.py for tasks to queue
[2025-09-16T07:04:39.517+0000] {logging_mixin.py:188} INFO - [2025-09-16T07:04:39.486+0000] {dagbag.py:545} INFO - Filling up the DagBag from /opt/airflow/dags/news_pipeline.py
[2025-09-16T07:04:39.647+0000] {processor.py:840} INFO - DAG(s) 'espn_news_pipeline' retrieved from /opt/airflow/dags/news_pipeline.py
[2025-09-16T07:04:39.781+0000] {logging_mixin.py:188} INFO - [2025-09-16T07:04:39.781+0000] {dag.py:3089} INFO - Sync 1 DAGs
[2025-09-16T07:04:39.870+0000] {logging_mixin.py:188} INFO - [2025-09-16T07:04:39.870+0000] {dag.py:3947} INFO - Setting next_dagrun for espn_news_pipeline to 2025-09-12 00:00:00+00:00, run_after=2025-09-15 00:00:00+00:00
[2025-09-16T07:04:39.891+0000] {processor.py:183} INFO - Processing /opt/airflow/dags/news_pipeline.py took 0.527 seconds
[2025-09-16T07:05:10.565+0000] {processor.py:161} INFO - Started process (PID=54) to work on /opt/airflow/dags/news_pipeline.py
[2025-09-16T07:05:10.567+0000] {processor.py:830} INFO - Processing file /opt/airflow/dags/news_pipeline.py for tasks to queue
[2025-09-16T07:05:10.571+0000] {logging_mixin.py:188} INFO - [2025-09-16T07:05:10.571+0000] {dagbag.py:545} INFO - Filling up the DagBag from /opt/airflow/dags/news_pipeline.py
[2025-09-16T07:05:10.597+0000] {processor.py:840} INFO - DAG(s) 'espn_news_pipeline' retrieved from /opt/airflow/dags/news_pipeline.py
[2025-09-16T07:05:10.666+0000] {logging_mixin.py:188} INFO - [2025-09-16T07:05:10.666+0000] {dag.py:3089} INFO - Sync 1 DAGs
[2025-09-16T07:05:10.689+0000] {logging_mixin.py:188} INFO - [2025-09-16T07:05:10.689+0000] {dag.py:3947} INFO - Setting next_dagrun for espn_news_pipeline to 2025-09-12 00:00:00+00:00, run_after=2025-09-15 00:00:00+00:00
[2025-09-16T07:05:10.702+0000] {processor.py:183} INFO - Processing /opt/airflow/dags/news_pipeline.py took 0.152 seconds
[2025-09-16T07:05:42.034+0000] {processor.py:161} INFO - Started process (PID=55) to work on /opt/airflow/dags/news_pipeline.py
[2025-09-16T07:05:42.290+0000] {processor.py:830} INFO - Processing file /opt/airflow/dags/news_pipeline.py for tasks to queue
[2025-09-16T07:05:42.404+0000] {logging_mixin.py:188} INFO - [2025-09-16T07:05:42.371+0000] {dagbag.py:545} INFO - Filling up the DagBag from /opt/airflow/dags/news_pipeline.py
[2025-09-16T07:05:43.478+0000] {processor.py:840} INFO - DAG(s) 'espn_news_pipeline' retrieved from /opt/airflow/dags/news_pipeline.py
[2025-09-16T07:05:43.871+0000] {logging_mixin.py:188} INFO - [2025-09-16T07:05:43.870+0000] {dag.py:3089} INFO - Sync 1 DAGs
[2025-09-16T07:05:43.983+0000] {logging_mixin.py:188} INFO - [2025-09-16T07:05:43.982+0000] {dag.py:3947} INFO - Setting next_dagrun for espn_news_pipeline to 2025-09-12 00:00:00+00:00, run_after=2025-09-15 00:00:00+00:00
[2025-09-16T07:05:44.024+0000] {processor.py:183} INFO - Processing /opt/airflow/dags/news_pipeline.py took 2.096 seconds
[2025-09-16T07:06:17.327+0000] {processor.py:161} INFO - Started process (PID=56) to work on /opt/airflow/dags/news_pipeline.py
[2025-09-16T07:06:17.435+0000] {processor.py:830} INFO - Processing file /opt/airflow/dags/news_pipeline.py for tasks to queue
[2025-09-16T07:06:17.687+0000] {logging_mixin.py:188} INFO - [2025-09-16T07:06:17.652+0000] {dagbag.py:545} INFO - Filling up the DagBag from /opt/airflow/dags/news_pipeline.py
[2025-09-16T07:06:17.964+0000] {processor.py:840} INFO - DAG(s) 'espn_news_pipeline' retrieved from /opt/airflow/dags/news_pipeline.py
[2025-09-16T07:06:18.195+0000] {logging_mixin.py:188} INFO - [2025-09-16T07:06:18.195+0000] {dag.py:3089} INFO - Sync 1 DAGs
[2025-09-16T07:06:18.285+0000] {logging_mixin.py:188} INFO - [2025-09-16T07:06:18.285+0000] {dag.py:3947} INFO - Setting next_dagrun for espn_news_pipeline to 2025-09-12 00:00:00+00:00, run_after=2025-09-15 00:00:00+00:00
[2025-09-16T07:06:18.317+0000] {processor.py:183} INFO - Processing /opt/airflow/dags/news_pipeline.py took 2.028 seconds
[2025-09-16T07:06:48.797+0000] {processor.py:161} INFO - Started process (PID=57) to work on /opt/airflow/dags/news_pipeline.py
[2025-09-16T07:06:48.800+0000] {processor.py:830} INFO - Processing file /opt/airflow/dags/news_pipeline.py for tasks to queue
[2025-09-16T07:06:48.810+0000] {logging_mixin.py:188} INFO - [2025-09-16T07:06:48.806+0000] {dagbag.py:545} INFO - Filling up the DagBag from /opt/airflow/dags/news_pipeline.py
[2025-09-16T07:06:48.866+0000] {processor.py:840} INFO - DAG(s) 'espn_news_pipeline' retrieved from /opt/airflow/dags/news_pipeline.py
[2025-09-16T07:06:48.933+0000] {logging_mixin.py:188} INFO - [2025-09-16T07:06:48.933+0000] {dag.py:3089} INFO - Sync 1 DAGs
[2025-09-16T07:06:48.962+0000] {logging_mixin.py:188} INFO - [2025-09-16T07:06:48.962+0000] {dag.py:3947} INFO - Setting next_dagrun for espn_news_pipeline to 2025-09-12 00:00:00+00:00, run_after=2025-09-15 00:00:00+00:00
[2025-09-16T07:06:48.980+0000] {processor.py:183} INFO - Processing /opt/airflow/dags/news_pipeline.py took 0.195 seconds
[2025-09-16T07:07:19.278+0000] {processor.py:161} INFO - Started process (PID=64) to work on /opt/airflow/dags/news_pipeline.py
[2025-09-16T07:07:19.897+0000] {processor.py:830} INFO - Processing file /opt/airflow/dags/news_pipeline.py for tasks to queue
[2025-09-16T07:07:19.909+0000] {logging_mixin.py:188} INFO - [2025-09-16T07:07:19.903+0000] {dagbag.py:545} INFO - Filling up the DagBag from /opt/airflow/dags/news_pipeline.py
[2025-09-16T07:07:20.377+0000] {processor.py:840} INFO - DAG(s) 'espn_news_pipeline' retrieved from /opt/airflow/dags/news_pipeline.py
[2025-09-16T07:07:20.408+0000] {logging_mixin.py:188} INFO - [2025-09-16T07:07:20.408+0000] {dag.py:3089} INFO - Sync 1 DAGs
[2025-09-16T07:07:20.424+0000] {logging_mixin.py:188} INFO - [2025-09-16T07:07:20.424+0000] {dag.py:3947} INFO - Setting next_dagrun for espn_news_pipeline to 2025-09-12 00:00:00+00:00, run_after=2025-09-15 00:00:00+00:00
[2025-09-16T07:07:20.444+0000] {processor.py:183} INFO - Processing /opt/airflow/dags/news_pipeline.py took 1.186 seconds
[2025-09-16T07:07:50.818+0000] {processor.py:161} INFO - Started process (PID=65) to work on /opt/airflow/dags/news_pipeline.py
[2025-09-16T07:07:50.823+0000] {processor.py:830} INFO - Processing file /opt/airflow/dags/news_pipeline.py for tasks to queue
[2025-09-16T07:07:50.837+0000] {logging_mixin.py:188} INFO - [2025-09-16T07:07:50.831+0000] {dagbag.py:545} INFO - Filling up the DagBag from /opt/airflow/dags/news_pipeline.py
[2025-09-16T07:07:50.909+0000] {processor.py:840} INFO - DAG(s) 'espn_news_pipeline' retrieved from /opt/airflow/dags/news_pipeline.py
[2025-09-16T07:07:50.963+0000] {logging_mixin.py:188} INFO - [2025-09-16T07:07:50.963+0000] {dag.py:3089} INFO - Sync 1 DAGs
[2025-09-16T07:07:50.991+0000] {logging_mixin.py:188} INFO - [2025-09-16T07:07:50.991+0000] {dag.py:3947} INFO - Setting next_dagrun for espn_news_pipeline to 2025-09-12 00:00:00+00:00, run_after=2025-09-15 00:00:00+00:00
[2025-09-16T07:07:51.006+0000] {processor.py:183} INFO - Processing /opt/airflow/dags/news_pipeline.py took 0.242 seconds
[2025-09-16T07:08:21.254+0000] {processor.py:161} INFO - Started process (PID=67) to work on /opt/airflow/dags/news_pipeline.py
[2025-09-16T07:08:21.256+0000] {processor.py:830} INFO - Processing file /opt/airflow/dags/news_pipeline.py for tasks to queue
[2025-09-16T07:08:21.271+0000] {logging_mixin.py:188} INFO - [2025-09-16T07:08:21.267+0000] {dagbag.py:545} INFO - Filling up the DagBag from /opt/airflow/dags/news_pipeline.py
[2025-09-16T07:08:21.300+0000] {processor.py:840} INFO - DAG(s) 'espn_news_pipeline' retrieved from /opt/airflow/dags/news_pipeline.py
[2025-09-16T07:08:21.352+0000] {logging_mixin.py:188} INFO - [2025-09-16T07:08:21.352+0000] {dag.py:3089} INFO - Sync 1 DAGs
[2025-09-16T07:08:21.393+0000] {logging_mixin.py:188} INFO - [2025-09-16T07:08:21.392+0000] {dag.py:3947} INFO - Setting next_dagrun for espn_news_pipeline to 2025-09-12 00:00:00+00:00, run_after=2025-09-15 00:00:00+00:00
[2025-09-16T07:08:21.441+0000] {processor.py:183} INFO - Processing /opt/airflow/dags/news_pipeline.py took 0.203 seconds
[2025-09-16T07:08:51.829+0000] {processor.py:161} INFO - Started process (PID=68) to work on /opt/airflow/dags/news_pipeline.py
[2025-09-16T07:08:51.836+0000] {processor.py:830} INFO - Processing file /opt/airflow/dags/news_pipeline.py for tasks to queue
[2025-09-16T07:08:51.847+0000] {logging_mixin.py:188} INFO - [2025-09-16T07:08:51.840+0000] {dagbag.py:545} INFO - Filling up the DagBag from /opt/airflow/dags/news_pipeline.py
[2025-09-16T07:08:51.886+0000] {processor.py:840} INFO - DAG(s) 'espn_news_pipeline' retrieved from /opt/airflow/dags/news_pipeline.py
[2025-09-16T07:08:51.934+0000] {logging_mixin.py:188} INFO - [2025-09-16T07:08:51.934+0000] {dag.py:3089} INFO - Sync 1 DAGs
[2025-09-16T07:08:51.961+0000] {logging_mixin.py:188} INFO - [2025-09-16T07:08:51.961+0000] {dag.py:3947} INFO - Setting next_dagrun for espn_news_pipeline to 2025-09-12 00:00:00+00:00, run_after=2025-09-15 00:00:00+00:00
[2025-09-16T07:08:51.998+0000] {processor.py:183} INFO - Processing /opt/airflow/dags/news_pipeline.py took 0.202 seconds
[2025-09-16T07:09:22.230+0000] {processor.py:161} INFO - Started process (PID=82) to work on /opt/airflow/dags/news_pipeline.py
[2025-09-16T07:09:22.232+0000] {processor.py:830} INFO - Processing file /opt/airflow/dags/news_pipeline.py for tasks to queue
[2025-09-16T07:09:22.235+0000] {logging_mixin.py:188} INFO - [2025-09-16T07:09:22.234+0000] {dagbag.py:545} INFO - Filling up the DagBag from /opt/airflow/dags/news_pipeline.py
[2025-09-16T07:09:22.257+0000] {processor.py:840} INFO - DAG(s) 'espn_news_pipeline' retrieved from /opt/airflow/dags/news_pipeline.py
[2025-09-16T07:09:22.280+0000] {logging_mixin.py:188} INFO - [2025-09-16T07:09:22.280+0000] {dag.py:3089} INFO - Sync 1 DAGs
[2025-09-16T07:09:22.301+0000] {logging_mixin.py:188} INFO - [2025-09-16T07:09:22.300+0000] {dag.py:3947} INFO - Setting next_dagrun for espn_news_pipeline to 2025-09-12 00:00:00+00:00, run_after=2025-09-15 00:00:00+00:00
[2025-09-16T07:09:23.604+0000] {processor.py:183} INFO - Processing /opt/airflow/dags/news_pipeline.py took 1.380 seconds
[2025-09-16T07:09:53.872+0000] {processor.py:161} INFO - Started process (PID=83) to work on /opt/airflow/dags/news_pipeline.py
[2025-09-16T07:09:53.875+0000] {processor.py:830} INFO - Processing file /opt/airflow/dags/news_pipeline.py for tasks to queue
[2025-09-16T07:09:53.879+0000] {logging_mixin.py:188} INFO - [2025-09-16T07:09:53.878+0000] {dagbag.py:545} INFO - Filling up the DagBag from /opt/airflow/dags/news_pipeline.py
[2025-09-16T07:09:53.896+0000] {processor.py:840} INFO - DAG(s) 'espn_news_pipeline' retrieved from /opt/airflow/dags/news_pipeline.py
[2025-09-16T07:09:53.937+0000] {logging_mixin.py:188} INFO - [2025-09-16T07:09:53.937+0000] {dag.py:3089} INFO - Sync 1 DAGs
[2025-09-16T07:09:54.106+0000] {logging_mixin.py:188} INFO - [2025-09-16T07:09:54.106+0000] {dag.py:3947} INFO - Setting next_dagrun for espn_news_pipeline to 2025-09-12 00:00:00+00:00, run_after=2025-09-15 00:00:00+00:00
[2025-09-16T07:09:54.116+0000] {processor.py:183} INFO - Processing /opt/airflow/dags/news_pipeline.py took 0.275 seconds
[2025-09-16T07:10:24.275+0000] {processor.py:161} INFO - Started process (PID=84) to work on /opt/airflow/dags/news_pipeline.py
[2025-09-16T07:10:24.277+0000] {processor.py:830} INFO - Processing file /opt/airflow/dags/news_pipeline.py for tasks to queue
[2025-09-16T07:10:24.281+0000] {logging_mixin.py:188} INFO - [2025-09-16T07:10:24.280+0000] {dagbag.py:545} INFO - Filling up the DagBag from /opt/airflow/dags/news_pipeline.py
[2025-09-16T07:10:24.300+0000] {processor.py:840} INFO - DAG(s) 'espn_news_pipeline' retrieved from /opt/airflow/dags/news_pipeline.py
[2025-09-16T07:10:24.333+0000] {logging_mixin.py:188} INFO - [2025-09-16T07:10:24.333+0000] {dag.py:3089} INFO - Sync 1 DAGs
[2025-09-16T07:10:24.572+0000] {logging_mixin.py:188} INFO - [2025-09-16T07:10:24.572+0000] {dag.py:3947} INFO - Setting next_dagrun for espn_news_pipeline to 2025-09-12 00:00:00+00:00, run_after=2025-09-15 00:00:00+00:00
[2025-09-16T07:10:24.581+0000] {processor.py:183} INFO - Processing /opt/airflow/dags/news_pipeline.py took 0.321 seconds
[2025-09-16T07:10:54.818+0000] {processor.py:161} INFO - Started process (PID=91) to work on /opt/airflow/dags/news_pipeline.py
[2025-09-16T07:10:54.821+0000] {processor.py:830} INFO - Processing file /opt/airflow/dags/news_pipeline.py for tasks to queue
[2025-09-16T07:10:54.825+0000] {logging_mixin.py:188} INFO - [2025-09-16T07:10:54.824+0000] {dagbag.py:545} INFO - Filling up the DagBag from /opt/airflow/dags/news_pipeline.py
[2025-09-16T07:10:54.841+0000] {processor.py:840} INFO - DAG(s) 'espn_news_pipeline' retrieved from /opt/airflow/dags/news_pipeline.py
[2025-09-16T07:10:54.848+0000] {logging_mixin.py:188} INFO - [2025-09-16T07:10:54.848+0000] {dag.py:3089} INFO - Sync 1 DAGs
[2025-09-16T07:10:55.071+0000] {logging_mixin.py:188} INFO - [2025-09-16T07:10:55.071+0000] {dag.py:3947} INFO - Setting next_dagrun for espn_news_pipeline to 2025-09-12 00:00:00+00:00, run_after=2025-09-15 00:00:00+00:00
[2025-09-16T07:10:55.080+0000] {processor.py:183} INFO - Processing /opt/airflow/dags/news_pipeline.py took 0.277 seconds
[2025-09-16T07:11:25.237+0000] {processor.py:161} INFO - Started process (PID=106) to work on /opt/airflow/dags/news_pipeline.py
[2025-09-16T07:11:25.239+0000] {processor.py:830} INFO - Processing file /opt/airflow/dags/news_pipeline.py for tasks to queue
[2025-09-16T07:11:25.242+0000] {logging_mixin.py:188} INFO - [2025-09-16T07:11:25.241+0000] {dagbag.py:545} INFO - Filling up the DagBag from /opt/airflow/dags/news_pipeline.py
[2025-09-16T07:11:25.256+0000] {processor.py:840} INFO - DAG(s) 'espn_news_pipeline' retrieved from /opt/airflow/dags/news_pipeline.py
[2025-09-16T07:11:25.493+0000] {logging_mixin.py:188} INFO - [2025-09-16T07:11:25.492+0000] {dag.py:3089} INFO - Sync 1 DAGs
[2025-09-16T07:11:25.499+0000] {logging_mixin.py:188} INFO - [2025-09-16T07:11:25.499+0000] {dag.py:3947} INFO - Setting next_dagrun for espn_news_pipeline to 2025-09-12 00:00:00+00:00, run_after=2025-09-15 00:00:00+00:00
[2025-09-16T07:11:25.508+0000] {processor.py:183} INFO - Processing /opt/airflow/dags/news_pipeline.py took 0.303 seconds
[2025-09-16T07:11:55.750+0000] {processor.py:161} INFO - Started process (PID=108) to work on /opt/airflow/dags/news_pipeline.py
[2025-09-16T07:11:55.754+0000] {processor.py:830} INFO - Processing file /opt/airflow/dags/news_pipeline.py for tasks to queue
[2025-09-16T07:11:55.758+0000] {logging_mixin.py:188} INFO - [2025-09-16T07:11:55.757+0000] {dagbag.py:545} INFO - Filling up the DagBag from /opt/airflow/dags/news_pipeline.py
[2025-09-16T07:11:55.791+0000] {processor.py:840} INFO - DAG(s) 'espn_news_pipeline' retrieved from /opt/airflow/dags/news_pipeline.py
[2025-09-16T07:11:56.002+0000] {logging_mixin.py:188} INFO - [2025-09-16T07:11:56.002+0000] {dag.py:3089} INFO - Sync 1 DAGs
[2025-09-16T07:11:56.008+0000] {logging_mixin.py:188} INFO - [2025-09-16T07:11:56.008+0000] {dag.py:3947} INFO - Setting next_dagrun for espn_news_pipeline to 2025-09-12 00:00:00+00:00, run_after=2025-09-15 00:00:00+00:00
[2025-09-16T07:11:56.020+0000] {processor.py:183} INFO - Processing /opt/airflow/dags/news_pipeline.py took 0.285 seconds
[2025-09-16T07:12:26.230+0000] {processor.py:161} INFO - Started process (PID=109) to work on /opt/airflow/dags/news_pipeline.py
[2025-09-16T07:12:26.230+0000] {processor.py:830} INFO - Processing file /opt/airflow/dags/news_pipeline.py for tasks to queue
[2025-09-16T07:12:26.231+0000] {logging_mixin.py:188} INFO - [2025-09-16T07:12:26.231+0000] {dagbag.py:545} INFO - Filling up the DagBag from /opt/airflow/dags/news_pipeline.py
[2025-09-16T07:12:26.236+0000] {processor.py:840} INFO - DAG(s) 'espn_news_pipeline' retrieved from /opt/airflow/dags/news_pipeline.py
[2025-09-16T07:12:26.247+0000] {logging_mixin.py:188} INFO - [2025-09-16T07:12:26.247+0000] {dag.py:3089} INFO - Sync 1 DAGs
[2025-09-16T07:12:26.254+0000] {logging_mixin.py:188} INFO - [2025-09-16T07:12:26.254+0000] {dag.py:3947} INFO - Setting next_dagrun for espn_news_pipeline to 2025-09-12 00:00:00+00:00, run_after=2025-09-15 00:00:00+00:00
[2025-09-16T07:12:26.266+0000] {processor.py:183} INFO - Processing /opt/airflow/dags/news_pipeline.py took 0.040 seconds
[2025-09-16T07:12:56.455+0000] {processor.py:161} INFO - Started process (PID=162) to work on /opt/airflow/dags/news_pipeline.py
[2025-09-16T07:12:56.457+0000] {processor.py:830} INFO - Processing file /opt/airflow/dags/news_pipeline.py for tasks to queue
[2025-09-16T07:12:56.462+0000] {logging_mixin.py:188} INFO - [2025-09-16T07:12:56.461+0000] {dagbag.py:545} INFO - Filling up the DagBag from /opt/airflow/dags/news_pipeline.py
[2025-09-16T07:12:56.484+0000] {processor.py:840} INFO - DAG(s) 'espn_news_pipeline' retrieved from /opt/airflow/dags/news_pipeline.py
[2025-09-16T07:12:56.560+0000] {logging_mixin.py:188} INFO - [2025-09-16T07:12:56.560+0000] {dag.py:3089} INFO - Sync 1 DAGs
[2025-09-16T07:12:56.577+0000] {logging_mixin.py:188} INFO - [2025-09-16T07:12:56.577+0000] {dag.py:3947} INFO - Setting next_dagrun for espn_news_pipeline to 2025-09-15 00:00:00+00:00, run_after=2025-09-18 00:00:00+00:00
[2025-09-16T07:12:56.591+0000] {processor.py:183} INFO - Processing /opt/airflow/dags/news_pipeline.py took 0.150 seconds
[2025-09-16T07:13:26.773+0000] {processor.py:161} INFO - Started process (PID=163) to work on /opt/airflow/dags/news_pipeline.py
[2025-09-16T07:13:26.775+0000] {processor.py:830} INFO - Processing file /opt/airflow/dags/news_pipeline.py for tasks to queue
[2025-09-16T07:13:26.787+0000] {logging_mixin.py:188} INFO - [2025-09-16T07:13:26.784+0000] {dagbag.py:545} INFO - Filling up the DagBag from /opt/airflow/dags/news_pipeline.py
[2025-09-16T07:13:26.811+0000] {processor.py:840} INFO - DAG(s) 'espn_news_pipeline' retrieved from /opt/airflow/dags/news_pipeline.py
[2025-09-16T07:13:26.844+0000] {logging_mixin.py:188} INFO - [2025-09-16T07:13:26.844+0000] {dag.py:3089} INFO - Sync 1 DAGs
[2025-09-16T07:13:26.859+0000] {logging_mixin.py:188} INFO - [2025-09-16T07:13:26.859+0000] {dag.py:3947} INFO - Setting next_dagrun for espn_news_pipeline to 2025-09-15 00:00:00+00:00, run_after=2025-09-18 00:00:00+00:00
[2025-09-16T07:13:26.873+0000] {processor.py:183} INFO - Processing /opt/airflow/dags/news_pipeline.py took 0.111 seconds
[2025-09-16T07:13:57.114+0000] {processor.py:161} INFO - Started process (PID=164) to work on /opt/airflow/dags/news_pipeline.py
[2025-09-16T07:13:57.117+0000] {processor.py:830} INFO - Processing file /opt/airflow/dags/news_pipeline.py for tasks to queue
[2025-09-16T07:13:57.121+0000] {logging_mixin.py:188} INFO - [2025-09-16T07:13:57.120+0000] {dagbag.py:545} INFO - Filling up the DagBag from /opt/airflow/dags/news_pipeline.py
[2025-09-16T07:13:57.139+0000] {processor.py:840} INFO - DAG(s) 'espn_news_pipeline' retrieved from /opt/airflow/dags/news_pipeline.py
[2025-09-16T07:13:57.172+0000] {logging_mixin.py:188} INFO - [2025-09-16T07:13:57.172+0000] {dag.py:3089} INFO - Sync 1 DAGs
[2025-09-16T07:13:57.186+0000] {logging_mixin.py:188} INFO - [2025-09-16T07:13:57.186+0000] {dag.py:3947} INFO - Setting next_dagrun for espn_news_pipeline to 2025-09-15 00:00:00+00:00, run_after=2025-09-18 00:00:00+00:00
[2025-09-16T07:13:57.205+0000] {processor.py:183} INFO - Processing /opt/airflow/dags/news_pipeline.py took 0.109 seconds
