[2025-09-21T07:31:58.324+0000] {local_task_job_runner.py:120} INFO - ::group::Pre task execution logs
[2025-09-21T07:31:58.332+0000] {taskinstance.py:2076} INFO - Dependencies all met for dep_context=non-requeueable deps ti=<TaskInstance: espn_news_pipeline.dbt_setup manual__2025-09-21T07:31:50.389205+00:00 [queued]>
[2025-09-21T07:31:58.335+0000] {taskinstance.py:2076} INFO - Dependencies all met for dep_context=requeueable deps ti=<TaskInstance: espn_news_pipeline.dbt_setup manual__2025-09-21T07:31:50.389205+00:00 [queued]>
[2025-09-21T07:31:58.335+0000] {taskinstance.py:2306} INFO - Starting attempt 1 of 1
[2025-09-21T07:31:58.339+0000] {taskinstance.py:2330} INFO - Executing <Task(BashOperator): dbt_setup> on 2025-09-21 07:31:50.389205+00:00
[2025-09-21T07:31:58.341+0000] {standard_task_runner.py:64} INFO - Started process 138 to run task
[2025-09-21T07:31:58.342+0000] {standard_task_runner.py:90} INFO - Running: ['airflow', 'tasks', 'run', 'espn_news_pipeline', 'dbt_setup', 'manual__2025-09-21T07:31:50.389205+00:00', '--job-id', '26', '--raw', '--subdir', 'DAGS_FOLDER/news_pipeline.py', '--cfg-path', '/tmp/tmpgr2jrj5d']
[2025-09-21T07:31:58.343+0000] {standard_task_runner.py:91} INFO - Job 26: Subtask dbt_setup
[2025-09-21T07:31:58.355+0000] {task_command.py:426} INFO - Running <TaskInstance: espn_news_pipeline.dbt_setup manual__2025-09-21T07:31:50.389205+00:00 [running]> on host 11a2a2c2ea7e
[2025-09-21T07:31:58.375+0000] {taskinstance.py:2648} INFO - Exporting env vars: AIRFLOW_CTX_DAG_OWNER='airflow' AIRFLOW_CTX_DAG_ID='espn_news_pipeline' AIRFLOW_CTX_TASK_ID='dbt_setup' AIRFLOW_CTX_EXECUTION_DATE='2025-09-21T07:31:50.389205+00:00' AIRFLOW_CTX_TRY_NUMBER='1' AIRFLOW_CTX_DAG_RUN_ID='manual__2025-09-21T07:31:50.389205+00:00'
[2025-09-21T07:31:58.376+0000] {taskinstance.py:430} INFO - ::endgroup::
[2025-09-21T07:31:58.380+0000] {subprocess.py:63} INFO - Tmp dir root location: /tmp
[2025-09-21T07:31:58.380+0000] {subprocess.py:75} INFO - Running command: ['/usr/bin/bash', '-c', 'cd $DBT_PROJECT_DIR && /home/airflow/.local/bin/dbt deps']
[2025-09-21T07:31:58.383+0000] {subprocess.py:86} INFO - Output:
[2025-09-21T07:31:59.238+0000] {subprocess.py:93} INFO - [0m07:31:59  Running with dbt=1.8.9
[2025-09-21T07:31:59.290+0000] {subprocess.py:93} INFO - [0m07:31:59  Warning: No packages were found in packages.yml
[2025-09-21T07:31:59.292+0000] {subprocess.py:93} INFO - [0m07:31:59  Warning: No packages were found in packages.yml
[2025-09-21T07:31:59.836+0000] {subprocess.py:97} INFO - Command exited with return code 0
[2025-09-21T07:31:59.836+0000] {taskinstance.py:441} INFO - ::group::Post task execution logs
[2025-09-21T07:31:59.845+0000] {taskinstance.py:1206} INFO - Marking task as SUCCESS. dag_id=espn_news_pipeline, task_id=dbt_setup, run_id=manual__2025-09-21T07:31:50.389205+00:00, execution_date=20250921T073150, start_date=20250921T073158, end_date=20250921T073159
[2025-09-21T07:31:59.860+0000] {local_task_job_runner.py:243} INFO - Task exited with return code 0
[2025-09-21T07:31:59.868+0000] {taskinstance.py:3503} INFO - 1 downstream tasks scheduled from follow-on schedule check
[2025-09-21T07:31:59.869+0000] {local_task_job_runner.py:222} INFO - ::endgroup::
