[2025-08-23T16:53:11.230+0000] {local_task_job_runner.py:123} INFO - ::group::Pre task execution logs
[2025-08-23T16:53:11.238+0000] {taskinstance.py:2612} INFO - Dependencies all met for dep_context=non-requeueable deps ti=<TaskInstance: espn_news_pipeline.dbt_setup manual__2025-08-23T16:52:58.123938+00:00 [queued]>
[2025-08-23T16:53:11.242+0000] {taskinstance.py:2612} INFO - Dependencies all met for dep_context=requeueable deps ti=<TaskInstance: espn_news_pipeline.dbt_setup manual__2025-08-23T16:52:58.123938+00:00 [queued]>
[2025-08-23T16:53:11.242+0000] {taskinstance.py:2865} INFO - Starting attempt 1 of 1
[2025-08-23T16:53:11.248+0000] {taskinstance.py:2888} INFO - Executing <Task(BashOperator): dbt_setup> on 2025-08-23 16:52:58.123938+00:00
[2025-08-23T16:53:11.251+0000] {standard_task_runner.py:72} INFO - Started process 1978 to run task
[2025-08-23T16:53:11.253+0000] {standard_task_runner.py:104} INFO - Running: ['***', 'tasks', 'run', 'espn_news_pipeline', 'dbt_setup', 'manual__2025-08-23T16:52:58.123938+00:00', '--job-id', '42', '--raw', '--subdir', 'DAGS_FOLDER/news_pipeline.py', '--cfg-path', '/tmp/tmp_jw_smy_']
[2025-08-23T16:53:11.254+0000] {standard_task_runner.py:105} INFO - Job 42: Subtask dbt_setup
[2025-08-23T16:53:11.281+0000] {task_command.py:467} INFO - Running <TaskInstance: espn_news_pipeline.dbt_setup manual__2025-08-23T16:52:58.123938+00:00 [running]> on host 9594dc760a36
[2025-08-23T16:53:11.320+0000] {taskinstance.py:3131} INFO - Exporting env vars: AIRFLOW_CTX_DAG_OWNER='***' AIRFLOW_CTX_DAG_ID='espn_news_pipeline' AIRFLOW_CTX_TASK_ID='dbt_setup' AIRFLOW_CTX_EXECUTION_DATE='2025-08-23T16:52:58.123938+00:00' AIRFLOW_CTX_TRY_NUMBER='1' AIRFLOW_CTX_DAG_RUN_ID='manual__2025-08-23T16:52:58.123938+00:00'
[2025-08-23T16:53:11.321+0000] {taskinstance.py:731} INFO - ::endgroup::
[2025-08-23T16:53:11.326+0000] {subprocess.py:63} INFO - Tmp dir root location: /tmp
[2025-08-23T16:53:11.327+0000] {subprocess.py:75} INFO - Running command: ['/usr/bin/bash', '-c', 'cd $DBT_PROJECT_DIR && /home/***/.local/bin/dbt deps']
[2025-08-23T16:53:11.332+0000] {subprocess.py:86} INFO - Output:
[2025-08-23T16:53:12.422+0000] {subprocess.py:93} INFO - [0m16:53:12  Running with dbt=1.8.6
[2025-08-23T16:53:12.494+0000] {subprocess.py:93} INFO - [0m16:53:12  Warning: No packages were found in packages.yml
[2025-08-23T16:53:12.497+0000] {subprocess.py:93} INFO - [0m16:53:12  Warning: No packages were found in packages.yml
[2025-08-23T16:53:12.990+0000] {subprocess.py:97} INFO - Command exited with return code 0
[2025-08-23T16:53:13.015+0000] {taskinstance.py:340} INFO - ::group::Post task execution logs
[2025-08-23T16:53:13.016+0000] {taskinstance.py:352} INFO - Marking task as SUCCESS. dag_id=espn_news_pipeline, task_id=dbt_setup, run_id=manual__2025-08-23T16:52:58.123938+00:00, execution_date=20250823T165258, start_date=20250823T165311, end_date=20250823T165313
[2025-08-23T16:53:13.071+0000] {local_task_job_runner.py:266} INFO - Task exited with return code 0
[2025-08-23T16:53:13.103+0000] {taskinstance.py:3900} INFO - 1 downstream tasks scheduled from follow-on schedule check
[2025-08-23T16:53:13.104+0000] {local_task_job_runner.py:245} INFO - ::endgroup::
